#
# There is insufficient memory for the Java Runtime Environment to continue.
# Native memory allocation (mmap) failed to map 62914560 bytes for G1 virtual space
# Possible reasons:
#   The system is out of physical RAM or swap space
#   The process is running with CompressedOops enabled, and the Java Heap may be blocking the growth of the native heap
# Possible solutions:
#   Reduce memory load on the system
#   Increase physical memory or swap space
#   Check if swap backing store is full
#   Decrease Java heap size (-Xmx/-Xms)
#   Decrease number of Java threads
#   Decrease Java thread stack sizes (-Xss)
#   Set larger code cache with -XX:ReservedCodeCacheSize=
#   JVM is running with Zero Based Compressed Oops mode in which the Java heap is
#     placed in the first 32GB address space. The Java Heap base address is the
#     maximum limit for the native heap growth. Please use -XX:HeapBaseMinAddress
#     to set the Java Heap base and to place the Java Heap above 32GB virtual address.
# This output file may be truncated or incomplete.
#
#  Out of Memory Error (os_windows.cpp:3527), pid=6932, tid=20044
#
# JRE version: Java(TM) SE Runtime Environment (19.0.1+10) (build 19.0.1+10-21)
# Java VM: Java HotSpot(TM) 64-Bit Server VM (19.0.1+10-21, mixed mode, sharing, tiered, compressed oops, compressed class ptrs, g1 gc, windows-amd64)
# No core dump will be written. Minidumps are not enabled by default on client versions of Windows
#

---------------  S U M M A R Y ------------

Command Line: -javaagent:D:\Programs Files\IntelliJ IDEA Community Edition 2023.3.4\lib\idea_rt.jar=58904:D:\Programs Files\IntelliJ IDEA Community Edition 2023.3.4\bin -Dfile.encoding=UTF-8 -Dsun.stdout.encoding=UTF-8 -Dsun.stderr.encoding=UTF-8 com.hackacode.gestionPaqSer.GestionPaqSerApplication

Host: Intel(R) Core(TM) i7-7500U CPU @ 2.70GHz, 4 cores, 15G,  Windows 10 , 64 bit Build 19041 (10.0.19041.3636)
Time: Wed Mar 13 18:45:43 2024 Central Daylight Time elapsed time: 16.116425 seconds (0d 0h 0m 16s)

---------------  T H R E A D  ---------------

Current thread (0x00000178effacb10):  VMThread "VM Thread" [stack: 0x0000005a94200000,0x0000005a94300000] [id=20044]

Stack: [0x0000005a94200000,0x0000005a94300000]
Native frames: (J=compiled Java code, j=interpreted, Vv=VM code, C=native code)
V  [jvm.dll+0x6ee8fa]
V  [jvm.dll+0x857a1e]
V  [jvm.dll+0x85940e]
V  [jvm.dll+0x859ac3]
V  [jvm.dll+0x28291f]
V  [jvm.dll+0x6eb6e9]
V  [jvm.dll+0x6e028a]
V  [jvm.dll+0x357136]
V  [jvm.dll+0x35eb96]
V  [jvm.dll+0x3b555e]
V  [jvm.dll+0x3b578f]
V  [jvm.dll+0x32c6ea]
V  [jvm.dll+0x32c797]
V  [jvm.dll+0x374b52]
V  [jvm.dll+0x37328f]
V  [jvm.dll+0x32bf10]
V  [jvm.dll+0x37282b]
V  [jvm.dll+0x85ef83]
V  [jvm.dll+0x85fd49]
V  [jvm.dll+0x86027d]
V  [jvm.dll+0x86070b]
V  [jvm.dll+0x8607c7]
V  [jvm.dll+0x8015fa]
V  [jvm.dll+0x6ed5eb]
C  [ucrtbase.dll+0x21bb2]
C  [KERNEL32.DLL+0x17344]
C  [ntdll.dll+0x526b1]

VM_Operation (0x0000005a93cfc640): G1CollectForAllocation, mode: safepoint, requested by thread 0x00000178cd65f4e0


---------------  P R O C E S S  ---------------

Threads class SMR info:
_java_thread_list=0x00000178f8e282f0, length=20, elements={
0x00000178cd65f4e0, 0x00000178effc9560, 0x00000178effcac90, 0x00000178effcbfe0,
0x00000178effce460, 0x00000178effd64c0, 0x00000178effd4f80, 0x00000178effd2750,
0x00000178effd9af0, 0x00000178effd3f90, 0x00000178effd54d0, 0x00000178effd74b0,
0x00000178effd6f60, 0x00000178f7715b40, 0x00000178f770f650, 0x00000178f770fba0,
0x00000178f7713610, 0x00000178f770e110, 0x00000178f77100f0, 0x00000178f4deccd0
}

Java Threads: ( => current thread )
  0x00000178cd65f4e0 JavaThread "main" [_thread_blocked, id=22548, stack(0x0000005a93c00000,0x0000005a93d00000)]
  0x00000178effc9560 JavaThread "Reference Handler" daemon [_thread_blocked, id=13984, stack(0x0000005a94300000,0x0000005a94400000)]
  0x00000178effcac90 JavaThread "Finalizer" daemon [_thread_blocked, id=9316, stack(0x0000005a94400000,0x0000005a94500000)]
  0x00000178effcbfe0 JavaThread "Signal Dispatcher" daemon [_thread_blocked, id=18096, stack(0x0000005a94500000,0x0000005a94600000)]
  0x00000178effce460 JavaThread "Attach Listener" daemon [_thread_blocked, id=19224, stack(0x0000005a94600000,0x0000005a94700000)]
  0x00000178effd64c0 JavaThread "Service Thread" daemon [_thread_blocked, id=25556, stack(0x0000005a94700000,0x0000005a94800000)]
  0x00000178effd4f80 JavaThread "Monitor Deflation Thread" daemon [_thread_blocked, id=22788, stack(0x0000005a94800000,0x0000005a94900000)]
  0x00000178effd2750 JavaThread "C2 CompilerThread0" daemon [_thread_blocked, id=23060, stack(0x0000005a94900000,0x0000005a94a00000)]
  0x00000178effd9af0 JavaThread "C1 CompilerThread0" daemon [_thread_blocked, id=1304, stack(0x0000005a94a00000,0x0000005a94b00000)]
  0x00000178effd3f90 JavaThread "Sweeper thread" daemon [_thread_blocked, id=19508, stack(0x0000005a94b00000,0x0000005a94c00000)]
  0x00000178effd54d0 JavaThread "Common-Cleaner" daemon [_thread_blocked, id=5980, stack(0x0000005a94c00000,0x0000005a94d00000)]
  0x00000178effd74b0 JavaThread "Monitor Ctrl-Break" daemon [_thread_in_native, id=10108, stack(0x0000005a95000000,0x0000005a95100000)]
  0x00000178effd6f60 JavaThread "Notification Thread" daemon [_thread_blocked, id=14868, stack(0x0000005a95100000,0x0000005a95200000)]
  0x00000178f7715b40 JavaThread "Catalina-utility-1" [_thread_blocked, id=22068, stack(0x0000005a95600000,0x0000005a95700000)]
  0x00000178f770f650 JavaThread "Catalina-utility-2" [_thread_blocked, id=13260, stack(0x0000005a95700000,0x0000005a95800000)]
  0x00000178f770fba0 JavaThread "container-0" [_thread_blocked, id=24988, stack(0x0000005a95800000,0x0000005a95900000)]
  0x00000178f7713610 JavaThread "mysql-cj-abandoned-connection-cleanup" daemon [_thread_blocked, id=19388, stack(0x0000005a95900000,0x0000005a95a00000)]
  0x00000178f770e110 JavaThread "HikariPool-1 housekeeper" daemon [_thread_blocked, id=2712, stack(0x0000005a95a00000,0x0000005a95b00000)]
  0x00000178f77100f0 JavaThread "HikariPool-1 connection adder" daemon [_thread_blocked, id=21768, stack(0x0000005a95b00000,0x0000005a95c00000)]
  0x00000178f4deccd0 JavaThread "C2 CompilerThread1" daemon [_thread_blocked, id=2520, stack(0x0000005a95300000,0x0000005a95400000)]

Other Threads:
=>0x00000178effacb10 VMThread "VM Thread" [stack: 0x0000005a94200000,0x0000005a94300000] [id=20044]
  0x00000178f4b340d0 WatcherThread "VM Periodic Task Thread" [stack: 0x0000005a95200000,0x0000005a95300000] [id=1308]
  0x00000178cd6ce710 WorkerThread "GC Thread#0" [stack: 0x0000005a93d00000,0x0000005a93e00000] [id=3156]
  0x00000178f48090a0 WorkerThread "GC Thread#1" [stack: 0x0000005a94d00000,0x0000005a94e00000] [id=16592]
  0x00000178f4809370 WorkerThread "GC Thread#2" [stack: 0x0000005a94e00000,0x0000005a94f00000] [id=16140]
  0x00000178f4809640 WorkerThread "GC Thread#3" [stack: 0x0000005a94f00000,0x0000005a95000000] [id=11160]
  0x00000178cd6e03a0 ConcurrentGCThread "G1 Main Marker" [stack: 0x0000005a93e00000,0x0000005a93f00000] [id=20496]
  0x00000178cd6e0e80 WorkerThread "G1 Conc#0" [stack: 0x0000005a93f00000,0x0000005a94000000] [id=10084]
  0x00000178efe6c420 ConcurrentGCThread "G1 Refine#0" [stack: 0x0000005a94000000,0x0000005a94100000] [id=11452]
  0x00000178efe6d010 ConcurrentGCThread "G1 Service" [stack: 0x0000005a94100000,0x0000005a94200000] [id=24512]

Threads with active compile tasks:
C2 CompilerThread0    16214 6524       4       org.aspectj.weaver.patterns.ExactAnnotationTypePattern::matches (782 bytes)
C2 CompilerThread1    16214 6736   !   4       org.aspectj.weaver.World::resolve (297 bytes)

VM state: at safepoint (normal execution)

VM Mutex/Monitor currently owned by a thread:  ([mutex/lock_event])
[0x00000178cd65b320] Threads_lock - owner thread: 0x00000178effacb10
[0x00000178cd65b3b0] Heap_lock - owner thread: 0x00000178cd65f4e0

Heap address: 0x0000000701e00000, size: 4066 MB, Compressed Oops mode: Zero based, Oop shift amount: 3

CDS archive(s) mapped at: [0x0000000800000000-0x0000000800c40000-0x0000000800c40000), size 12845056, SharedBaseAddress: 0x0000000800000000, ArchiveRelocationMode: 0.
Compressed class space mapped at: 0x0000000801000000-0x0000000841000000, reserved size: 1073741824
Narrow klass base: 0x0000000800000000, Narrow klass shift: 0, Narrow klass range: 0x100000000

GC Precious Log:
 CardTable entry size: 512
 Card Set container configuration: InlinePtr #cards 4 size 8 Array Of Cards #cards 16 size 48 Howl #buckets 8 coarsen threshold 3686 Howl Bitmap #cards 512 size 80 coarsen threshold 460 Card regions per heap region 1 cards per card region 4096
 CPUs: 4 total, 4 available
 Memory: 16256M
 Large Page Support: Disabled
 NUMA Support: Disabled
 Compressed Oops: Enabled (Zero based)
 Heap Region Size: 2M
 Heap Min Capacity: 8M
 Heap Initial Capacity: 256M
 Heap Max Capacity: 4066M
 Pre-touch: Disabled
 Parallel Workers: 4
 Concurrent Workers: 1
 Concurrent Refinement Workers: 4
 Periodic GC: Disabled

Heap:
 garbage-first heap   total 90112K, used 33811K [0x0000000701e00000, 0x0000000800000000)
  region size 2048K, 2 young (4096K), 2 survivors (4096K)
 Metaspace       used 70322K, committed 70976K, reserved 1114112K
  class space    used 9034K, committed 9344K, reserved 1048576K

Heap Regions: E=young(eden), S=young(survivor), O=old, HS=humongous(starts), HC=humongous(continues), CS=collection set, F=free, OA=open archive, CA=closed archive, TAMS=top-at-mark-start (previous, next)
|   0|0x0000000701e00000, 0x0000000702000000, 0x0000000702000000|100%| O|  |TAMS 0x0000000702000000, 0x0000000701e00000| Untracked 
|   1|0x0000000702000000, 0x0000000702200000, 0x0000000702200000|100%| O|  |TAMS 0x0000000702200000, 0x0000000702000000| Untracked 
|   2|0x0000000702200000, 0x0000000702400000, 0x0000000702400000|100%| O|  |TAMS 0x0000000702400000, 0x0000000702200000| Untracked 
|   3|0x0000000702400000, 0x0000000702600000, 0x0000000702600000|100%| O|  |TAMS 0x0000000702600000, 0x0000000702400000| Untracked 
|   4|0x0000000702600000, 0x0000000702800000, 0x0000000702800000|100%| O|  |TAMS 0x0000000702800000, 0x0000000702600000| Untracked 
|   5|0x0000000702800000, 0x0000000702a00000, 0x0000000702a00000|100%| O|  |TAMS 0x0000000702a00000, 0x0000000702800000| Untracked 
|   6|0x0000000702a00000, 0x0000000702c00000, 0x0000000702c00000|100%| O|  |TAMS 0x0000000702c00000, 0x0000000702a00000| Untracked 
|   7|0x0000000702c00000, 0x0000000702e00000, 0x0000000702e00000|100%| O|  |TAMS 0x0000000702e00000, 0x0000000702c00000| Untracked 
|   8|0x0000000702e00000, 0x0000000702e00000, 0x0000000703000000|  0%| F|  |TAMS 0x0000000702e00000, 0x0000000702e00000| Untracked 
|   9|0x0000000703000000, 0x0000000703200000, 0x0000000703200000|100%| O|  |TAMS 0x0000000703000000, 0x0000000703000000| Untracked 
|  10|0x0000000703200000, 0x0000000703400000, 0x0000000703400000|100%| O|  |TAMS 0x0000000703400000, 0x0000000703200000| Untracked 
|  11|0x0000000703400000, 0x0000000703600000, 0x0000000703600000|100%| O|  |TAMS 0x0000000703600000, 0x0000000703400000| Untracked 
|  12|0x0000000703600000, 0x0000000703800000, 0x0000000703800000|100%| O|  |TAMS 0x0000000703800000, 0x0000000703600000| Untracked 
|  13|0x0000000703800000, 0x0000000703a00000, 0x0000000703a00000|100%| O|  |TAMS 0x00000007038aca00, 0x0000000703800000| Untracked 
|  14|0x0000000703a00000, 0x0000000703c00000, 0x0000000703c00000|100%| O|  |TAMS 0x0000000703a00000, 0x0000000703a00000| Untracked 
|  15|0x0000000703c00000, 0x0000000703e00000, 0x0000000703e00000|100%| O|  |TAMS 0x0000000703c00000, 0x0000000703c00000| Untracked 
|  16|0x0000000703e00000, 0x0000000703ef5a00, 0x0000000704000000| 47%| O|  |TAMS 0x0000000703e00000, 0x0000000703e00000| Untracked 
|  17|0x0000000704000000, 0x0000000704000000, 0x0000000704200000|  0%| F|  |TAMS 0x0000000704000000, 0x0000000704000000| Untracked 
|  18|0x0000000704200000, 0x0000000704200000, 0x0000000704400000|  0%| F|  |TAMS 0x0000000704200000, 0x0000000704200000| Untracked 
|  19|0x0000000704400000, 0x0000000704400000, 0x0000000704600000|  0%| F|  |TAMS 0x0000000704400000, 0x0000000704400000| Untracked 
|  20|0x0000000704600000, 0x0000000704600000, 0x0000000704800000|  0%| F|  |TAMS 0x0000000704600000, 0x0000000704600000| Untracked 
|  21|0x0000000704800000, 0x0000000704800000, 0x0000000704a00000|  0%| F|  |TAMS 0x0000000704800000, 0x0000000704800000| Untracked 
|  22|0x0000000704a00000, 0x0000000704a00000, 0x0000000704c00000|  0%| F|  |TAMS 0x0000000704a00000, 0x0000000704a00000| Untracked 
|  23|0x0000000704c00000, 0x0000000704c0f548, 0x0000000704e00000|  2%| S|CS|TAMS 0x0000000704c00000, 0x0000000704c00000| Complete 
|  24|0x0000000704e00000, 0x0000000705000000, 0x0000000705000000|100%| S|CS|TAMS 0x0000000704e00000, 0x0000000704e00000| Complete 
|  25|0x0000000705000000, 0x0000000705000000, 0x0000000705200000|  0%| F|  |TAMS 0x0000000705000000, 0x0000000705000000| Untracked 
|  26|0x0000000705200000, 0x0000000705200000, 0x0000000705400000|  0%| F|  |TAMS 0x0000000705200000, 0x0000000705200000| Untracked 
|  27|0x0000000705400000, 0x0000000705400000, 0x0000000705600000|  0%| F|  |TAMS 0x0000000705400000, 0x0000000705400000| Untracked 
|  28|0x0000000705600000, 0x0000000705600000, 0x0000000705800000|  0%| F|  |TAMS 0x0000000705600000, 0x0000000705600000| Untracked 
|  29|0x0000000705800000, 0x0000000705800000, 0x0000000705a00000|  0%| F|  |TAMS 0x0000000705800000, 0x0000000705800000| Untracked 
|  30|0x0000000705a00000, 0x0000000705a00000, 0x0000000705c00000|  0%| F|  |TAMS 0x0000000705a00000, 0x0000000705a00000| Untracked 
|  31|0x0000000705c00000, 0x0000000705c00000, 0x0000000705e00000|  0%| F|  |TAMS 0x0000000705c00000, 0x0000000705c00000| Untracked 
|  32|0x0000000705e00000, 0x0000000705e00000, 0x0000000706000000|  0%| F|  |TAMS 0x0000000705e00000, 0x0000000705e00000| Untracked 
|  33|0x0000000706000000, 0x0000000706000000, 0x0000000706200000|  0%| F|  |TAMS 0x0000000706000000, 0x0000000706000000| Untracked 
|  34|0x0000000706200000, 0x0000000706200000, 0x0000000706400000|  0%| F|  |TAMS 0x0000000706200000, 0x0000000706200000| Untracked 
|  35|0x0000000706400000, 0x0000000706400000, 0x0000000706600000|  0%| F|  |TAMS 0x0000000706400000, 0x0000000706400000| Untracked 
|  36|0x0000000706600000, 0x0000000706600000, 0x0000000706800000|  0%| F|  |TAMS 0x0000000706600000, 0x0000000706600000| Untracked 
|  37|0x0000000706800000, 0x0000000706800000, 0x0000000706a00000|  0%| F|  |TAMS 0x0000000706800000, 0x0000000706800000| Untracked 
|  38|0x0000000706a00000, 0x0000000706a00000, 0x0000000706c00000|  0%| F|  |TAMS 0x0000000706a00000, 0x0000000706a00000| Untracked 
|  39|0x0000000706c00000, 0x0000000706c00000, 0x0000000706e00000|  0%| F|  |TAMS 0x0000000706c00000, 0x0000000706c00000| Untracked 
|  40|0x0000000706e00000, 0x0000000706e00000, 0x0000000707000000|  0%| F|  |TAMS 0x0000000706e00000, 0x0000000706e00000| Untracked 
|  71|0x000000070ac00000, 0x000000070ac00000, 0x000000070ae00000|  0%| F|  |TAMS 0x000000070ac00000, 0x000000070ac00000| Untracked 
|  72|0x000000070ae00000, 0x000000070ae00000, 0x000000070b000000|  0%| F|  |TAMS 0x000000070ae00000, 0x000000070ae00000| Untracked 
| 127|0x0000000711c00000, 0x0000000711c00000, 0x0000000711e00000|  0%| F|  |TAMS 0x0000000711c00000, 0x0000000711c00000| Untracked 

Card table byte_map: [0x00000178e4db0000,0x00000178e55b0000] _byte_map_base: 0x00000178e15a1000

Marking Bits (Prev, Next): (CMBitMap*) 0x00000178cd6cfca0, (CMBitMap*) 0x00000178cd6cfc60
 Prev Bits: [0x00000178e9d40000, 0x00000178edcc8000)
 Next Bits: [0x00000178e5db0000, 0x00000178e9d38000)

Polling page: 0x00000178cb490000

Metaspace:

Usage:
  Non-class:     59.85 MB used.
      Class:      8.82 MB used.
       Both:     68.67 MB used.

Virtual space:
  Non-class space:       64.00 MB reserved,      60.19 MB ( 94%) committed,  1 nodes.
      Class space:        1.00 GB reserved,       9.12 MB ( <1%) committed,  1 nodes.
             Both:        1.06 GB reserved,      69.31 MB (  6%) committed. 

Chunk freelists:
   Non-Class:  3.30 MB
       Class:  2.82 MB
        Both:  6.12 MB

MaxMetaspaceSize: unlimited
CompressedClassSpaceSize: 1.00 GB
Initial GC threshold: 21.00 MB
Current GC threshold: 99.38 MB
CDS: on
MetaspaceReclaimPolicy: balanced
 - commit_granule_bytes: 65536.
 - commit_granule_words: 8192.
 - virtual_space_node_default_size: 8388608.
 - enlarge_chunks_in_place: 1.
 - new_chunks_are_fully_committed: 0.
 - uncommit_free_chunks: 1.
 - use_allocation_guard: 0.


Internal statistics:

num_allocs_failed_limit: 12.
num_arena_births: 894.
num_arena_deaths: 0.
num_vsnodes_births: 2.
num_vsnodes_deaths: 0.
num_space_committed: 1109.
num_space_uncommitted: 0.
num_chunks_returned_to_freelist: 12.
num_chunks_taken_from_freelist: 3262.
num_chunk_merges: 12.
num_chunk_splits: 2400.
num_chunks_enlarged: 1960.
num_inconsistent_stats: 0.

CodeHeap 'non-profiled nmethods': size=120000Kb used=3852Kb max_used=3852Kb free=116147Kb
 bounds [0x00000178dd080000, 0x00000178dd450000, 0x00000178e45b0000]
CodeHeap 'profiled nmethods': size=120000Kb used=12298Kb max_used=12298Kb free=107701Kb
 bounds [0x00000178d55b0000, 0x00000178d61c0000, 0x00000178dcae0000]
CodeHeap 'non-nmethods': size=5760Kb used=1469Kb max_used=1601Kb free=4291Kb
 bounds [0x00000178dcae0000, 0x00000178dcd50000, 0x00000178dd080000]
 total_blobs=6628 nmethods=5899 adapters=639
 compilation: enabled
              stopped_count=0, restarted_count=0
 full_count=0

Compilation events (20 events):
Event: 16.063 Thread 0x00000178effd9af0 6746   !   2       jdk.proxy2.$Proxy2::annotationType (29 bytes)
Event: 16.063 Thread 0x00000178effd9af0 nmethod 6746 0x00000178d61b0e90 code [0x00000178d61b1060, 0x00000178d61b12d8]
Event: 16.091 Thread 0x00000178effd9af0 6747       2       java.lang.invoke.LambdaForm::<init> (13 bytes)
Event: 16.091 Thread 0x00000178effd9af0 nmethod 6747 0x00000178d61b1490 code [0x00000178d61b1640, 0x00000178d61b1788]
Event: 16.092 Thread 0x00000178effd9af0 6748       2       java.lang.invoke.LambdaFormBuffer::replaceParameterByCopy (38 bytes)
Event: 16.092 Thread 0x00000178effd9af0 nmethod 6748 0x00000178d61b1810 code [0x00000178d61b19c0, 0x00000178d61b1b58]
Event: 16.092 Thread 0x00000178effd9af0 6749       2       java.lang.invoke.LambdaFormBuffer::noteDuplicate (115 bytes)
Event: 16.093 Thread 0x00000178effd9af0 nmethod 6749 0x00000178d61b1c90 code [0x00000178d61b1e60, 0x00000178d61b2288]
Event: 16.093 Thread 0x00000178effd9af0 6750       2       java.lang.invoke.LambdaFormBuffer::setNames (22 bytes)
Event: 16.093 Thread 0x00000178effd9af0 nmethod 6750 0x00000178d61b2490 code [0x00000178d61b2640, 0x00000178d61b2818]
Event: 16.093 Thread 0x00000178effd9af0 6751       2       java.lang.invoke.LambdaFormBuffer::nameArray (15 bytes)
Event: 16.094 Thread 0x00000178effd9af0 nmethod 6751 0x00000178d61b2910 code [0x00000178d61b2ac0, 0x00000178d61b2c48]
Event: 16.096 Thread 0x00000178effd9af0 6752       1       org.springframework.beans.PropertyDescriptorUtils$BasicPropertyDescriptor::setWriteMethod (6 bytes)
Event: 16.096 Thread 0x00000178effd9af0 nmethod 6752 0x00000178dd442c90 code [0x00000178dd442e20, 0x00000178dd442f38]
Event: 16.098 Thread 0x00000178effd9af0 6754       2       java.lang.reflect.Constructor::getDeclaredAnnotations (5 bytes)
Event: 16.099 Thread 0x00000178effd9af0 nmethod 6754 0x00000178d61b2d10 code [0x00000178d61b2ee0, 0x00000178d61b30a8]
Event: 16.099 Thread 0x00000178effd9af0 6755       2       org.springframework.util.ClassUtils::isAssignableValue (34 bytes)
Event: 16.099 Thread 0x00000178effd9af0 nmethod 6755 0x00000178d61b3190 code [0x00000178d61b3340, 0x00000178d61b3578]
Event: 16.105 Thread 0x00000178effd9af0 6757       2       sun.reflect.generics.repository.GenericDeclRepository::computeTypeParameters (73 bytes)
Event: 16.105 Thread 0x00000178effd9af0 nmethod 6757 0x00000178d61b3710 code [0x00000178d61b3900, 0x00000178d61b3f58]

GC Heap History (20 events):
Event: 7.913 GC heap after
{Heap after GC invocations=8 (full 0):
 garbage-first heap   total 61440K, used 18584K [0x0000000701e00000, 0x0000000800000000)
  region size 2048K, 2 young (4096K), 2 survivors (4096K)
 Metaspace       used 27981K, committed 28352K, reserved 1114112K
  class space    used 3224K, committed 3392K, reserved 1048576K
}
Event: 8.824 GC heap before
{Heap before GC invocations=8 (full 0):
 garbage-first heap   total 61440K, used 41112K [0x0000000701e00000, 0x0000000800000000)
  region size 2048K, 13 young (26624K), 2 survivors (4096K)
 Metaspace       used 31463K, committed 31808K, reserved 1114112K
  class space    used 3690K, committed 3840K, reserved 1048576K
}
Event: 8.834 GC heap after
{Heap after GC invocations=9 (full 0):
 garbage-first heap   total 61440K, used 20312K [0x0000000701e00000, 0x0000000800000000)
  region size 2048K, 1 young (2048K), 1 survivors (2048K)
 Metaspace       used 31463K, committed 31808K, reserved 1114112K
  class space    used 3690K, committed 3840K, reserved 1048576K
}
Event: 9.694 GC heap before
{Heap before GC invocations=9 (full 0):
 garbage-first heap   total 61440K, used 42840K [0x0000000701e00000, 0x0000000800000000)
  region size 2048K, 12 young (24576K), 1 survivors (2048K)
 Metaspace       used 34564K, committed 35008K, reserved 1114112K
  class space    used 4170K, committed 4416K, reserved 1048576K
}
Event: 9.703 GC heap after
{Heap after GC invocations=10 (full 0):
 garbage-first heap   total 161792K, used 21676K [0x0000000701e00000, 0x0000000800000000)
  region size 2048K, 2 young (4096K), 2 survivors (4096K)
 Metaspace       used 34564K, committed 35008K, reserved 1114112K
  class space    used 4170K, committed 4416K, reserved 1048576K
}
Event: 10.127 GC heap before
{Heap before GC invocations=10 (full 0):
 garbage-first heap   total 161792K, used 31916K [0x0000000701e00000, 0x0000000800000000)
  region size 2048K, 8 young (16384K), 2 survivors (4096K)
 Metaspace       used 35621K, committed 36096K, reserved 1114112K
  class space    used 4298K, committed 4544K, reserved 1048576K
}
Event: 10.135 GC heap after
{Heap after GC invocations=11 (full 0):
 garbage-first heap   total 161792K, used 22587K [0x0000000701e00000, 0x0000000800000000)
  region size 2048K, 2 young (4096K), 2 survivors (4096K)
 Metaspace       used 35621K, committed 36096K, reserved 1114112K
  class space    used 4298K, committed 4544K, reserved 1048576K
}
Event: 11.977 GC heap before
{Heap before GC invocations=12 (full 0):
 garbage-first heap   total 90112K, used 71739K [0x0000000701e00000, 0x0000000800000000)
  region size 2048K, 26 young (53248K), 2 survivors (4096K)
 Metaspace       used 42158K, committed 42688K, reserved 1114112K
  class space    used 5092K, committed 5312K, reserved 1048576K
}
Event: 11.994 GC heap after
{Heap after GC invocations=13 (full 0):
 garbage-first heap   total 90112K, used 25785K [0x0000000701e00000, 0x0000000800000000)
  region size 2048K, 4 young (8192K), 4 survivors (8192K)
 Metaspace       used 42158K, committed 42688K, reserved 1114112K
  class space    used 5092K, committed 5312K, reserved 1048576K
}
Event: 12.089 GC heap before
{Heap before GC invocations=13 (full 0):
 garbage-first heap   total 90112K, used 27833K [0x0000000701e00000, 0x0000000800000000)
  region size 2048K, 5 young (10240K), 4 survivors (8192K)
 Metaspace       used 42423K, committed 42880K, reserved 1114112K
  class space    used 5131K, committed 5312K, reserved 1048576K
}
Event: 12.102 GC heap after
{Heap after GC invocations=14 (full 0):
 garbage-first heap   total 90112K, used 26467K [0x0000000701e00000, 0x0000000800000000)
  region size 2048K, 1 young (2048K), 1 survivors (2048K)
 Metaspace       used 42423K, committed 42880K, reserved 1114112K
  class space    used 5131K, committed 5312K, reserved 1048576K
}
Event: 13.449 GC heap before
{Heap before GC invocations=14 (full 0):
 garbage-first heap   total 90112K, used 63331K [0x0000000701e00000, 0x0000000800000000)
  region size 2048K, 20 young (40960K), 1 survivors (2048K)
 Metaspace       used 49666K, committed 50240K, reserved 1114112K
  class space    used 6190K, committed 6464K, reserved 1048576K
}
Event: 13.455 GC heap after
{Heap after GC invocations=15 (full 0):
 garbage-first heap   total 90112K, used 27789K [0x0000000701e00000, 0x0000000800000000)
  region size 2048K, 2 young (4096K), 2 survivors (4096K)
 Metaspace       used 49666K, committed 50240K, reserved 1114112K
  class space    used 6190K, committed 6464K, reserved 1048576K
}
Event: 14.419 GC heap before
{Heap before GC invocations=15 (full 0):
 garbage-first heap   total 90112K, used 58509K [0x0000000701e00000, 0x0000000800000000)
  region size 2048K, 18 young (36864K), 2 survivors (4096K)
 Metaspace       used 59957K, committed 60480K, reserved 1114112K
  class space    used 7552K, committed 7808K, reserved 1048576K
}
Event: 14.425 GC heap after
{Heap after GC invocations=16 (full 0):
 garbage-first heap   total 90112K, used 30507K [0x0000000701e00000, 0x0000000800000000)
  region size 2048K, 3 young (6144K), 3 survivors (6144K)
 Metaspace       used 59957K, committed 60480K, reserved 1114112K
  class space    used 7552K, committed 7808K, reserved 1048576K
}
Event: 15.383 GC heap before
{Heap before GC invocations=17 (full 0):
 garbage-first heap   total 90112K, used 67371K [0x0000000701e00000, 0x0000000800000000)
  region size 2048K, 21 young (43008K), 3 survivors (6144K)
 Metaspace       used 67867K, committed 68480K, reserved 1114112K
  class space    used 8720K, committed 8960K, reserved 1048576K
}
Event: 15.392 GC heap after
{Heap after GC invocations=18 (full 0):
 garbage-first heap   total 90112K, used 32723K [0x0000000701e00000, 0x0000000800000000)
  region size 2048K, 3 young (6144K), 3 survivors (6144K)
 Metaspace       used 67867K, committed 68480K, reserved 1114112K
  class space    used 8720K, committed 8960K, reserved 1048576K
}
Event: 15.418 GC heap before
{Heap before GC invocations=18 (full 0):
 garbage-first heap   total 90112K, used 34771K [0x0000000701e00000, 0x0000000800000000)
  region size 2048K, 4 young (8192K), 3 survivors (6144K)
 Metaspace       used 67869K, committed 68480K, reserved 1114112K
  class space    used 8720K, committed 8960K, reserved 1048576K
}
Event: 15.427 GC heap after
{Heap after GC invocations=19 (full 0):
 garbage-first heap   total 90112K, used 32619K [0x0000000701e00000, 0x0000000800000000)
  region size 2048K, 1 young (2048K), 1 survivors (2048K)
 Metaspace       used 67869K, committed 68480K, reserved 1114112K
  class space    used 8720K, committed 8960K, reserved 1048576K
}
Event: 16.107 GC heap before
{Heap before GC invocations=19 (full 0):
 garbage-first heap   total 90112K, used 69483K [0x0000000701e00000, 0x0000000800000000)
  region size 2048K, 19 young (38912K), 1 survivors (2048K)
 Metaspace       used 70322K, committed 70976K, reserved 1114112K
  class space    used 9034K, committed 9344K, reserved 1048576K
}

Dll operation events (14 events):
Event: 0.019 Loaded shared library D:\Programs Files\bin\java.dll
Event: 0.043 Loaded shared library D:\Programs Files\bin\jsvml.dll
Event: 0.491 Loaded shared library D:\Programs Files\bin\zip.dll
Event: 0.494 Loaded shared library D:\Programs Files\bin\instrument.dll
Event: 0.503 Loaded shared library D:\Programs Files\bin\net.dll
Event: 0.505 Loaded shared library D:\Programs Files\bin\nio.dll
Event: 0.509 Loaded shared library D:\Programs Files\bin\zip.dll
Event: 0.919 Loaded shared library D:\Programs Files\IntelliJ IDEA Community Edition 2023.3.4\bin\breakgen64.dll
Event: 0.955 Loaded shared library D:\Programs Files\bin\extnet.dll
Event: 1.096 Loaded shared library D:\Programs Files\bin\jimage.dll
Event: 3.620 Loaded shared library D:\Programs Files\bin\sunmscapi.dll
Event: 11.877 Loaded shared library D:\Programs Files\bin\management.dll
Event: 11.880 Loaded shared library D:\Programs Files\bin\management_ext.dll
Event: 13.183 Loaded shared library D:\Programs Files\bin\verify.dll

Deoptimization events (20 events):
Event: 15.961 Thread 0x00000178cd65f4e0 Uncommon trap: trap_request=0xffffffde fr.pc=0x00000178dd29129c relative=0x00000000000000dc
Event: 15.961 Thread 0x00000178cd65f4e0 Uncommon trap: reason=class_check action=maybe_recompile pc=0x00000178dd29129c method=org.springframework.core.SerializableTypeWrapper.unwrap(Ljava/lang/reflect/Type;)Ljava/lang/reflect/Type; @ 10 c2
Event: 15.961 Thread 0x00000178cd65f4e0 DEOPT PACKING pc=0x00000178dd29129c sp=0x0000005a93cfe010
Event: 15.962 Thread 0x00000178cd65f4e0 DEOPT UNPACKING pc=0x00000178dcb46da3 sp=0x0000005a93cfdf98 mode 2
Event: 15.962 Thread 0x00000178cd65f4e0 Uncommon trap: trap_request=0xffffffde fr.pc=0x00000178dd29129c relative=0x00000000000000dc
Event: 15.962 Thread 0x00000178cd65f4e0 Uncommon trap: reason=class_check action=maybe_recompile pc=0x00000178dd29129c method=org.springframework.core.SerializableTypeWrapper.unwrap(Ljava/lang/reflect/Type;)Ljava/lang/reflect/Type; @ 10 c2
Event: 15.962 Thread 0x00000178cd65f4e0 DEOPT PACKING pc=0x00000178dd29129c sp=0x0000005a93cfdd70
Event: 15.962 Thread 0x00000178cd65f4e0 DEOPT UNPACKING pc=0x00000178dcb46da3 sp=0x0000005a93cfdcf8 mode 2
Event: 16.001 Thread 0x00000178cd65f4e0 Uncommon trap: trap_request=0xffffff45 fr.pc=0x00000178dd3a91e4 relative=0x0000000000000304
Event: 16.001 Thread 0x00000178cd65f4e0 Uncommon trap: reason=unstable_if action=reinterpret pc=0x00000178dd3a91e4 method=jdk.internal.reflect.DirectConstructorHandleAccessor.invokeImpl([Ljava/lang/Object;)Ljava/lang/Object; @ 8 c2
Event: 16.001 Thread 0x00000178cd65f4e0 DEOPT PACKING pc=0x00000178dd3a91e4 sp=0x0000005a93cfe810
Event: 16.001 Thread 0x00000178cd65f4e0 DEOPT UNPACKING pc=0x00000178dcb46da3 sp=0x0000005a93cfe730 mode 2
Event: 16.006 Thread 0x00000178cd65f4e0 Uncommon trap: trap_request=0xffffff45 fr.pc=0x00000178dd1cca38 relative=0x0000000000001158
Event: 16.006 Thread 0x00000178cd65f4e0 Uncommon trap: reason=unstable_if action=reinterpret pc=0x00000178dd1cca38 method=java.util.concurrent.ConcurrentHashMap.transfer([Ljava/util/concurrent/ConcurrentHashMap$Node;[Ljava/util/concurrent/ConcurrentHashMap$Node;)V @ 352 c2
Event: 16.006 Thread 0x00000178cd65f4e0 DEOPT PACKING pc=0x00000178dd1cca38 sp=0x0000005a93cfe200
Event: 16.006 Thread 0x00000178cd65f4e0 DEOPT UNPACKING pc=0x00000178dcb46da3 sp=0x0000005a93cfe168 mode 2
Event: 16.021 Thread 0x00000178cd65f4e0 Uncommon trap: trap_request=0xffffffde fr.pc=0x00000178dd3d4118 relative=0x0000000000000178
Event: 16.021 Thread 0x00000178cd65f4e0 Uncommon trap: reason=class_check action=maybe_recompile pc=0x00000178dd3d4118 method=java.lang.reflect.Method.equals(Ljava/lang/Object;)Z @ 1 c2
Event: 16.021 Thread 0x00000178cd65f4e0 DEOPT PACKING pc=0x00000178dd3d4118 sp=0x0000005a93cfe660
Event: 16.021 Thread 0x00000178cd65f4e0 DEOPT UNPACKING pc=0x00000178dcb46da3 sp=0x0000005a93cfe5e8 mode 2

Classes loaded (20 events):
Event: 14.745 Loading class java/lang/reflect/AnnotatedArrayType
Event: 14.745 Loading class java/lang/reflect/AnnotatedArrayType done
Event: 15.172 Loading class javax/naming/Reference
Event: 15.172 Loading class javax/naming/Reference done
Event: 15.247 Loading class java/lang/SafeVarargs
Event: 15.247 Loading class java/lang/SafeVarargs done
Event: 15.374 Loading class java/util/concurrent/ConcurrentHashMap$TreeNode
Event: 15.374 Loading class java/util/concurrent/ConcurrentHashMap$TreeNode done
Event: 15.374 Loading class java/util/concurrent/ConcurrentHashMap$TreeBin
Event: 15.375 Loading class java/util/concurrent/ConcurrentHashMap$TreeBin done
Event: 15.698 Loading class java/util/WeakHashMap$KeyIterator
Event: 15.698 Loading class java/util/WeakHashMap$HashIterator
Event: 15.699 Loading class java/util/WeakHashMap$HashIterator done
Event: 15.699 Loading class java/util/WeakHashMap$KeyIterator done
Event: 15.699 Loading class java/util/WeakHashMap$EntrySet
Event: 15.699 Loading class java/util/WeakHashMap$EntrySet done
Event: 15.699 Loading class java/util/WeakHashMap$EntryIterator
Event: 15.699 Loading class java/util/WeakHashMap$EntryIterator done
Event: 15.765 Loading class java/lang/Package$1PackageInfoProxy
Event: 15.765 Loading class java/lang/Package$1PackageInfoProxy done

Classes unloaded (0 events):
No events

Classes redefined (0 events):
No events

Internal exceptions (20 events):
Event: 14.938 Thread 0x00000178cd65f4e0 Exception <a 'java/lang/NoSuchMethodError'{0x000000070644ef38}: 'java.lang.Object java.lang.invoke.Invokers$Holder.linkToTargetMethod(java.lang.Object, int, java.lang.Object, java.lang.Object)'> (0x000000070644ef38) 
thrown [s\open\src\hotspot\share\interpreter\linkResolver.cpp, line 774]
Event: 14.943 Thread 0x00000178cd65f4e0 Exception <a 'java/lang/NoSuchMethodError'{0x0000000706497e20}: 'void java.lang.invoke.DirectMethodHandle$Holder.invokeSpecial(java.lang.Object, java.lang.Object, java.lang.Object, java.lang.Object, java.lang.Object, java.lang.Object, java.lang.Object, java.lang.Object)'> (0x0000000706497e20) 
thrown [s\open\src\hotspot\share\interpreter\linkResolver.cpp, line 774]
Event: 14.947 Thread 0x00000178cd65f4e0 Exception <a 'java/lang/NoSuchMethodError'{0x00000007064d82c0}: 'java.lang.Object java.lang.invoke.DirectMethodHandle$Holder.newInvokeSpecial(java.lang.Object, java.lang.Object, int)'> (0x00000007064d82c0) 
thrown [s\open\src\hotspot\share\interpreter\linkResolver.cpp, line 774]
Event: 14.969 Thread 0x00000178cd65f4e0 Exception <a 'java/lang/NoSuchMethodError'{0x0000000706211c20}: 'int java.lang.invoke.DirectMethodHandle$Holder.invokeStatic(java.lang.Object, int, java.lang.Object)'> (0x0000000706211c20) 
thrown [s\open\src\hotspot\share\interpreter\linkResolver.cpp, line 774]
Event: 14.971 Thread 0x00000178cd65f4e0 Exception <a 'java/lang/NoSuchMethodError'{0x000000070622be58}: 'java.lang.Object java.lang.invoke.DirectMethodHandle$Holder.newInvokeSpecial(java.lang.Object, java.lang.Object, java.lang.Object, java.lang.Object, java.lang.Object, int, java.lang.Object)'> (0x000000070622be58) 
thrown [s\open\src\hotspot\share\interpreter\linkResolver.cpp, line 774]
Event: 14.975 Thread 0x00000178cd65f4e0 Exception <a 'java/lang/NoSuchMethodError'{0x0000000706262aa8}: 'java.lang.Object java.lang.invoke.DirectMethodHandle$Holder.newInvokeSpecial(java.lang.Object, java.lang.Object, java.lang.Object, java.lang.Object, java.lang.Object, java.lang.Object, java.lang.Object, java.lang.Object, java.lang.Object, java.lang.Object, java.lang.Object, java.lang.Object)'> (0x0000000706262aa8) 
thrown [s\open\src\hotspot\share\interpreter\linkResolver.cpp, line 774]
Event: 14.975 Thread 0x00000178cd65f4e0 Exception <a 'java/lang/NoSuchMethodError'{0x00000007062675e8}: 'java.lang.Object java.lang.invoke.DirectMethodHandle$Holder.invokeSpecial(java.lang.Object, java.lang.Object, java.lang.Object, java.lang.Object, java.lang.Object, java.lang.Object, java.lang.Object, java.lang.Object, java.lang.Object, java.lang.Object, java.lang.Object, java.lang.Object, java.lang.Object)'> (0x00000007062675e8) 
thrown [s\open\src\hotspot\share\interpreter\linkResolver.cpp, line 774]
Event: 14.975 Thread 0x00000178cd65f4e0 Exception <a 'java/lang/NoSuchMethodError'{0x000000070626bd50}: 'java.lang.Object java.lang.invoke.Invokers$Holder.linkToTargetMethod(java.lang.Object, java.lang.Object, java.lang.Object, java.lang.Object, java.lang.Object, java.lang.Object, java.lang.Object, java.lang.Object, java.lang.Object, java.lang.Object, java.lang.Object, java.lang.Object)'> (0x000000070626bd50) 
thrown [s\open\src\hotspot\share\interpreter\linkResolver.cpp, line 774]
Event: 15.013 Thread 0x00000178cd65f4e0 Exception <a 'java/lang/NoSuchMethodError'{0x000000070604c7e0}: 'java.lang.Object java.lang.invoke.DirectMethodHandle$Holder.newInvokeSpecial(java.lang.Object, java.lang.Object, java.lang.Object, java.lang.Object, java.lang.Object, java.lang.Object, java.lang.Object, int)'> (0x000000070604c7e0) 
thrown [s\open\src\hotspot\share\interpreter\linkResolver.cpp, line 774]
Event: 15.014 Thread 0x00000178cd65f4e0 Exception <a 'java/lang/NoSuchMethodError'{0x00000007060517f0}: 'java.lang.Object java.lang.invoke.DirectMethodHandle$Holder.invokeSpecial(java.lang.Object, java.lang.Object, java.lang.Object, java.lang.Object, java.lang.Object, java.lang.Object, java.lang.Object, java.lang.Object, int)'> (0x00000007060517f0) 
thrown [s\open\src\hotspot\share\interpreter\linkResolver.cpp, line 774]
Event: 15.014 Thread 0x00000178cd65f4e0 Exception <a 'java/lang/NoSuchMethodError'{0x00000007060562c8}: 'java.lang.Object java.lang.invoke.Invokers$Holder.linkToTargetMethod(java.lang.Object, java.lang.Object, java.lang.Object, java.lang.Object, java.lang.Object, java.lang.Object, int, java.lang.Object)'> (0x00000007060562c8) 
thrown [s\open\src\hotspot\share\interpreter\linkResolver.cpp, line 774]
Event: 15.031 Thread 0x00000178cd65f4e0 Exception <a 'java/lang/NoSuchMethodError'{0x00000007061148d8}: 'void java.lang.invoke.DirectMethodHandle$Holder.invokeInterface(java.lang.Object, java.lang.Object)'> (0x00000007061148d8) 
thrown [s\open\src\hotspot\share\interpreter\linkResolver.cpp, line 774]
Event: 15.036 Thread 0x00000178cd65f4e0 Exception <a 'java/lang/NoSuchMethodError'{0x00000007061463e0}: 'java.lang.Object java.lang.invoke.DirectMethodHandle$Holder.newInvokeSpecial(java.lang.Object, java.lang.Object, int, java.lang.Object, int, java.lang.Object, java.lang.Object)'> (0x00000007061463e0) 
thrown [s\open\src\hotspot\share\interpreter\linkResolver.cpp, line 774]
Event: 15.154 Thread 0x00000178cd65f4e0 Exception <a 'java/lang/NoSuchMethodError'{0x0000000705d329a0}: 'java.lang.Object java.lang.invoke.DirectMethodHandle$Holder.invokeSpecial(java.lang.Object, java.lang.Object, int, java.lang.Object, int)'> (0x0000000705d329a0) 
thrown [s\open\src\hotspot\share\interpreter\linkResolver.cpp, line 774]
Event: 15.225 Thread 0x00000178cd65f4e0 Implicit null exception at 0x00000178dd3c92e0 to 0x00000178dd3c94f0
Event: 15.375 Thread 0x00000178cd65f4e0 Exception <a 'java/lang/IncompatibleClassChangeError'{0x0000000704d68ed8}: Found class java.lang.Object, but interface was expected> (0x0000000704d68ed8) 
thrown [s\open\src\hotspot\share\interpreter\linkResolver.cpp, line 841]
Event: 15.454 Thread 0x00000178cd65f4e0 Exception <a 'java/lang/IncompatibleClassChangeError'{0x0000000711de4ea8}: Found class java.lang.Object, but interface was expected> (0x0000000711de4ea8) 
thrown [s\open\src\hotspot\share\interpreter\linkResolver.cpp, line 841]
Event: 15.524 Thread 0x00000178cd65f4e0 Exception <a 'java/lang/IncompatibleClassChangeError'{0x0000000706f4fd50}: Found class java.lang.Object, but interface was expected> (0x0000000706f4fd50) 
thrown [s\open\src\hotspot\share\interpreter\linkResolver.cpp, line 841]
Event: 15.761 Thread 0x00000178cd65f4e0 Exception <a 'java/lang/IncompatibleClassChangeError'{0x00000007069878b8}: Found class java.lang.Object, but interface was expected> (0x00000007069878b8) 
thrown [s\open\src\hotspot\share\interpreter\linkResolver.cpp, line 841]
Event: 16.099 Thread 0x00000178cd65f4e0 Exception <a 'java/lang/NoSuchMethodError'{0x0000000705150320}: 'java.lang.Object java.lang.invoke.DirectMethodHandle$Holder.newInvokeSpecial(java.lang.Object, java.lang.Object, java.lang.Object, java.lang.Object, java.lang.Object, java.lang.Object, java.lang.Object, java.lang.Object)'> (0x0000000705150320) 
thrown [s\open\src\hotspot\share\interpreter\linkResolver.cpp, line 774]

VM Operations (20 events):
Event: 15.103 Executing VM operation: HandshakeAllThreads done
Event: 15.383 Executing VM operation: G1CollectForAllocation
Event: 15.393 Executing VM operation: G1CollectForAllocation done
Event: 15.418 Executing VM operation: G1CollectForAllocation
Event: 15.427 Executing VM operation: G1CollectForAllocation done
Event: 15.490 Executing VM operation: HandshakeAllThreads
Event: 15.490 Executing VM operation: HandshakeAllThreads done
Event: 15.491 Executing VM operation: HandshakeAllThreads
Event: 15.492 Executing VM operation: HandshakeAllThreads done
Event: 15.492 Executing VM operation: HandshakeAllThreads
Event: 15.492 Executing VM operation: HandshakeAllThreads done
Event: 15.684 Executing VM operation: HandshakeAllThreads
Event: 15.684 Executing VM operation: HandshakeAllThreads done
Event: 15.805 Executing VM operation: HandshakeAllThreads
Event: 15.805 Executing VM operation: HandshakeAllThreads done
Event: 15.805 Executing VM operation: HandshakeAllThreads
Event: 15.805 Executing VM operation: HandshakeAllThreads done
Event: 15.985 Executing VM operation: ICBufferFull
Event: 15.985 Executing VM operation: ICBufferFull done
Event: 16.107 Executing VM operation: G1CollectForAllocation

Events (20 events):
Event: 10.709 Thread 0x00000178effd3f90 flushing nmethod 0x00000178d5ff5d90
Event: 10.709 Thread 0x00000178effd3f90 flushing nmethod 0x00000178d6013f90
Event: 10.710 Thread 0x00000178effd3f90 flushing nmethod 0x00000178d6027c10
Event: 10.710 Thread 0x00000178effd3f90 flushing nmethod 0x00000178d602e510
Event: 10.710 Thread 0x00000178effd3f90 flushing nmethod 0x00000178d6038c10
Event: 10.710 Thread 0x00000178effd3f90 flushing nmethod 0x00000178d603b390
Event: 10.710 Thread 0x00000178effd3f90 flushing nmethod 0x00000178d604bd90
Event: 10.710 Thread 0x00000178effd3f90 flushing nmethod 0x00000178d6068410
Event: 10.710 Thread 0x00000178effd3f90 flushing nmethod 0x00000178d6082310
Event: 12.222 Thread 0x00000178f7715b40 Thread added: 0x00000178f7715b40
Event: 12.224 Thread 0x00000178f770f650 Thread added: 0x00000178f770f650
Event: 12.233 Thread 0x00000178f770fba0 Thread added: 0x00000178f770fba0
Event: 12.351 Thread 0x00000178f7713610 Thread added: 0x00000178f7713610
Event: 13.707 Thread 0x00000178f770e110 Thread added: 0x00000178f770e110
Event: 13.824 Thread 0x00000178f77100f0 Thread added: 0x00000178f77100f0
Event: 14.427 Thread 0x00000178f761f890 Thread exited: 0x00000178f761f890
Event: 14.604 Thread 0x00000178effd5a20 Thread exited: 0x00000178effd5a20
Event: 15.182 Thread 0x00000178f4deccd0 Thread added: 0x00000178f4deccd0
Event: 15.495 Thread 0x00000178effd3f90 flushing nmethod 0x00000178d56e9710
Event: 15.497 Thread 0x00000178effd3f90 flushing nmethod 0x00000178d5a6d190


Dynamic libraries:
0x00007ff6e6540000 - 0x00007ff6e6550000 	D:\Programs Files\bin\java.exe
0x00007ffaf3310000 - 0x00007ffaf3508000 	C:\WINDOWS\SYSTEM32\ntdll.dll
0x00007ffaf2f40000 - 0x00007ffaf2ffd000 	C:\WINDOWS\System32\KERNEL32.DLL
0x00007ffaf0c20000 - 0x00007ffaf0f16000 	C:\WINDOWS\System32\KERNELBASE.dll
0x00007ffaf09d0000 - 0x00007ffaf0ad0000 	C:\WINDOWS\System32\ucrtbase.dll
0x00007ffadeb60000 - 0x00007ffadeb7b000 	D:\Programs Files\bin\VCRUNTIME140.dll
0x00007ffadfb60000 - 0x00007ffadfb78000 	D:\Programs Files\bin\jli.dll
0x00007ffaf3000000 - 0x00007ffaf30b3000 	C:\WINDOWS\System32\ADVAPI32.dll
0x00007ffaf28d0000 - 0x00007ffaf296e000 	C:\WINDOWS\System32\msvcrt.dll
0x00007ffaf2820000 - 0x00007ffaf28bf000 	C:\WINDOWS\System32\sechost.dll
0x00007ffaf2650000 - 0x00007ffaf2776000 	C:\WINDOWS\System32\RPCRT4.dll
0x00007ffaf0ad0000 - 0x00007ffaf0af7000 	C:\WINDOWS\System32\bcrypt.dll
0x00007ffaf2970000 - 0x00007ffaf2b0e000 	C:\WINDOWS\System32\USER32.dll
0x00007ffaf10f0000 - 0x00007ffaf1112000 	C:\WINDOWS\System32\win32u.dll
0x00007ffadbda0000 - 0x00007ffadc03a000 	C:\WINDOWS\WinSxS\amd64_microsoft.windows.common-controls_6595b64144ccf1df_6.0.19041.3636_none_60b6a03d71f818d5\COMCTL32.dll
0x00007ffaf25c0000 - 0x00007ffaf25eb000 	C:\WINDOWS\System32\GDI32.dll
0x00007ffaf0b00000 - 0x00007ffaf0c17000 	C:\WINDOWS\System32\gdi32full.dll
0x00007ffaf1120000 - 0x00007ffaf11bd000 	C:\WINDOWS\System32\msvcp_win.dll
0x00007ffadf880000 - 0x00007ffadf88a000 	C:\WINDOWS\SYSTEM32\VERSION.dll
0x00007ffaf2580000 - 0x00007ffaf25b2000 	C:\WINDOWS\System32\IMM32.DLL
0x00007ffadfb50000 - 0x00007ffadfb5c000 	D:\Programs Files\bin\vcruntime140_1.dll
0x00007ffaa4620000 - 0x00007ffaa46ae000 	D:\Programs Files\bin\msvcp140.dll
0x00007ffa602a0000 - 0x00007ffa60f60000 	D:\Programs Files\bin\server\jvm.dll
0x00007ffad8bd0000 - 0x00007ffad8bd9000 	C:\WINDOWS\SYSTEM32\WSOCK32.dll
0x00007ffaf1ea0000 - 0x00007ffaf1f0b000 	C:\WINDOWS\System32\WS2_32.dll
0x00007ffad4a90000 - 0x00007ffad4ab7000 	C:\WINDOWS\SYSTEM32\WINMM.dll
0x00007ffaef220000 - 0x00007ffaef232000 	C:\WINDOWS\SYSTEM32\kernel.appcore.dll
0x00007ffadee90000 - 0x00007ffadee9a000 	D:\Programs Files\bin\jimage.dll
0x00007ffaeeed0000 - 0x00007ffaef0b4000 	C:\WINDOWS\SYSTEM32\DBGHELP.DLL
0x00007ffad4be0000 - 0x00007ffad4c14000 	C:\WINDOWS\SYSTEM32\dbgcore.DLL
0x00007ffaf11c0000 - 0x00007ffaf1242000 	C:\WINDOWS\System32\bcryptPrimitives.dll
0x00007ffaec180000 - 0x00007ffaec18e000 	D:\Programs Files\bin\instrument.dll
0x00007ffadeb30000 - 0x00007ffadeb56000 	D:\Programs Files\bin\java.dll
0x00007ffaa2620000 - 0x00007ffaa26f7000 	D:\Programs Files\bin\jsvml.dll
0x00007ffaf1350000 - 0x00007ffaf1a95000 	C:\WINDOWS\System32\SHELL32.dll
0x00007ffaee730000 - 0x00007ffaeeecc000 	C:\WINDOWS\SYSTEM32\windows.storage.dll
0x00007ffaf2b10000 - 0x00007ffaf2e64000 	C:\WINDOWS\System32\combase.dll
0x00007ffaf0330000 - 0x00007ffaf035e000 	C:\WINDOWS\SYSTEM32\Wldp.dll
0x00007ffaf2e70000 - 0x00007ffaf2f3d000 	C:\WINDOWS\System32\OLEAUT32.dll
0x00007ffaf1b00000 - 0x00007ffaf1bad000 	C:\WINDOWS\System32\SHCORE.dll
0x00007ffaf2520000 - 0x00007ffaf2575000 	C:\WINDOWS\System32\shlwapi.dll
0x00007ffaf0900000 - 0x00007ffaf0925000 	C:\WINDOWS\SYSTEM32\profapi.dll
0x00007ffadea80000 - 0x00007ffadea98000 	D:\Programs Files\bin\zip.dll
0x00007ffadeb10000 - 0x00007ffadeb23000 	D:\Programs Files\bin\net.dll
0x00007ffadfe10000 - 0x00007ffadff1a000 	C:\WINDOWS\SYSTEM32\WINHTTP.dll
0x00007ffaf0070000 - 0x00007ffaf00da000 	C:\WINDOWS\system32\mswsock.dll
0x00007ffadeaa0000 - 0x00007ffadeab6000 	D:\Programs Files\bin\nio.dll
0x00007ffadfca0000 - 0x00007ffadfcba000 	D:\Programs Files\IntelliJ IDEA Community Edition 2023.3.4\bin\breakgen64.dll
0x00007ffadeca0000 - 0x00007ffadeca8000 	D:\Programs Files\bin\extnet.dll
0x00007ffaefd50000 - 0x00007ffaefd8b000 	C:\WINDOWS\SYSTEM32\IPHLPAPI.DLL
0x00007ffaf1c90000 - 0x00007ffaf1c98000 	C:\WINDOWS\System32\NSI.dll
0x00007ffae35e0000 - 0x00007ffae35f7000 	C:\WINDOWS\SYSTEM32\dhcpcsvc6.DLL
0x00007ffae4420000 - 0x00007ffae443d000 	C:\WINDOWS\SYSTEM32\dhcpcsvc.DLL
0x00007ffaefd90000 - 0x00007ffaefe5b000 	C:\WINDOWS\SYSTEM32\DNSAPI.dll
0x00007ffada5e0000 - 0x00007ffada5ea000 	C:\Windows\System32\rasadhlp.dll
0x00007ffadd580000 - 0x00007ffadd600000 	C:\WINDOWS\System32\fwpuclnt.dll
0x00007ffaf0280000 - 0x00007ffaf0298000 	C:\WINDOWS\SYSTEM32\CRYPTSP.dll
0x00007ffaef980000 - 0x00007ffaef9b4000 	C:\WINDOWS\system32\rsaenh.dll
0x00007ffaf0880000 - 0x00007ffaf08ae000 	C:\WINDOWS\SYSTEM32\USERENV.dll
0x00007ffaf02a0000 - 0x00007ffaf02ac000 	C:\WINDOWS\SYSTEM32\CRYPTBASE.dll
0x00007ffadea70000 - 0x00007ffadea7e000 	D:\Programs Files\bin\sunmscapi.dll
0x00007ffaf0f20000 - 0x00007ffaf107d000 	C:\WINDOWS\System32\CRYPT32.dll
0x00007ffaf03a0000 - 0x00007ffaf03c8000 	C:\WINDOWS\SYSTEM32\ncrypt.dll
0x00007ffaf0360000 - 0x00007ffaf039b000 	C:\WINDOWS\SYSTEM32\NTASN1.dll
0x00007ffadfb80000 - 0x00007ffadfb8a000 	D:\Programs Files\bin\management.dll
0x00007ffadebe0000 - 0x00007ffadebeb000 	D:\Programs Files\bin\management_ext.dll
0x00007ffaf2780000 - 0x00007ffaf2788000 	C:\WINDOWS\System32\PSAPI.DLL
0x00007ffadfbd0000 - 0x00007ffadfbe0000 	D:\Programs Files\bin\verify.dll

dbghelp: loaded successfully - version: 4.0.5 - missing functions: none
symbol engine: initialized successfully - sym options: 0x614 - pdb path: .;D:\Programs Files\bin;C:\WINDOWS\SYSTEM32;C:\WINDOWS\WinSxS\amd64_microsoft.windows.common-controls_6595b64144ccf1df_6.0.19041.3636_none_60b6a03d71f818d5;D:\Programs Files\bin\server;D:\Programs Files\IntelliJ IDEA Community Edition 2023.3.4\bin

VM Arguments:
jvm_args: -javaagent:D:\Programs Files\IntelliJ IDEA Community Edition 2023.3.4\lib\idea_rt.jar=58904:D:\Programs Files\IntelliJ IDEA Community Edition 2023.3.4\bin -Dfile.encoding=UTF-8 -Dsun.stdout.encoding=UTF-8 -Dsun.stderr.encoding=UTF-8 
java_command: com.hackacode.gestionPaqSer.GestionPaqSerApplication
java_class_path (initial): D:\Irving\Irving 2\Cursos\TodoCode\HackaCode\Ethereal Trek\Back\Servicios\gestionPaqSer\target\classes;C:\Users\iamf_\.m2\repository\org\springframework\boot\spring-boot-starter-data-jpa\3.2.2\spring-boot-starter-data-jpa-3.2.2.jar;C:\Users\iamf_\.m2\repository\org\springframework\boot\spring-boot-starter-aop\3.2.2\spring-boot-starter-aop-3.2.2.jar;C:\Users\iamf_\.m2\repository\org\springframework\spring-aop\6.1.3\spring-aop-6.1.3.jar;C:\Users\iamf_\.m2\repository\org\aspectj\aspectjweaver\1.9.21\aspectjweaver-1.9.21.jar;C:\Users\iamf_\.m2\repository\org\springframework\boot\spring-boot-starter-jdbc\3.2.2\spring-boot-starter-jdbc-3.2.2.jar;C:\Users\iamf_\.m2\repository\com\zaxxer\HikariCP\5.0.1\HikariCP-5.0.1.jar;C:\Users\iamf_\.m2\repository\org\springframework\spring-jdbc\6.1.3\spring-jdbc-6.1.3.jar;C:\Users\iamf_\.m2\repository\org\hibernate\orm\hibernate-core\6.4.1.Final\hibernate-core-6.4.1.Final.jar;C:\Users\iamf_\.m2\repository\jakarta\persistence\jakarta.persistence-api\3.1.0\jakarta.persistence-api-3.1.0.jar;C:\Users\iamf_\.m2\repository\jakarta\transaction\jakarta.transaction-api\2.0.1\jakarta.transaction-api-2.0.1.jar;C:\Users\iamf_\.m2\repository\org\jboss\logging\jboss-logging\3.5.3.Final\jboss-logging-3.5.3.Final.jar;C:\Users\iamf_\.m2\repository\org\hibernate\common\hibernate-commons-annotations\6.0.6.Final\hibernate-commons-annotations-6.0.6.Final.jar;C:\Users\iamf_\.m2\repository\io\smallrye\jandex\3.1.2\jandex-3.1.2.jar;C:\Users\iamf_\.m2\repository\com\fasterxml\classmate\1.6.0\classmate-1.6.0.jar;C:\Users\iamf_\.m2\repository\net\bytebuddy\byte-buddy\1.14.11\byte-buddy-1.14.11.jar;C:\Users\iamf_\.m2\repository\org\glassfish\jaxb\jaxb-runtime\4.0.4\jaxb-runtime-4.0.4.jar;C:\Users\iamf_\.m2\repository\org\glassfish\jaxb\jaxb-core\4.0.4\jaxb-core-4.0.4.jar;C:\Users\iamf_\.m2\repository\org\eclipse\angus\angus-activation\2.0.1\angus-activation-2.0.1.jar;C:\Users\iamf_\.m2\repository\org\glassfish\jaxb\txw2\4.0.4\txw2-4.0.4.jar;C:\Users\iamf_\.m2\repository\com\sun\istack\istack-commons-runtime\4.1.2\istack-commons-runtime-4.1.2.jar;C:\Users\iamf_\.m2\repository\jakarta\inject\jakarta.inject-api\2.0.1\jakarta.inject-api-2.0.1.jar;C:\Users\iamf_\.m2\repository\org\antlr\antlr4-runtime\4.13.0\antlr4-runtime-4.13.0.jar;C:\Users\iamf_\.m2\repository\org\springframework\data\spring-data-jpa\3.2.2\spring-data-jpa-3.2.2.jar;C:\Users\iamf_\.m2\repository\org\springframework\data\spring-data-commons\3.2.2\spring-data-commons-3.2.2.jar;C:\Users\iamf_\.m2\repository\org\springframework\spring-orm\6.1.3\spring-orm-6.1.3.jar;C:\Users\iamf_\.m2\repository\org\springframework\spring-context\6.1.3\spring-context-6.1.3.jar;C:\Users\iamf_\.m2\repository\org\springframework\spring-tx\6.1.3\spring-tx-6.1.3.jar;C:\Users\iamf_\.m2\repository\org\springframework\spring-beans\6.1.3\spring-beans-6.1.3.jar;C:\Users\iamf_\.m2\repository\jakarta\annotation\jakarta.annotation-api\2.1.1\jakarta.annotation-api-2.1.1.jar;C:\Users\iamf_\.m2\repository\org\springframework\spring-aspects\6.1.3\spring-aspects-6.1.3.jar;C:\Users\iamf_\.m2\repository\org\springframework\boot\spring-boot-starter-web\3.2.2\spring-boot-starter-web-3.2.2.jar;C:\Users\iamf_\.m2\repository\org\springframework\boot\spring-boot-starter\3.2.2\spring-boot-starter-3.2.2.jar;C:\Users\iamf_\.m2\repository\org\springframework\boot\spring-boot\3.2.2\spring-boot-3.2.2.jar;C:\Users\iamf_\.m2\repository\org\springframework\boot\spring-boot-autoconfigure\3.2.2\spring-boot-autoconfigure-3.2.2.jar;C:\Users\iamf_\.m2\repository\org\springframework\boot\spring-boot-starter-logging\3.2.2\spring-boot-starter-logging-3.2.2.jar;C:\Users\iamf_\.m2\repository\ch\qos\logback\logback-classic\1.4.14\logback-classic-1.4.14.jar;C:\Users\iamf_\.m2\repository\ch\qos\logback\logback-core\1.4.14\logback-core-1.4.14.jar;C:\Users\iamf_\.m2\repository\org\apache\logging\log4j\log4j-to-slf4j\2.21.1\log4j-to-slf4j-2.21.1.jar;C:\Users\iamf_\.m2\repository\org\apache\logging\log4j\log4j-api\2.21.1\log4j-api-2.21.1.jar;C:\Users\iamf_\.m2\repository\org\slf4j\jul-to-slf4j\2.0.11\jul-to-slf4j-2.0.11.jar;C:\Users\iamf_\.m2\repository\org\yaml\snakeyaml\2.2\snakeyaml-2.2.jar;C:\Users\iamf_\.m2\repository\org\springframework\boot\spring-boot-starter-json\3.2.2\spring-boot-starter-json-3.2.2.jar;C:\Users\iamf_\.m2\repository\com\fasterxml\jackson\datatype\jackson-datatype-jdk8\2.15.3\jackson-datatype-jdk8-2.15.3.jar;C:\Users\iamf_\.m2\repository\com\fasterxml\jackson\datatype\jackson-datatype-jsr310\2.15.3\jackson-datatype-jsr310-2.15.3.jar;C:\Users\iamf_\.m2\repository\com\fasterxml\jackson\module\jackson-module-parameter-names\2.15.3\jackson-module-parameter-names-2.15.3.jar;C:\Users\iamf_\.m2\repository\org\springframework\boot\spring-boot-starter-tomcat\3.2.2\spring-boot-starter-tomcat-3.2.2.jar;C:\Users\iamf_\.m2\repository\org\apache\tomcat\embed\tomcat-embed-core\10.1.18\tomcat-embed-core-10.1.18.jar;C:\Users\iamf_\.m2\repository\org\apache\tomcat\embed\tomcat-embed-el\10.1.18\tomcat-embed-el-10.1.18.jar;C:\Users\iamf_\.m2\repository\org\apache\tomcat\embed\tomcat-embed-websocket\10.1.18\tomcat-embed-websocket-10.1.18.jar;C:\Users\iamf_\.m2\repository\org\springframework\spring-web\6.1.3\spring-web-6.1.3.jar;C:\Users\iamf_\.m2\repository\io\micrometer\micrometer-observation\1.12.2\micrometer-observation-1.12.2.jar;C:\Users\iamf_\.m2\repository\io\micrometer\micrometer-commons\1.12.2\micrometer-commons-1.12.2.jar;C:\Users\iamf_\.m2\repository\org\springframework\spring-webmvc\6.1.3\spring-webmvc-6.1.3.jar;C:\Users\iamf_\.m2\repository\org\springframework\spring-expression\6.1.3\spring-expression-6.1.3.jar;C:\Users\iamf_\.m2\repository\org\springframework\cloud\spring-cloud-starter-netflix-eureka-client\4.1.0\spring-cloud-starter-netflix-eureka-client-4.1.0.jar;C:\Users\iamf_\.m2\repository\org\springframework\cloud\spring-cloud-starter\4.1.0\spring-cloud-starter-4.1.0.jar;C:\Users\iamf_\.m2\repository\org\springframework\cloud\spring-cloud-context\4.1.0\spring-cloud-context-4.1.0.jar;C:\Users\iamf_\.m2\repository\org\springframework\security\spring-security-rsa\1.1.1\spring-security-rsa-1.1.1.jar;C:\Users\iamf_\.m2\repository\org\bouncycastle\bcprov-jdk18on\1.74\bcprov-jdk18on-1.74.jar;C:\Users\iamf_\.m2\repository\org\springframework\cloud\spring-cloud-netflix-eureka-client\4.1.0\spring-cloud-netflix-eureka-client-4.1.0.jar;C:\Users\iamf_\.m2\repository\org\apache\httpcomponents\client5\httpclient5\5.2.3\httpclient5-5.2.3.jar;C:\Users\iamf_\.m2\repository\org\apache\httpcomponents\core5\httpcore5\5.2.4\httpcore5-5.2.4.jar;C:\Users\iamf_\.m2\repository\org\apache\httpcomponents\core5\httpcore5-h2\5.2.4\httpcore5-h2-5.2.4.jar;C:\Users\iamf_\.m2\repository\com\netflix\eureka\eureka-client\2.0.1\eureka-client-2.0.1.jar;C:\Users\iamf_\.m2\repository\com\netflix\netflix-commons\netflix-eventbus\0.3.0\netflix-eventbus-0.3.0.jar;C:\Users\iamf_\.m2\repository\com\netflix\netflix-commons\netflix-infix\0.3.0\netflix-infix-0.3.0.jar;C:\Users\iamf_\.m2\repository\commons-jxpath\commons-jxpath\1.3\commons-jxpath-1.3.jar;C:\Users\iamf_\.m2\repository\joda-time\joda-time\2.3\joda-time-2.3.jar;C:\Users\iamf_\.m2\repository\org\antlr\antlr-runtime\3.4\antlr-runtime-3.4.jar;C:\Users\iamf_\.m2\repository\org\antlr\stringtemplate\3.2.1\stringtemplate-3.2.1.jar;C:\Users\iamf_\.m2\repository\antlr\antlr\2.7.7\antlr-2.7.7.jar;C:\Users\iamf_\.m2\repository\com\google\code\gson\gson\2.10.1\gson-2.10.1.jar;C:\Users\iamf_\.m2\repository\org\apache\commons\commons-math\2.2\commons-math-2.2.jar;C:\Users\iamf_\.m2\repository\com\thoughtworks\xstream\xstream\1.4.19\xstream-1.4.19.jar;C:\Users\iamf_\.m2\repository\io\github\x-stream\mxparser\1.2.2\mxparser-1.2.2.jar;C:\Users\iamf_\.m2\repository\xmlpull\xmlpull\1.1.3.1\xmlpull-1.1.3.1.jar;C:\Users\iamf_\.m2\repository\jakarta\ws\rs\jakarta.ws.rs-api\3.1.0\jakarta.ws.rs-api-3.1.0.jar;C:\Users\iamf_\.m2\repository\com\netflix\servo\servo-core\0.12.21\servo-core-0.12.21.jar;C:\Users\iamf_\.m2\repository\com\google\guava\guava\19.0\guava-19.0.jar;C:\Users\iamf_\.m2\repository\org\apache\httpcomponents\httpclient\4.5.3\httpclient-4.5.3.jar;C:\Users\iamf_\.m2\repository\org\apache\httpcomponents\httpcore\4.4.16\httpcore-4.4.16.jar;C:\Users\iamf_\.m2\repository\commons-codec\commons-codec\1.16.0\commons-codec-1.16.0.jar;C:\Users\iamf_\.m2\repository\commons-configuration\commons-configuration\1.10\commons-configuration-1.10.jar;C:\Users\iamf_\.m2\repository\commons-lang\commons-lang\2.6\commons-lang-2.6.jar;C:\Users\iamf_\.m2\repository\com\fasterxml\jackson\core\jackson-annotations\2.15.3\jackson-annotations-2.15.3.jar;C:\Users\iamf_\.m2\repository\com\fasterxml\jackson\core\jackson-core\2.15.3\jackson-core-2.15.3.jar;C:\Users\iamf_\.m2\repository\org\codehaus\jettison\jettison\1.4.0\jettison-1.4.0.jar;C:\Users\iamf_\.m2\repository\com\netflix\eureka\eureka-core\2.0.1\eureka-core-2.0.1.jar;C:\Users\iamf_\.m2\repository\com\fasterxml\woodstox\woodstox-core\6.2.1\woodstox-core-6.2.1.jar;C:\Users\iamf_\.m2\repository\org\codehaus\woodstox\stax2-api\4.2.1\stax2-api-4.2.1.jar;C:\Users\iamf_\.m2\repository\org\springframework\cloud\spring-cloud-starter-loadbalancer\4.1.0\spring-cloud-starter-loadbalancer-4.1.0.jar;C:\Users\iamf_\.m2\repository\org\springframework\cloud\spring-cloud-loadbalancer\4.1.0\spring-cloud-loadbalancer-4.1.0.jar;C:\Users\iamf_\.m2\repository\io\projectreactor\reactor-core\3.6.2\reactor-core-3.6.2.jar;C:\Users\iamf_\.m2\repository\org\reactivestreams\reactive-streams\1.0.4\reactive-streams-1.0.4.jar;C:\Users\iamf_\.m2\repository\io\projectreactor\addons\reactor-extra\3.5.1\reactor-extra-3.5.1.jar;C:\Users\iamf_\.m2\repository\org\springframework\boot\spring-boot-starter-cache\3.2.2\spring-boot-starter-cache-3.2.2.jar;C:\Users\iamf_\.m2\repository\org\springframework\spring-context-support\6.1.3\spring-context-support-6.1.3.jar;C:\Users\iamf_\.m2\repository\com\stoyanr\evictor\1.0.0\evictor-1.0.0.jar;C:\Users\iamf_\.m2\repository\org\springframework\cloud\spring-cloud-starter-openfeign\4.1.0\spring-cloud-starter-openfeign-4.1.0.jar;C:\Users\iamf_\.m2\repository\org\springframework\cloud\spring-cloud-openfeign-core\4.1.0\spring-cloud-openfeign-core-4.1.0.jar;C:\Users\iamf_\.m2\repository\io\github\openfeign\form\feign-form-spring\3.8.0\feign-form-spring-3.8.0.jar;C:\Users\iamf_\.m2\repository\io\github\openfeign\form\feign-form\3.8.0\feign-form-3.8.0.jar;C:\Users\iamf_\.m2\repository\commons-fileupload\commons-fileupload\1.5\commons-fileupload-1.5.jar;C:\Users\iamf_\.m2\repository\commons-io\commons-io\2.11.0\commons-io-2.11.0.jar;C:\Users\iamf_\.m2\repository\org\springframework\cloud\spring-cloud-commons\4.1.0\spring-cloud-commons-4.1.0.jar;C:\Users\iamf_\.m2\repository\org\springframework\security\spring-security-crypto\6.2.1\spring-security-crypto-6.2.1.jar;C:\Users\iamf_\.m2\repository\io\github\openfeign\feign-core\13.1\feign-core-13.1.jar;C:\Users\iamf_\.m2\repository\io\github\openfeign\feign-slf4j\13.1\feign-slf4j-13.1.jar;C:\Users\iamf_\.m2\repository\org\springframework\cloud\spring-cloud-starter-circuitbreaker-resilience4j\3.1.0\spring-cloud-starter-circuitbreaker-resilience4j-3.1.0.jar;C:\Users\iamf_\.m2\repository\org\springframework\cloud\spring-cloud-circuitbreaker-resilience4j\3.1.0\spring-cloud-circuitbreaker-resilience4j-3.1.0.jar;C:\Users\iamf_\.m2\repository\io\github\resilience4j\resilience4j-spring-boot3\2.1.0\resilience4j-spring-boot3-2.1.0.jar;C:\Users\iamf_\.m2\repository\io\github\resilience4j\resilience4j-spring6\2.1.0\resilience4j-spring6-2.1.0.jar;C:\Users\iamf_\.m2\repository\io\github\resilience4j\resilience4j-annotations\2.1.0\resilience4j-annotations-2.1.0.jar;C:\Users\iamf_\.m2\repository\io\github\resilience4j\resilience4j-consumer\2.1.0\resilience4j-consumer-2.1.0.jar;C:\Users\iamf_\.m2\repository\io\github\resilience4j\resilience4j-circularbuffer\2.1.0\resilience4j-circularbuffer-2.1.0.jar;C:\Users\iamf_\.m2\repository\io\github\resilience4j\resilience4j-framework-common\2.1.0\resilience4j-framework-common-2.1.0.jar;C:\Users\iamf_\.m2\repository\io\github\resilience4j\resilience4j-micrometer\2.1.0\resilience4j-micrometer-2.1.0.jar;C:\Users\iamf_\.m2\repository\io\micrometer\micrometer-core\1.12.2\micrometer-core-1.12.2.jar;C:\Users\iamf_\.m2\repository\org\hdrhistogram\HdrHistogram\2.1.12\HdrHistogram-2.1.12.jar;C:\Users\iamf_\.m2\repository\org\latencyutils\LatencyUtils\2.0.3\LatencyUtils-2.0.3.jar;C:\Users\iamf_\.m2\repository\io\github\resilience4j\resilience4j-retry\2.1.0\resilience4j-retry-2.1.0.jar;C:\Users\iamf_\.m2\repository\io\github\resilience4j\resilience4j-ratelimiter\2.1.0\resilience4j-ratelimiter-2.1.0.jar;C:\Users\iamf_\.m2\repository\io\github\resilience4j\resilience4j-circuitbreaker\2.1.0\resilience4j-circuitbreaker-2.1.0.jar;C:\Users\iamf_\.m2\repository\io\github\resilience4j\resilience4j-core\2.1.0\resilience4j-core-2.1.0.jar;C:\Users\iamf_\.m2\repository\io\github\resilience4j\resilience4j-timelimiter\2.1.0\resilience4j-timelimiter-2.1.0.jar;C:\Users\iamf_\.m2\repository\org\springframework\cloud\spring-cloud-starter-config\4.1.0\spring-cloud-starter-config-4.1.0.jar;C:\Users\iamf_\.m2\repository\org\springframework\cloud\spring-cloud-config-client\4.1.0\spring-cloud-config-client-4.1.0.jar;C:\Users\iamf_\.m2\repository\com\fasterxml\jackson\core\jackson-databind\2.15.3\jackson-databind-2.15.3.jar;C:\Users\iamf_\.m2\repository\com\mysql\mysql-connector-j\8.3.0\mysql-connector-j-8.3.0.jar;C:\Users\iamf_\.m2\repository\org\projectlombok\lombok\1.18.30\lombok-1.18.30.jar;C:\Users\iamf_\.m2\repository\jakarta\xml\bind\jakarta.xml.bind-api\4.0.1\jakarta.xml.bind-api-4.0.1.jar;C:\Users\iamf_\.m2\repository\jakarta\activation\jakarta.activation-api\2.1.2\jakarta.activation-api-2.1.2.jar;C:\Users\iamf_\.m2\repository\org\springframework\spring-core\6.1.3\spring-core-6.1.3.jar;C:\Users\iamf_\.m2\repository\org\springframework\spring-jcl\6.1.3\spring-jcl-6.1.3.jar;C:\Users\iamf_\.m2\repository\org\springdoc\springdoc-openapi-starter-webmvc-ui\2.2.0\springdoc-openapi-starter-webmvc-ui-2.2.0.jar;C:\Users\iamf_\.m2\repository\org\springdoc\springdoc-openapi-starter-webmvc-api\2.2.0\springdoc-openapi-starter-webmvc-api-2.2.0.jar;C:\Users\iamf_\.m2\repository\org\springdoc\springdoc-openapi-starter-common\2.2.0\springdoc-openapi-starter-common-2.2.0.jar;C:\Users\iamf_\.m2\repository\io\swagger\core\v3\swagger-core-jakarta\2.2.15\swagger-core-jakarta-2.2.15.jar;C:\Users\iamf_\.m2\repository\org\apache\commons\commons-lang3\3.13.0\commons-lang3-3.13.0.jar;C:\Users\iamf_\.m2\repository\io\swagger\core\v3\swagger-annotations-jakarta\2.2.15\swagger-annotations-jakarta-2.2.15.jar;C:\Users\iamf_\.m2\repository\io\swagger\core\v3\swagger-models-jakarta\2.2.15\swagger-models-jakarta-2.2.15.jar;C:\Users\iamf_\.m2\repository\jakarta\validation\jakarta.validation-api\3.0.2\jakarta.validation-api-3.0.2.jar;C:\Users\iamf_\.m2\repository\com\fasterxml\jackson\dataformat\jackson-dataformat-yaml\2.15.3\jackson-dataformat-yaml-2.15.3.jar;C:\Users\iamf_\.m2\repository\org\webjars\swagger-ui\5.2.0\swagger-ui-5.2.0.jar;C:\Users\iamf_\.m2\repository\io\micrometer\micrometer-tracing-bridge-brave\1.2.2\micrometer-tracing-bridge-brave-1.2.2.jar;C:\Users\iamf_\.m2\repository\io\micrometer\micrometer-tracing\1.2.2\micrometer-tracing-1.2.2.jar;C:\Users\iamf_\.m2\repository\io\micrometer\context-propagation\1.1.0\context-propagation-1.1.0.jar;C:\Users\iamf_\.m2\repository\aopalliance\aopalliance\1.0\aopalliance-1.0.jar;C:\Users\iamf_\.m2\repository\org\slf4j\slf4j-api\2.0.11\slf4j-api-2.0.11.jar;C:\Users\iamf_\.m2\repository\io\zipkin\brave\brave\5.16.0\brave-5.16.0.jar;C:\Users\iamf_\.m2\repository\io\zipkin\brave\brave-context-slf4j\5.16.0\brave-context-slf4j-5.16.0.jar;C:\Users\iamf_\.m2\repository\io\zipkin\brave\brave-instrumentation-http\5.16.0\brave-instrumentation-http-5.16.0.jar;C:\Users\iamf_\.m2\repository\io\zipkin\aws\brave-propagation-aws\0.23.5\brave-propagation-aws-0.23.5.jar;C:\Users\iamf_\.m2\repository\io\zipkin\reporter2\zipkin-reporter-brave\2.16.3\zipkin-reporter-brave-2.16.3.jar;C:\Users\iamf_\.m2\repository\io\zipkin\reporter2\zipkin-reporter\2.16.3\zipkin-reporter-2.16.3.jar;C:\Users\iamf_\.m2\repository\io\zipkin\zipkin2\zipkin\2.23.2\zipkin-2.23.2.jar
Launcher Type: SUN_STANDARD

[Global flags]
     intx CICompilerCount                          = 3                                         {product} {ergonomic}
     uint ConcGCThreads                            = 1                                         {product} {ergonomic}
     uint G1ConcRefinementThreads                  = 4                                         {product} {ergonomic}
   size_t G1HeapRegionSize                         = 2097152                                   {product} {ergonomic}
    uintx GCDrainStackTargetSize                   = 64                                        {product} {ergonomic}
   size_t InitialHeapSize                          = 268435456                                 {product} {ergonomic}
   size_t MarkStackSize                            = 4194304                                   {product} {ergonomic}
   size_t MaxHeapSize                              = 4263510016                                {product} {ergonomic}
   size_t MaxNewSize                               = 2556428288                                {product} {ergonomic}
   size_t MinHeapDeltaBytes                        = 2097152                                   {product} {ergonomic}
   size_t MinHeapSize                              = 8388608                                   {product} {ergonomic}
    uintx NonNMethodCodeHeapSize                   = 5832780                                {pd product} {ergonomic}
    uintx NonProfiledCodeHeapSize                  = 122912730                              {pd product} {ergonomic}
    uintx ProfiledCodeHeapSize                     = 122912730                              {pd product} {ergonomic}
    uintx ReservedCodeCacheSize                    = 251658240                              {pd product} {ergonomic}
     bool SegmentedCodeCache                       = true                                      {product} {ergonomic}
   size_t SoftMaxHeapSize                          = 4263510016                             {manageable} {ergonomic}
     bool UseCompressedClassPointers               = true                           {product lp64_product} {ergonomic}
     bool UseCompressedOops                        = true                           {product lp64_product} {ergonomic}
     bool UseG1GC                                  = true                                      {product} {ergonomic}
     bool UseLargePagesIndividualAllocation        = false                                  {pd product} {ergonomic}

Logging:
Log output configuration:
 #0: stdout all=warning uptime,level,tags foldmultilines=false
 #1: stderr all=off uptime,level,tags foldmultilines=false

Environment Variables:
JAVA_HOME=C:\Program Files\Java\jdk-17
PATH=C:\Program Files\Common Files\Oracle\Java\javapath;C:\Program Files\Microsoft MPI\Bin\;C:\Program Files (x86)\Intel\iCLS Client\;C:\Program Files (x86)\Common Files\Intel\Shared Libraries\redist\ia32\mpirt;C:\Program Files (x86)\Common Files\Intel\Shared Libraries\redist\ia32\compiler;C:\Program Files\Intel\iCLS Client\;C:\WINDOWS\system32;C:\WINDOWS;C:\WINDOWS\System32\Wbem;C:\WINDOWS\System32\WindowsPowerShell\v1.0\;C:\Program Files\Microsoft SQL Server\Client SDK\ODBC\110\Tools\Binn\;C:\Program Files (x86)\Windows Kits\8.1\Windows Performance Toolkit\;C:\Program Files (x86)\Intel\Intel(R) Management Engine Components\DAL;C:\Program Files\Intel\Intel(R) Management Engine Components\DAL;C:\Program Files (x86)\Intel\Intel(R) Management Engine Components\IPT;C:\Program Files\Intel\Intel(R) Management Engine Components\IPT;C:\Program Files\Microsoft SQL Server\Client SDK\ODBC\130\Tools\Binn\;C:\WINDOWS\System32\OpenSSH\;C:\Program Files\Intel\WiFi\bin\;C:\Program Files\Common Files\Intel\WirelessCommon\;C:\Program Files\Microsoft SQL Server\Client SDK\ODBC\170\Tools\Binn\;C:\Program Files (x86)\Microsoft SQL Server\150\Tools\Binn\;C:\Program Files\Microsoft SQL Server\150\Tools\Binn\;C:\Program Files\Microsoft SQL Server\150\DTS\Binn\;C:\Program Files (x86)\Microsoft SQL Server\150\DTS\Binn\;D:\Programs Files\Git\cmd;C:\Program Files\nodejs\;D:\Programs\Maven\apache-maven-3.9.6\bin;C:\Program Files\Java\jdk-17\bin;C:\Users\iamf_\AppData\Local\Programs\Python\Python39\Scripts\;C:\Users\iamf_\AppData\Local\Programs\Python\Python39\;C:\Users\iamf_\AppData\Local\Microsoft\WindowsApps;;C:\Users\iamf_\AppData\Local\Programs\Microsoft VS Code\bin;C:\Users\iamf_\AppData\Roaming\npm
USERNAME=iamf_
OS=Windows_NT
PROCESSOR_IDENTIFIER=Intel64 Family 6 Model 142 Stepping 9, GenuineIntel
TMP=C:\Users\iamf_\AppData\Local\Temp
TEMP=C:\Users\iamf_\AppData\Local\Temp



---------------  S Y S T E M  ---------------

OS:
 Windows 10 , 64 bit Build 19041 (10.0.19041.3636)
OS uptime: 5 days 0:38 hours
Hyper-V role detected

CPU: total 4 (initial active 4) (2 cores per cpu, 2 threads per core) family 6 model 142 stepping 9 microcode 0xde, cx8, cmov, fxsr, ht, mmx, 3dnowpref, sse, sse2, sse3, ssse3, sse4.1, sse4.2, popcnt, lzcnt, tsc, tscinvbit, avx, avx2, aes, erms, clmul, bmi1, bmi2, adx, fma, vzeroupper, clflush, clflushopt, hv, rdtscp

Memory: 4k page, system-wide physical 16256M (3234M free)
TotalPageFile size 19502M (AvailPageFile size 40M)
current process WorkingSet (physical memory assigned to process): 272M, peak: 292M
current process commit charge ("private bytes"): 302M, peak: 383M

vm_info: Java HotSpot(TM) 64-Bit Server VM (19.0.1+10-21) for windows-amd64 JRE (19.0.1+10-21), built on 2022-09-14T12:45:06Z by "mach5one" with MS VC++ 17.1 (VS2022)

END.
