#
# There is insufficient memory for the Java Runtime Environment to continue.
# Native memory allocation (malloc) failed to allocate 354096 bytes for Chunk::new
# Possible reasons:
#   The system is out of physical RAM or swap space
#   The process is running with CompressedOops enabled, and the Java Heap may be blocking the growth of the native heap
# Possible solutions:
#   Reduce memory load on the system
#   Increase physical memory or swap space
#   Check if swap backing store is full
#   Decrease Java heap size (-Xmx/-Xms)
#   Decrease number of Java threads
#   Decrease Java thread stack sizes (-Xss)
#   Set larger code cache with -XX:ReservedCodeCacheSize=
#   JVM is running with Zero Based Compressed Oops mode in which the Java heap is
#     placed in the first 32GB address space. The Java Heap base address is the
#     maximum limit for the native heap growth. Please use -XX:HeapBaseMinAddress
#     to set the Java Heap base and to place the Java Heap above 32GB virtual address.
# This output file may be truncated or incomplete.
#
#  Out of Memory Error (arena.cpp:184), pid=14584, tid=19660
#
# JRE version: Java(TM) SE Runtime Environment (19.0.1+10) (build 19.0.1+10-21)
# Java VM: Java HotSpot(TM) 64-Bit Server VM (19.0.1+10-21, mixed mode, sharing, tiered, compressed oops, compressed class ptrs, g1 gc, windows-amd64)
# No core dump will be written. Minidumps are not enabled by default on client versions of Windows
#

---------------  S U M M A R Y ------------

Command Line: -javaagent:D:\Programs Files\IntelliJ IDEA Community Edition 2023.3.4\lib\idea_rt.jar=58864:D:\Programs Files\IntelliJ IDEA Community Edition 2023.3.4\bin -Dfile.encoding=UTF-8 -Dsun.stdout.encoding=UTF-8 -Dsun.stderr.encoding=UTF-8 com.hackacode.gestionPaqSer.GestionPaqSerApplication

Host: Intel(R) Core(TM) i7-7500U CPU @ 2.70GHz, 4 cores, 15G,  Windows 10 , 64 bit Build 19041 (10.0.19041.3636)
Time: Wed Mar 13 18:42:19 2024 Central Daylight Time elapsed time: 2.188844 seconds (0d 0h 0m 2s)

---------------  T H R E A D  ---------------

Current thread (0x000001d8443b0680):  JavaThread "C2 CompilerThread0" daemon [_thread_in_native, id=19660, stack(0x000000b454800000,0x000000b454900000)]


Current CompileTask:
C2:   2188 1577       4       org.springframework.boot.context.properties.source.ConfigurationPropertyName$ElementsParser::parse (234 bytes)

Stack: [0x000000b454800000,0x000000b454900000]
Native frames: (J=compiled Java code, j=interpreted, Vv=VM code, C=native code)
V  [jvm.dll+0x6ee8fa]
V  [jvm.dll+0x857a1e]
V  [jvm.dll+0x85940e]
V  [jvm.dll+0x859ac3]
V  [jvm.dll+0x28291f]
V  [jvm.dll+0xc9b5f]
V  [jvm.dll+0xc9ee5]
V  [jvm.dll+0x5d14bb]
V  [jvm.dll+0x1ee330]
V  [jvm.dll+0x24c41b]
V  [jvm.dll+0x24b671]
V  [jvm.dll+0x1d6d61]
V  [jvm.dll+0x25b0fa]
V  [jvm.dll+0x259588]
V  [jvm.dll+0x807928]
V  [jvm.dll+0x8015fa]
V  [jvm.dll+0x6ed5eb]
C  [ucrtbase.dll+0x21bb2]
C  [KERNEL32.DLL+0x17344]
C  [ntdll.dll+0x526b1]


---------------  P R O C E S S  ---------------

Threads class SMR info:
_java_thread_list=0x000001d84973fad0, length=14, elements={
0x000001d821854060, 0x000001d8443aa750, 0x000001d8443ab340, 0x000001d8443acd40,
0x000001d8443ae680, 0x000001d8443aefb0, 0x000001d8443afa20, 0x000001d8443b0680,
0x000001d8443b6b90, 0x000001d8443c3540, 0x000001d84437b800, 0x000001d8486f49d0,
0x000001d848d56cf0, 0x000001d8497c1030
}

Java Threads: ( => current thread )
  0x000001d821854060 JavaThread "main" [_thread_in_vm, id=1780, stack(0x000000b453b00000,0x000000b453c00000)]
  0x000001d8443aa750 JavaThread "Reference Handler" daemon [_thread_blocked, id=25236, stack(0x000000b454200000,0x000000b454300000)]
  0x000001d8443ab340 JavaThread "Finalizer" daemon [_thread_blocked, id=13644, stack(0x000000b454300000,0x000000b454400000)]
  0x000001d8443acd40 JavaThread "Signal Dispatcher" daemon [_thread_blocked, id=2680, stack(0x000000b454400000,0x000000b454500000)]
  0x000001d8443ae680 JavaThread "Attach Listener" daemon [_thread_blocked, id=17040, stack(0x000000b454500000,0x000000b454600000)]
  0x000001d8443aefb0 JavaThread "Service Thread" daemon [_thread_blocked, id=1996, stack(0x000000b454600000,0x000000b454700000)]
  0x000001d8443afa20 JavaThread "Monitor Deflation Thread" daemon [_thread_blocked, id=20284, stack(0x000000b454700000,0x000000b454800000)]
=>0x000001d8443b0680 JavaThread "C2 CompilerThread0" daemon [_thread_in_native, id=19660, stack(0x000000b454800000,0x000000b454900000)]
  0x000001d8443b6b90 JavaThread "C1 CompilerThread0" daemon [_thread_blocked, id=15216, stack(0x000000b454900000,0x000000b454a00000)]
  0x000001d8443c3540 JavaThread "Sweeper thread" daemon [_thread_blocked, id=5468, stack(0x000000b454a00000,0x000000b454b00000)]
  0x000001d84437b800 JavaThread "Common-Cleaner" daemon [_thread_blocked, id=5200, stack(0x000000b454b00000,0x000000b454c00000)]
  0x000001d8486f49d0 JavaThread "Monitor Ctrl-Break" daemon [_thread_in_native, id=22320, stack(0x000000b454f00000,0x000000b455000000)]
  0x000001d848d56cf0 JavaThread "Notification Thread" daemon [_thread_blocked, id=21752, stack(0x000000b455000000,0x000000b455100000)]
  0x000001d8497c1030 JavaThread "C2 CompilerThread1" daemon [_thread_in_native, id=8548, stack(0x000000b455200000,0x000000b455300000)]

Other Threads:
  0x000001d84438a700 VMThread "VM Thread" [stack: 0x000000b454100000,0x000000b454200000] [id=23584]
  0x000001d8486f4f10 WatcherThread "VM Periodic Task Thread" [stack: 0x000000b455100000,0x000000b455200000] [id=16380]
  0x000001d8218c5500 WorkerThread "GC Thread#0" [stack: 0x000000b453c00000,0x000000b453d00000] [id=9004]
  0x000001d848e78880 WorkerThread "GC Thread#1" [stack: 0x000000b454c00000,0x000000b454d00000] [id=15304]
  0x000001d848d61100 WorkerThread "GC Thread#2" [stack: 0x000000b454d00000,0x000000b454e00000] [id=24188]
  0x000001d848d613d0 WorkerThread "GC Thread#3" [stack: 0x000000b454e00000,0x000000b454f00000] [id=2700]
  0x000001d81f6adf20 ConcurrentGCThread "G1 Main Marker" [stack: 0x000000b453d00000,0x000000b453e00000] [id=5312]
  0x000001d81f6ae860 WorkerThread "G1 Conc#0" [stack: 0x000000b453e00000,0x000000b453f00000] [id=5304]
  0x000001d844246580 ConcurrentGCThread "G1 Refine#0" [stack: 0x000000b453f00000,0x000000b454000000] [id=12724]
  0x000001d844246fd0 ConcurrentGCThread "G1 Service" [stack: 0x000000b454000000,0x000000b454100000] [id=21984]

Threads with active compile tasks:
C2 CompilerThread0     2268 1577       4       org.springframework.boot.context.properties.source.ConfigurationPropertyName$ElementsParser::parse (234 bytes)
C2 CompilerThread1     2268 1692       4       org.springframework.boot.context.config.ConfigDataEnvironmentContributor$ContributorIterator::fetchIfNecessary (153 bytes)

VM state: not at safepoint (normal execution)

VM Mutex/Monitor currently owned by a thread:  ([mutex/lock_event])
[0x000001d81f5cd240] Metaspace_lock - owner thread: 0x000001d821854060

Heap address: 0x0000000701e00000, size: 4066 MB, Compressed Oops mode: Zero based, Oop shift amount: 3

CDS archive(s) mapped at: [0x0000000800000000-0x0000000800c40000-0x0000000800c40000), size 12845056, SharedBaseAddress: 0x0000000800000000, ArchiveRelocationMode: 0.
Compressed class space mapped at: 0x0000000801000000-0x0000000841000000, reserved size: 1073741824
Narrow klass base: 0x0000000800000000, Narrow klass shift: 0, Narrow klass range: 0x100000000

GC Precious Log:
 CardTable entry size: 512
 Card Set container configuration: InlinePtr #cards 4 size 8 Array Of Cards #cards 16 size 48 Howl #buckets 8 coarsen threshold 3686 Howl Bitmap #cards 512 size 80 coarsen threshold 460 Card regions per heap region 1 cards per card region 4096
 CPUs: 4 total, 4 available
 Memory: 16256M
 Large Page Support: Disabled
 NUMA Support: Disabled
 Compressed Oops: Enabled (Zero based)
 Heap Region Size: 2M
 Heap Min Capacity: 8M
 Heap Initial Capacity: 256M
 Heap Max Capacity: 4066M
 Pre-touch: Disabled
 Parallel Workers: 4
 Concurrent Workers: 1
 Concurrent Refinement Workers: 4
 Periodic GC: Disabled

Heap:
 garbage-first heap   total 262144K, used 11832K [0x0000000701e00000, 0x0000000800000000)
  region size 2048K, 3 young (6144K), 2 survivors (4096K)
 Metaspace       used 11830K, committed 12032K, reserved 1114112K
  class space    used 1320K, committed 1408K, reserved 1048576K

Heap Regions: E=young(eden), S=young(survivor), O=old, HS=humongous(starts), HC=humongous(continues), CS=collection set, F=free, OA=open archive, CA=closed archive, TAMS=top-at-mark-start (previous, next)
|   0|0x0000000701e00000, 0x0000000702000000, 0x0000000702000000|100%| O|  |TAMS 0x0000000701e00000, 0x0000000701e00000| Untracked 
|   1|0x0000000702000000, 0x0000000702200000, 0x0000000702200000|100%| O|  |TAMS 0x0000000702000000, 0x0000000702000000| Untracked 
|   2|0x0000000702200000, 0x0000000702400000, 0x0000000702400000|100%| O|  |TAMS 0x0000000702200000, 0x0000000702200000| Untracked 
|   3|0x0000000702400000, 0x00000007025c7400, 0x0000000702600000| 88%| O|  |TAMS 0x0000000702400000, 0x0000000702400000| Untracked 
|   4|0x0000000702600000, 0x0000000702600000, 0x0000000702800000|  0%| F|  |TAMS 0x0000000702600000, 0x0000000702600000| Untracked 
|   5|0x0000000702800000, 0x0000000702800000, 0x0000000702a00000|  0%| F|  |TAMS 0x0000000702800000, 0x0000000702800000| Untracked 
|   6|0x0000000702a00000, 0x0000000702a00000, 0x0000000702c00000|  0%| F|  |TAMS 0x0000000702a00000, 0x0000000702a00000| Untracked 
|   7|0x0000000702c00000, 0x0000000702c00000, 0x0000000702e00000|  0%| F|  |TAMS 0x0000000702c00000, 0x0000000702c00000| Untracked 
|   8|0x0000000702e00000, 0x0000000702e00000, 0x0000000703000000|  0%| F|  |TAMS 0x0000000702e00000, 0x0000000702e00000| Untracked 
|   9|0x0000000703000000, 0x0000000703000000, 0x0000000703200000|  0%| F|  |TAMS 0x0000000703000000, 0x0000000703000000| Untracked 
|  10|0x0000000703200000, 0x0000000703200000, 0x0000000703400000|  0%| F|  |TAMS 0x0000000703200000, 0x0000000703200000| Untracked 
|  11|0x0000000703400000, 0x0000000703400000, 0x0000000703600000|  0%| F|  |TAMS 0x0000000703400000, 0x0000000703400000| Untracked 
|  12|0x0000000703600000, 0x0000000703600000, 0x0000000703800000|  0%| F|  |TAMS 0x0000000703600000, 0x0000000703600000| Untracked 
|  13|0x0000000703800000, 0x0000000703800000, 0x0000000703a00000|  0%| F|  |TAMS 0x0000000703800000, 0x0000000703800000| Untracked 
|  14|0x0000000703a00000, 0x0000000703a00000, 0x0000000703c00000|  0%| F|  |TAMS 0x0000000703a00000, 0x0000000703a00000| Untracked 
|  15|0x0000000703c00000, 0x0000000703c00000, 0x0000000703e00000|  0%| F|  |TAMS 0x0000000703c00000, 0x0000000703c00000| Untracked 
|  16|0x0000000703e00000, 0x0000000703e00000, 0x0000000704000000|  0%| F|  |TAMS 0x0000000703e00000, 0x0000000703e00000| Untracked 
|  17|0x0000000704000000, 0x0000000704000000, 0x0000000704200000|  0%| F|  |TAMS 0x0000000704000000, 0x0000000704000000| Untracked 
|  18|0x0000000704200000, 0x0000000704200000, 0x0000000704400000|  0%| F|  |TAMS 0x0000000704200000, 0x0000000704200000| Untracked 
|  19|0x0000000704400000, 0x0000000704400000, 0x0000000704600000|  0%| F|  |TAMS 0x0000000704400000, 0x0000000704400000| Untracked 
|  20|0x0000000704600000, 0x0000000704600000, 0x0000000704800000|  0%| F|  |TAMS 0x0000000704600000, 0x0000000704600000| Untracked 
|  21|0x0000000704800000, 0x0000000704800000, 0x0000000704a00000|  0%| F|  |TAMS 0x0000000704800000, 0x0000000704800000| Untracked 
|  22|0x0000000704a00000, 0x0000000704a00000, 0x0000000704c00000|  0%| F|  |TAMS 0x0000000704a00000, 0x0000000704a00000| Untracked 
|  23|0x0000000704c00000, 0x0000000704c00000, 0x0000000704e00000|  0%| F|  |TAMS 0x0000000704c00000, 0x0000000704c00000| Untracked 
|  24|0x0000000704e00000, 0x0000000704e00000, 0x0000000705000000|  0%| F|  |TAMS 0x0000000704e00000, 0x0000000704e00000| Untracked 
|  25|0x0000000705000000, 0x0000000705000000, 0x0000000705200000|  0%| F|  |TAMS 0x0000000705000000, 0x0000000705000000| Untracked 
|  26|0x0000000705200000, 0x0000000705200000, 0x0000000705400000|  0%| F|  |TAMS 0x0000000705200000, 0x0000000705200000| Untracked 
|  27|0x0000000705400000, 0x0000000705400000, 0x0000000705600000|  0%| F|  |TAMS 0x0000000705400000, 0x0000000705400000| Untracked 
|  28|0x0000000705600000, 0x0000000705600000, 0x0000000705800000|  0%| F|  |TAMS 0x0000000705600000, 0x0000000705600000| Untracked 
|  29|0x0000000705800000, 0x0000000705800000, 0x0000000705a00000|  0%| F|  |TAMS 0x0000000705800000, 0x0000000705800000| Untracked 
|  30|0x0000000705a00000, 0x0000000705a00000, 0x0000000705c00000|  0%| F|  |TAMS 0x0000000705a00000, 0x0000000705a00000| Untracked 
|  31|0x0000000705c00000, 0x0000000705c00000, 0x0000000705e00000|  0%| F|  |TAMS 0x0000000705c00000, 0x0000000705c00000| Untracked 
|  32|0x0000000705e00000, 0x0000000705e00000, 0x0000000706000000|  0%| F|  |TAMS 0x0000000705e00000, 0x0000000705e00000| Untracked 
|  33|0x0000000706000000, 0x0000000706000000, 0x0000000706200000|  0%| F|  |TAMS 0x0000000706000000, 0x0000000706000000| Untracked 
|  34|0x0000000706200000, 0x0000000706200000, 0x0000000706400000|  0%| F|  |TAMS 0x0000000706200000, 0x0000000706200000| Untracked 
|  35|0x0000000706400000, 0x0000000706400000, 0x0000000706600000|  0%| F|  |TAMS 0x0000000706400000, 0x0000000706400000| Untracked 
|  36|0x0000000706600000, 0x0000000706600000, 0x0000000706800000|  0%| F|  |TAMS 0x0000000706600000, 0x0000000706600000| Untracked 
|  37|0x0000000706800000, 0x0000000706800000, 0x0000000706a00000|  0%| F|  |TAMS 0x0000000706800000, 0x0000000706800000| Untracked 
|  38|0x0000000706a00000, 0x0000000706a00000, 0x0000000706c00000|  0%| F|  |TAMS 0x0000000706a00000, 0x0000000706a00000| Untracked 
|  39|0x0000000706c00000, 0x0000000706c00000, 0x0000000706e00000|  0%| F|  |TAMS 0x0000000706c00000, 0x0000000706c00000| Untracked 
|  40|0x0000000706e00000, 0x0000000706e00000, 0x0000000707000000|  0%| F|  |TAMS 0x0000000706e00000, 0x0000000706e00000| Untracked 
|  41|0x0000000707000000, 0x0000000707000000, 0x0000000707200000|  0%| F|  |TAMS 0x0000000707000000, 0x0000000707000000| Untracked 
|  42|0x0000000707200000, 0x0000000707200000, 0x0000000707400000|  0%| F|  |TAMS 0x0000000707200000, 0x0000000707200000| Untracked 
|  43|0x0000000707400000, 0x0000000707400000, 0x0000000707600000|  0%| F|  |TAMS 0x0000000707400000, 0x0000000707400000| Untracked 
|  44|0x0000000707600000, 0x0000000707600000, 0x0000000707800000|  0%| F|  |TAMS 0x0000000707600000, 0x0000000707600000| Untracked 
|  45|0x0000000707800000, 0x0000000707800000, 0x0000000707a00000|  0%| F|  |TAMS 0x0000000707800000, 0x0000000707800000| Untracked 
|  46|0x0000000707a00000, 0x0000000707a00000, 0x0000000707c00000|  0%| F|  |TAMS 0x0000000707a00000, 0x0000000707a00000| Untracked 
|  47|0x0000000707c00000, 0x0000000707c00000, 0x0000000707e00000|  0%| F|  |TAMS 0x0000000707c00000, 0x0000000707c00000| Untracked 
|  48|0x0000000707e00000, 0x0000000707e00000, 0x0000000708000000|  0%| F|  |TAMS 0x0000000707e00000, 0x0000000707e00000| Untracked 
|  49|0x0000000708000000, 0x0000000708000000, 0x0000000708200000|  0%| F|  |TAMS 0x0000000708000000, 0x0000000708000000| Untracked 
|  50|0x0000000708200000, 0x0000000708200000, 0x0000000708400000|  0%| F|  |TAMS 0x0000000708200000, 0x0000000708200000| Untracked 
|  51|0x0000000708400000, 0x0000000708400000, 0x0000000708600000|  0%| F|  |TAMS 0x0000000708400000, 0x0000000708400000| Untracked 
|  52|0x0000000708600000, 0x0000000708600000, 0x0000000708800000|  0%| F|  |TAMS 0x0000000708600000, 0x0000000708600000| Untracked 
|  53|0x0000000708800000, 0x0000000708800000, 0x0000000708a00000|  0%| F|  |TAMS 0x0000000708800000, 0x0000000708800000| Untracked 
|  54|0x0000000708a00000, 0x0000000708a00000, 0x0000000708c00000|  0%| F|  |TAMS 0x0000000708a00000, 0x0000000708a00000| Untracked 
|  55|0x0000000708c00000, 0x0000000708c00000, 0x0000000708e00000|  0%| F|  |TAMS 0x0000000708c00000, 0x0000000708c00000| Untracked 
|  56|0x0000000708e00000, 0x0000000708e00000, 0x0000000709000000|  0%| F|  |TAMS 0x0000000708e00000, 0x0000000708e00000| Untracked 
|  57|0x0000000709000000, 0x0000000709000000, 0x0000000709200000|  0%| F|  |TAMS 0x0000000709000000, 0x0000000709000000| Untracked 
|  58|0x0000000709200000, 0x0000000709200000, 0x0000000709400000|  0%| F|  |TAMS 0x0000000709200000, 0x0000000709200000| Untracked 
|  59|0x0000000709400000, 0x0000000709400000, 0x0000000709600000|  0%| F|  |TAMS 0x0000000709400000, 0x0000000709400000| Untracked 
|  60|0x0000000709600000, 0x0000000709600000, 0x0000000709800000|  0%| F|  |TAMS 0x0000000709600000, 0x0000000709600000| Untracked 
|  61|0x0000000709800000, 0x0000000709800000, 0x0000000709a00000|  0%| F|  |TAMS 0x0000000709800000, 0x0000000709800000| Untracked 
|  62|0x0000000709a00000, 0x0000000709a00000, 0x0000000709c00000|  0%| F|  |TAMS 0x0000000709a00000, 0x0000000709a00000| Untracked 
|  63|0x0000000709c00000, 0x0000000709c00000, 0x0000000709e00000|  0%| F|  |TAMS 0x0000000709c00000, 0x0000000709c00000| Untracked 
|  64|0x0000000709e00000, 0x0000000709e00000, 0x000000070a000000|  0%| F|  |TAMS 0x0000000709e00000, 0x0000000709e00000| Untracked 
|  65|0x000000070a000000, 0x000000070a000000, 0x000000070a200000|  0%| F|  |TAMS 0x000000070a000000, 0x000000070a000000| Untracked 
|  66|0x000000070a200000, 0x000000070a200000, 0x000000070a400000|  0%| F|  |TAMS 0x000000070a200000, 0x000000070a200000| Untracked 
|  67|0x000000070a400000, 0x000000070a400000, 0x000000070a600000|  0%| F|  |TAMS 0x000000070a400000, 0x000000070a400000| Untracked 
|  68|0x000000070a600000, 0x000000070a600000, 0x000000070a800000|  0%| F|  |TAMS 0x000000070a600000, 0x000000070a600000| Untracked 
|  69|0x000000070a800000, 0x000000070a800000, 0x000000070aa00000|  0%| F|  |TAMS 0x000000070a800000, 0x000000070a800000| Untracked 
|  70|0x000000070aa00000, 0x000000070aa00000, 0x000000070ac00000|  0%| F|  |TAMS 0x000000070aa00000, 0x000000070aa00000| Untracked 
|  71|0x000000070ac00000, 0x000000070ac00000, 0x000000070ae00000|  0%| F|  |TAMS 0x000000070ac00000, 0x000000070ac00000| Untracked 
|  72|0x000000070ae00000, 0x000000070ae00000, 0x000000070b000000|  0%| F|  |TAMS 0x000000070ae00000, 0x000000070ae00000| Untracked 
|  73|0x000000070b000000, 0x000000070b000000, 0x000000070b200000|  0%| F|  |TAMS 0x000000070b000000, 0x000000070b000000| Untracked 
|  74|0x000000070b200000, 0x000000070b200000, 0x000000070b400000|  0%| F|  |TAMS 0x000000070b200000, 0x000000070b200000| Untracked 
|  75|0x000000070b400000, 0x000000070b400000, 0x000000070b600000|  0%| F|  |TAMS 0x000000070b400000, 0x000000070b400000| Untracked 
|  76|0x000000070b600000, 0x000000070b600000, 0x000000070b800000|  0%| F|  |TAMS 0x000000070b600000, 0x000000070b600000| Untracked 
|  77|0x000000070b800000, 0x000000070b800000, 0x000000070ba00000|  0%| F|  |TAMS 0x000000070b800000, 0x000000070b800000| Untracked 
|  78|0x000000070ba00000, 0x000000070ba00000, 0x000000070bc00000|  0%| F|  |TAMS 0x000000070ba00000, 0x000000070ba00000| Untracked 
|  79|0x000000070bc00000, 0x000000070bc00000, 0x000000070be00000|  0%| F|  |TAMS 0x000000070bc00000, 0x000000070bc00000| Untracked 
|  80|0x000000070be00000, 0x000000070be00000, 0x000000070c000000|  0%| F|  |TAMS 0x000000070be00000, 0x000000070be00000| Untracked 
|  81|0x000000070c000000, 0x000000070c000000, 0x000000070c200000|  0%| F|  |TAMS 0x000000070c000000, 0x000000070c000000| Untracked 
|  82|0x000000070c200000, 0x000000070c200000, 0x000000070c400000|  0%| F|  |TAMS 0x000000070c200000, 0x000000070c200000| Untracked 
|  83|0x000000070c400000, 0x000000070c400000, 0x000000070c600000|  0%| F|  |TAMS 0x000000070c400000, 0x000000070c400000| Untracked 
|  84|0x000000070c600000, 0x000000070c600000, 0x000000070c800000|  0%| F|  |TAMS 0x000000070c600000, 0x000000070c600000| Untracked 
|  85|0x000000070c800000, 0x000000070c800000, 0x000000070ca00000|  0%| F|  |TAMS 0x000000070c800000, 0x000000070c800000| Untracked 
|  86|0x000000070ca00000, 0x000000070ca00000, 0x000000070cc00000|  0%| F|  |TAMS 0x000000070ca00000, 0x000000070ca00000| Untracked 
|  87|0x000000070cc00000, 0x000000070cc00000, 0x000000070ce00000|  0%| F|  |TAMS 0x000000070cc00000, 0x000000070cc00000| Untracked 
|  88|0x000000070ce00000, 0x000000070ce00000, 0x000000070d000000|  0%| F|  |TAMS 0x000000070ce00000, 0x000000070ce00000| Untracked 
|  89|0x000000070d000000, 0x000000070d000000, 0x000000070d200000|  0%| F|  |TAMS 0x000000070d000000, 0x000000070d000000| Untracked 
|  90|0x000000070d200000, 0x000000070d200000, 0x000000070d400000|  0%| F|  |TAMS 0x000000070d200000, 0x000000070d200000| Untracked 
|  91|0x000000070d400000, 0x000000070d400000, 0x000000070d600000|  0%| F|  |TAMS 0x000000070d400000, 0x000000070d400000| Untracked 
|  92|0x000000070d600000, 0x000000070d600000, 0x000000070d800000|  0%| F|  |TAMS 0x000000070d600000, 0x000000070d600000| Untracked 
|  93|0x000000070d800000, 0x000000070d800000, 0x000000070da00000|  0%| F|  |TAMS 0x000000070d800000, 0x000000070d800000| Untracked 
|  94|0x000000070da00000, 0x000000070da00000, 0x000000070dc00000|  0%| F|  |TAMS 0x000000070da00000, 0x000000070da00000| Untracked 
|  95|0x000000070dc00000, 0x000000070dc00000, 0x000000070de00000|  0%| F|  |TAMS 0x000000070dc00000, 0x000000070dc00000| Untracked 
|  96|0x000000070de00000, 0x000000070de00000, 0x000000070e000000|  0%| F|  |TAMS 0x000000070de00000, 0x000000070de00000| Untracked 
|  97|0x000000070e000000, 0x000000070e000000, 0x000000070e200000|  0%| F|  |TAMS 0x000000070e000000, 0x000000070e000000| Untracked 
|  98|0x000000070e200000, 0x000000070e200000, 0x000000070e400000|  0%| F|  |TAMS 0x000000070e200000, 0x000000070e200000| Untracked 
|  99|0x000000070e400000, 0x000000070e400000, 0x000000070e600000|  0%| F|  |TAMS 0x000000070e400000, 0x000000070e400000| Untracked 
| 100|0x000000070e600000, 0x000000070e600000, 0x000000070e800000|  0%| F|  |TAMS 0x000000070e600000, 0x000000070e600000| Untracked 
| 101|0x000000070e800000, 0x000000070e800000, 0x000000070ea00000|  0%| F|  |TAMS 0x000000070e800000, 0x000000070e800000| Untracked 
| 102|0x000000070ea00000, 0x000000070ea00000, 0x000000070ec00000|  0%| F|  |TAMS 0x000000070ea00000, 0x000000070ea00000| Untracked 
| 103|0x000000070ec00000, 0x000000070ec00000, 0x000000070ee00000|  0%| F|  |TAMS 0x000000070ec00000, 0x000000070ec00000| Untracked 
| 104|0x000000070ee00000, 0x000000070ee00000, 0x000000070f000000|  0%| F|  |TAMS 0x000000070ee00000, 0x000000070ee00000| Untracked 
| 105|0x000000070f000000, 0x000000070f000000, 0x000000070f200000|  0%| F|  |TAMS 0x000000070f000000, 0x000000070f000000| Untracked 
| 106|0x000000070f200000, 0x000000070f200000, 0x000000070f400000|  0%| F|  |TAMS 0x000000070f200000, 0x000000070f200000| Untracked 
| 107|0x000000070f400000, 0x000000070f400000, 0x000000070f600000|  0%| F|  |TAMS 0x000000070f400000, 0x000000070f400000| Untracked 
| 108|0x000000070f600000, 0x000000070f600000, 0x000000070f800000|  0%| F|  |TAMS 0x000000070f600000, 0x000000070f600000| Untracked 
| 109|0x000000070f800000, 0x000000070f800000, 0x000000070fa00000|  0%| F|  |TAMS 0x000000070f800000, 0x000000070f800000| Untracked 
| 110|0x000000070fa00000, 0x000000070fa00000, 0x000000070fc00000|  0%| F|  |TAMS 0x000000070fa00000, 0x000000070fa00000| Untracked 
| 111|0x000000070fc00000, 0x000000070fc00000, 0x000000070fe00000|  0%| F|  |TAMS 0x000000070fc00000, 0x000000070fc00000| Untracked 
| 112|0x000000070fe00000, 0x000000070ffc6e50, 0x0000000710000000| 88%| S|CS|TAMS 0x000000070fe00000, 0x000000070fe00000| Complete 
| 113|0x0000000710000000, 0x0000000710200000, 0x0000000710200000|100%| S|CS|TAMS 0x0000000710000000, 0x0000000710000000| Complete 
| 114|0x0000000710200000, 0x0000000710200000, 0x0000000710400000|  0%| F|  |TAMS 0x0000000710200000, 0x0000000710200000| Untracked 
| 115|0x0000000710400000, 0x0000000710400000, 0x0000000710600000|  0%| F|  |TAMS 0x0000000710400000, 0x0000000710400000| Untracked 
| 116|0x0000000710600000, 0x0000000710600000, 0x0000000710800000|  0%| F|  |TAMS 0x0000000710600000, 0x0000000710600000| Untracked 
| 117|0x0000000710800000, 0x0000000710800000, 0x0000000710a00000|  0%| F|  |TAMS 0x0000000710800000, 0x0000000710800000| Untracked 
| 118|0x0000000710a00000, 0x0000000710a00000, 0x0000000710c00000|  0%| F|  |TAMS 0x0000000710a00000, 0x0000000710a00000| Untracked 
| 119|0x0000000710c00000, 0x0000000710c00000, 0x0000000710e00000|  0%| F|  |TAMS 0x0000000710c00000, 0x0000000710c00000| Untracked 
| 120|0x0000000710e00000, 0x0000000710e00000, 0x0000000711000000|  0%| F|  |TAMS 0x0000000710e00000, 0x0000000710e00000| Untracked 
| 121|0x0000000711000000, 0x0000000711000000, 0x0000000711200000|  0%| F|  |TAMS 0x0000000711000000, 0x0000000711000000| Untracked 
| 122|0x0000000711200000, 0x0000000711200000, 0x0000000711400000|  0%| F|  |TAMS 0x0000000711200000, 0x0000000711200000| Untracked 
| 123|0x0000000711400000, 0x0000000711400000, 0x0000000711600000|  0%| F|  |TAMS 0x0000000711400000, 0x0000000711400000| Untracked 
| 124|0x0000000711600000, 0x0000000711600000, 0x0000000711800000|  0%| F|  |TAMS 0x0000000711600000, 0x0000000711600000| Untracked 
| 125|0x0000000711800000, 0x0000000711800000, 0x0000000711a00000|  0%| F|  |TAMS 0x0000000711800000, 0x0000000711800000| Untracked 
| 126|0x0000000711a00000, 0x0000000711a00000, 0x0000000711c00000|  0%| F|  |TAMS 0x0000000711a00000, 0x0000000711a00000| Untracked 
| 127|0x0000000711c00000, 0x0000000711debbc0, 0x0000000711e00000| 96%| E|  |TAMS 0x0000000711c00000, 0x0000000711c00000| Complete 

Card table byte_map: [0x000001d838fa0000,0x000001d8397a0000] _byte_map_base: 0x000001d835791000

Marking Bits (Prev, Next): (CMBitMap*) 0x000001d8218c6a50, (CMBitMap*) 0x000001d8218c6a90
 Prev Bits: [0x000001d839fa0000, 0x000001d83df28000)
 Next Bits: [0x000001d83df30000, 0x000001d841eb8000)

Polling page: 0x000001d81f5a0000

Metaspace:

Usage:
  Non-class:     10.26 MB used.
      Class:      1.29 MB used.
       Both:     11.55 MB used.

Virtual space:
  Non-class space:       64.00 MB reserved,      10.38 MB ( 16%) committed,  1 nodes.
      Class space:        1.00 GB reserved,       1.38 MB ( <1%) committed,  1 nodes.
             Both:        1.06 GB reserved,      11.75 MB (  1%) committed. 

Chunk freelists:
   Non-Class:  1.48 MB
       Class:  2.50 MB
        Both:  3.98 MB

MaxMetaspaceSize: unlimited
CompressedClassSpaceSize: 1.00 GB
Initial GC threshold: 21.00 MB
Current GC threshold: 21.00 MB
CDS: on
MetaspaceReclaimPolicy: balanced
 - commit_granule_bytes: 65536.
 - commit_granule_words: 8192.
 - virtual_space_node_default_size: 8388608.
 - enlarge_chunks_in_place: 1.
 - new_chunks_are_fully_committed: 0.
 - uncommit_free_chunks: 1.
 - use_allocation_guard: 0.


Internal statistics:

num_allocs_failed_limit: 0.
num_arena_births: 270.
num_arena_deaths: 0.
num_vsnodes_births: 2.
num_vsnodes_deaths: 0.
num_space_committed: 188.
num_space_uncommitted: 0.
num_chunks_returned_to_freelist: 0.
num_chunks_taken_from_freelist: 630.
num_chunk_merges: 0.
num_chunk_splits: 419.
num_chunks_enlarged: 312.
num_inconsistent_stats: 0.

CodeHeap 'non-profiled nmethods': size=120000Kb used=662Kb max_used=662Kb free=119338Kb
 bounds [0x000001d831270000, 0x000001d8314e0000, 0x000001d8387a0000]
CodeHeap 'profiled nmethods': size=120000Kb used=3357Kb max_used=3357Kb free=116642Kb
 bounds [0x000001d8297a0000, 0x000001d829af0000, 0x000001d830cd0000]
CodeHeap 'non-nmethods': size=5760Kb used=1282Kb max_used=1318Kb free=4478Kb
 bounds [0x000001d830cd0000, 0x000001d830f40000, 0x000001d831270000]
 total_blobs=2307 nmethods=1811 adapters=406
 compilation: enabled
              stopped_count=0, restarted_count=0
 full_count=0

Compilation events (20 events):
Event: 2.147 Thread 0x000001d8443b6b90 nmethod 1797 0x000001d829add910 code [0x000001d829addac0, 0x000001d829addd48]
Event: 2.147 Thread 0x000001d8443b6b90 1798       3       sun.util.locale.BaseLocale$Cache::normalizeKey (5 bytes)
Event: 2.147 Thread 0x000001d8443b6b90 nmethod 1798 0x000001d829adde10 code [0x000001d829addfc0, 0x000001d829ade108]
Event: 2.147 Thread 0x000001d8443b6b90 1800       3       sun.util.locale.BaseLocale$Cache::createObject (9 bytes)
Event: 2.147 Thread 0x000001d8443b6b90 nmethod 1800 0x000001d829ade190 code [0x000001d829ade380, 0x000001d829ade8b8]
Event: 2.147 Thread 0x000001d8443b6b90 1801       3       sun.util.locale.BaseLocale$Cache::createObject (8 bytes)
Event: 2.148 Thread 0x000001d8443b6b90 nmethod 1801 0x000001d829adea90 code [0x000001d829adec60, 0x000001d829adf038]
Event: 2.148 Thread 0x000001d8443b6b90 1796       3       sun.util.locale.LocaleObjectCache::normalizeKey (2 bytes)
Event: 2.148 Thread 0x000001d8443b6b90 nmethod 1796 0x000001d829adf190 code [0x000001d829adf320, 0x000001d829adf438]
Event: 2.150 Thread 0x000001d8443b6b90 1803       3       java.lang.AbstractStringBuilder::append (77 bytes)
Event: 2.150 Thread 0x000001d8443b6b90 nmethod 1803 0x000001d829adf510 code [0x000001d829adf720, 0x000001d829adfe18]
Event: 2.150 Thread 0x000001d8443b6b90 1804       3       java.lang.AbstractStringBuilder::isLatin1 (19 bytes)
Event: 2.150 Thread 0x000001d8443b6b90 nmethod 1804 0x000001d829ae0090 code [0x000001d829ae0220, 0x000001d829ae0398]
Event: 2.150 Thread 0x000001d8443b6b90 1805       3       java.lang.invoke.InfoFromMemberName::getName (8 bytes)
Event: 2.151 Thread 0x000001d8443b6b90 nmethod 1805 0x000001d829ae0410 code [0x000001d829ae05e0, 0x000001d829ae09e8]
Event: 2.151 Thread 0x000001d8443b6b90 1806       3       java.lang.invoke.InfoFromMemberName::getMethodType (8 bytes)
Event: 2.151 Thread 0x000001d8443b6b90 nmethod 1806 0x000001d829ae0b10 code [0x000001d829ae0cc0, 0x000001d829ae0e08]
Event: 2.151 Thread 0x000001d8443b6b90 1807       3       java.lang.invoke.LambdaFormEditor$TransformKey::packedBytes (30 bytes)
Event: 2.151 Thread 0x000001d8443b6b90 nmethod 1807 0x000001d829ae0f10 code [0x000001d829ae10a0, 0x000001d829ae1198]
Event: 2.187 Thread 0x000001d8443b6b90 1809       3       java.lang.CharacterData::of (136 bytes)

GC Heap History (4 events):
Event: 0.572 GC heap before
{Heap before GC invocations=0 (full 0):
 garbage-first heap   total 262144K, used 10240K [0x0000000701e00000, 0x0000000800000000)
  region size 2048K, 6 young (12288K), 0 survivors (0K)
 Metaspace       used 482K, committed 704K, reserved 1114112K
  class space    used 13K, committed 128K, reserved 1048576K
}
Event: 0.580 GC heap after
{Heap after GC invocations=1 (full 0):
 garbage-first heap   total 262144K, used 7465K [0x0000000701e00000, 0x0000000800000000)
  region size 2048K, 1 young (2048K), 1 survivors (2048K)
 Metaspace       used 482K, committed 704K, reserved 1114112K
  class space    used 13K, committed 128K, reserved 1048576K
}
Event: 1.107 GC heap before
{Heap before GC invocations=1 (full 0):
 garbage-first heap   total 262144K, used 17705K [0x0000000701e00000, 0x0000000800000000)
  region size 2048K, 6 young (12288K), 1 survivors (2048K)
 Metaspace       used 4515K, committed 4672K, reserved 1114112K
  class space    used 486K, committed 576K, reserved 1048576K
}
Event: 1.110 GC heap after
{Heap after GC invocations=2 (full 0):
 garbage-first heap   total 262144K, used 9361K [0x0000000701e00000, 0x0000000800000000)
  region size 2048K, 1 young (2048K), 1 survivors (2048K)
 Metaspace       used 4515K, committed 4672K, reserved 1114112K
  class space    used 486K, committed 576K, reserved 1048576K
}

Dll operation events (10 events):
Event: 0.011 Loaded shared library D:\Programs Files\bin\java.dll
Event: 0.094 Loaded shared library D:\Programs Files\bin\jsvml.dll
Event: 0.345 Loaded shared library D:\Programs Files\bin\zip.dll
Event: 0.357 Loaded shared library D:\Programs Files\bin\instrument.dll
Event: 0.369 Loaded shared library D:\Programs Files\bin\net.dll
Event: 0.372 Loaded shared library D:\Programs Files\bin\nio.dll
Event: 0.378 Loaded shared library D:\Programs Files\bin\zip.dll
Event: 0.600 Loaded shared library D:\Programs Files\IntelliJ IDEA Community Edition 2023.3.4\bin\breakgen64.dll
Event: 0.612 Loaded shared library D:\Programs Files\bin\extnet.dll
Event: 0.669 Loaded shared library D:\Programs Files\bin\jimage.dll

Deoptimization events (20 events):
Event: 2.148 Thread 0x000001d821854060 Uncommon trap: trap_request=0xffffff45 fr.pc=0x000001d8312861b0 relative=0x00000000000003f0
Event: 2.148 Thread 0x000001d821854060 Uncommon trap: reason=unstable_if action=reinterpret pc=0x000001d8312861b0 method=java.lang.StringLatin1.canEncode(I)Z @ 4 c2
Event: 2.148 Thread 0x000001d821854060 DEOPT PACKING pc=0x000001d8312861b0 sp=0x000000b453bfcca0
Event: 2.148 Thread 0x000001d821854060 DEOPT UNPACKING pc=0x000001d830d36da3 sp=0x000000b453bfcbc8 mode 2
Event: 2.148 Thread 0x000001d821854060 Uncommon trap: trap_request=0xffffff45 fr.pc=0x000001d83128ce9c relative=0x00000000000003dc
Event: 2.148 Thread 0x000001d821854060 Uncommon trap: reason=unstable_if action=reinterpret pc=0x000001d83128ce9c method=java.lang.AbstractStringBuilder.isLatin1()Z @ 10 c2
Event: 2.148 Thread 0x000001d821854060 DEOPT PACKING pc=0x000001d83128ce9c sp=0x000000b453bfccc0
Event: 2.148 Thread 0x000001d821854060 DEOPT UNPACKING pc=0x000001d830d36da3 sp=0x000000b453bfcc40 mode 2
Event: 2.148 Thread 0x000001d821854060 Uncommon trap: trap_request=0xffffff45 fr.pc=0x000001d83128677c relative=0x000000000000005c
Event: 2.148 Thread 0x000001d821854060 Uncommon trap: reason=unstable_if action=reinterpret pc=0x000001d83128677c method=java.lang.AbstractStringBuilder.isLatin1()Z @ 10 c2
Event: 2.148 Thread 0x000001d821854060 DEOPT PACKING pc=0x000001d83128677c sp=0x000000b453bfcca0
Event: 2.149 Thread 0x000001d821854060 DEOPT UNPACKING pc=0x000001d830d36da3 sp=0x000000b453bfcc30 mode 2
Event: 2.151 Thread 0x000001d821854060 Uncommon trap: trap_request=0xffffff45 fr.pc=0x000001d83127c0fc relative=0x000000000000005c
Event: 2.151 Thread 0x000001d821854060 Uncommon trap: reason=unstable_if action=reinterpret pc=0x000001d83127c0fc method=java.lang.String.isLatin1()Z @ 10 c2
Event: 2.151 Thread 0x000001d821854060 DEOPT PACKING pc=0x000001d83127c0fc sp=0x000000b453bfc930
Event: 2.151 Thread 0x000001d821854060 DEOPT UNPACKING pc=0x000001d830d36da3 sp=0x000000b453bfc8c0 mode 2
Event: 2.151 Thread 0x000001d821854060 Uncommon trap: trap_request=0xffffff45 fr.pc=0x000001d8312debe8 relative=0x0000000000000048
Event: 2.151 Thread 0x000001d821854060 Uncommon trap: reason=unstable_if action=reinterpret pc=0x000001d8312debe8 method=java.lang.CharacterData.of(I)Ljava/lang/CharacterData; @ 4 c2
Event: 2.151 Thread 0x000001d821854060 DEOPT PACKING pc=0x000001d8312debe8 sp=0x000000b453bfc470
Event: 2.151 Thread 0x000001d821854060 DEOPT UNPACKING pc=0x000001d830d36da3 sp=0x000000b453bfc408 mode 2

Classes loaded (20 events):
Event: 2.081 Loading class java/io/ObjectStreamException done
Event: 2.081 Loading class java/io/InvalidObjectException done
Event: 2.083 Loading class java/util/concurrent/ConcurrentLinkedQueue
Event: 2.083 Loading class java/util/concurrent/ConcurrentLinkedQueue done
Event: 2.083 Loading class java/util/concurrent/ConcurrentLinkedQueue$Node
Event: 2.083 Loading class java/util/concurrent/ConcurrentLinkedQueue$Node done
Event: 2.086 Loading class java/util/concurrent/atomic/AtomicLongArray
Event: 2.086 Loading class java/util/concurrent/atomic/AtomicLongArray done
Event: 2.086 Loading class java/lang/invoke/VarHandleLongs$Array
Event: 2.086 Loading class java/lang/invoke/VarHandleLongs$Array done
Event: 2.087 Loading class java/util/concurrent/atomic/AtomicReferenceArray
Event: 2.087 Loading class java/util/concurrent/atomic/AtomicReferenceArray done
Event: 2.087 Loading class java/lang/invoke/VarHandleReferences$Array
Event: 2.087 Loading class java/lang/invoke/VarHandleReferences$Array done
Event: 2.141 Loading class sun/text/resources/cldr/FormatData_en
Event: 2.142 Loading class sun/text/resources/cldr/FormatData_en done
Event: 2.142 Loading class sun/text/resources/cldr/FormatData_en_US
Event: 2.142 Loading class sun/text/resources/cldr/FormatData_en_US done
Event: 2.172 Loading class java/io/CharArrayReader
Event: 2.173 Loading class java/io/CharArrayReader done

Classes unloaded (0 events):
No events

Classes redefined (0 events):
No events

Internal exceptions (20 events):
Event: 1.410 Thread 0x000001d821854060 Exception <a 'java/lang/NoSuchMethodError'{0x00000007117f1428}: 'java.lang.Object java.lang.invoke.DirectMethodHandle$Holder.newInvokeSpecial(java.lang.Object, java.lang.Object, java.lang.Object, java.lang.Object, java.lang.Object, java.lang.Object, java.lang.Object)'> (0x00000007117f1428) 
thrown [s\open\src\hotspot\share\interpreter\linkResolver.cpp, line 774]
Event: 1.417 Thread 0x000001d821854060 Exception <a 'java/lang/NoSuchMethodError'{0x00000007114212d8}: 'java.lang.reflect.Field[] java.lang.Class.getDeclaredFields(java.lang.Class)'> (0x00000007114212d8) 
thrown [s\open\src\hotspot\share\interpreter\linkResolver.cpp, line 774]
Event: 1.418 Thread 0x000001d821854060 Exception <a 'java/lang/NoSuchMethodError'{0x0000000711425d30}: 'java.lang.Object java.lang.invoke.DirectMethodHandle$Holder.invokeStatic(java.lang.Object, java.lang.Object, int)'> (0x0000000711425d30) 
thrown [s\open\src\hotspot\share\interpreter\linkResolver.cpp, line 774]
Event: 1.419 Thread 0x000001d821854060 Exception <a 'java/lang/NoSuchMethodError'{0x0000000711431f60}: 'void java.lang.invoke.DelegatingMethodHandle$Holder.delegate(java.lang.Object, java.lang.Object, int, java.lang.Object)'> (0x0000000711431f60) 
thrown [s\open\src\hotspot\share\interpreter\linkResolver.cpp, line 774]
Event: 1.647 Thread 0x000001d821854060 Exception <a 'java/lang/NoSuchMethodError'{0x0000000711582700}: 'void java.lang.invoke.DirectMethodHandle$Holder.invokeStaticInit(java.lang.Object, java.lang.Object)'> (0x0000000711582700) 
thrown [s\open\src\hotspot\share\interpreter\linkResolver.cpp, line 774]
Event: 1.672 Thread 0x000001d821854060 Exception <a 'java/lang/NoSuchMethodError'{0x000000071101a118}: 'java.lang.Object java.lang.invoke.DirectMethodHandle$Holder.invokeSpecial(java.lang.Object, java.lang.Object, java.lang.Object, java.lang.Object, java.lang.Object, java.lang.Object, int)'> (0x000000071101a118) 
thrown [s\open\src\hotspot\share\interpreter\linkResolver.cpp, line 774]
Event: 1.673 Thread 0x000001d821854060 Exception <a 'java/lang/NoSuchMethodError'{0x0000000711024698}: 'java.lang.Object java.lang.invoke.DirectMethodHandle$Holder.newInvokeSpecial(java.lang.Object, java.lang.Object, java.lang.Object, java.lang.Object, java.lang.Object, java.lang.Object, int)'> (0x0000000711024698) 
thrown [s\open\src\hotspot\share\interpreter\linkResolver.cpp, line 774]
Event: 1.674 Thread 0x000001d821854060 Exception <a 'java/lang/NoSuchMethodError'{0x0000000711029700}: 'java.lang.Object java.lang.invoke.DirectMethodHandle$Holder.invokeSpecial(java.lang.Object, java.lang.Object, java.lang.Object, java.lang.Object, java.lang.Object, java.lang.Object, java.lang.Object, int)'> (0x0000000711029700) 
thrown [s\open\src\hotspot\share\interpreter\linkResolver.cpp, line 774]
Event: 1.724 Thread 0x000001d821854060 Exception <a 'java/lang/NoSuchMethodError'{0x00000007111965f0}: 'int java.lang.invoke.DirectMethodHandle$Holder.invokeInterface(java.lang.Object, java.lang.Object)'> (0x00000007111965f0) 
thrown [s\open\src\hotspot\share\interpreter\linkResolver.cpp, line 774]
Event: 1.739 Thread 0x000001d821854060 Exception <a 'java/lang/NoSuchMethodError'{0x00000007111f3fb8}: 'int java.lang.invoke.DirectMethodHandle$Holder.invokeVirtual(java.lang.Object, java.lang.Object)'> (0x00000007111f3fb8) 
thrown [s\open\src\hotspot\share\interpreter\linkResolver.cpp, line 774]
Event: 1.792 Thread 0x000001d821854060 Exception <a 'java/lang/NoSuchMethodError'{0x0000000710f72228}: 'java.lang.Object java.lang.invoke.DirectMethodHandle$Holder.invokeSpecial(java.lang.Object, java.lang.Object, java.lang.Object, int, java.lang.Object)'> (0x0000000710f72228) 
thrown [s\open\src\hotspot\share\interpreter\linkResolver.cpp, line 774]
Event: 1.793 Thread 0x000001d821854060 Exception <a 'java/lang/NoSuchMethodError'{0x0000000710f7a7a0}: 'java.lang.Object java.lang.invoke.DirectMethodHandle$Holder.newInvokeSpecial(java.lang.Object, java.lang.Object, java.lang.Object, int, java.lang.Object)'> (0x0000000710f7a7a0) 
thrown [s\open\src\hotspot\share\interpreter\linkResolver.cpp, line 774]
Event: 1.794 Thread 0x000001d821854060 Exception <a 'java/lang/NoSuchMethodError'{0x0000000710f82190}: 'java.lang.Object java.lang.invoke.Invokers$Holder.linkToTargetMethod(java.lang.Object, java.lang.Object, int, java.lang.Object, java.lang.Object)'> (0x0000000710f82190) 
thrown [s\open\src\hotspot\share\interpreter\linkResolver.cpp, line 774]
Event: 1.795 Thread 0x000001d821854060 Exception <a 'java/lang/NoSuchMethodError'{0x0000000710f8dcb8}: 'java.lang.Object java.lang.invoke.DirectMethodHandle$Holder.newInvokeSpecial(java.lang.Object, int, java.lang.Object)'> (0x0000000710f8dcb8) 
thrown [s\open\src\hotspot\share\interpreter\linkResolver.cpp, line 774]
Event: 1.796 Thread 0x000001d821854060 Exception <a 'java/lang/NoSuchMethodError'{0x0000000710f92780}: 'int java.lang.invoke.DirectMethodHandle$Holder.invokeSpecialIFC(java.lang.Object, java.lang.Object, java.lang.Object, java.lang.Object)'> (0x0000000710f92780) 
thrown [s\open\src\hotspot\share\interpreter\linkResolver.cpp, line 774]
Event: 1.820 Thread 0x000001d821854060 Exception <a 'java/lang/NoSuchMethodError'{0x0000000710c441f8}: 'void java.lang.invoke.DirectMethodHandle$Holder.invokeVirtual(java.lang.Object, java.lang.Object, int)'> (0x0000000710c441f8) 
thrown [s\open\src\hotspot\share\interpreter\linkResolver.cpp, line 774]
Event: 1.821 Thread 0x000001d821854060 Exception <a 'java/lang/NoSuchMethodError'{0x0000000710c48b60}: 'int java.lang.invoke.DirectMethodHandle$Holder.invokeSpecial(java.lang.Object, java.lang.Object, java.lang.Object, int)'> (0x0000000710c48b60) 
thrown [s\open\src\hotspot\share\interpreter\linkResolver.cpp, line 774]
Event: 1.824 Thread 0x000001d821854060 Exception <a 'java/lang/NoSuchMethodError'{0x0000000710c5ae90}: 'java.lang.Object java.lang.invoke.DirectMethodHandle$Holder.invokeStatic(java.lang.Object, java.lang.Object, java.lang.Object, java.lang.Object, int)'> (0x0000000710c5ae90) 
thrown [s\open\src\hotspot\share\interpreter\linkResolver.cpp, line 774]
Event: 1.826 Thread 0x000001d821854060 Exception <a 'java/lang/NoSuchMethodError'{0x0000000710c66960}: 'void java.lang.invoke.DelegatingMethodHandle$Holder.reinvoke_L(java.lang.Object, java.lang.Object, int)'> (0x0000000710c66960) 
thrown [s\open\src\hotspot\share\interpreter\linkResolver.cpp, line 774]
Event: 1.958 Thread 0x000001d821854060 Exception <a 'java/lang/NoSuchMethodError'{0x0000000710812248}: 'void java.lang.invoke.DirectMethodHandle$Holder.invokeSpecial(java.lang.Object, java.lang.Object, java.lang.Object, java.lang.Object, java.lang.Object)'> (0x0000000710812248) 
thrown [s\open\src\hotspot\share\interpreter\linkResolver.cpp, line 774]

VM Operations (20 events):
Event: 1.107 Executing VM operation: G1CollectForAllocation
Event: 1.110 Executing VM operation: G1CollectForAllocation done
Event: 1.211 Executing VM operation: HandshakeAllThreads
Event: 1.211 Executing VM operation: HandshakeAllThreads done
Event: 1.418 Executing VM operation: HandshakeAllThreads
Event: 1.418 Executing VM operation: HandshakeAllThreads done
Event: 1.453 Executing VM operation: HandshakeAllThreads
Event: 1.453 Executing VM operation: HandshakeAllThreads done
Event: 1.737 Executing VM operation: HandshakeAllThreads
Event: 1.737 Executing VM operation: HandshakeAllThreads done
Event: 1.759 Executing VM operation: HandshakeAllThreads
Event: 1.759 Executing VM operation: HandshakeAllThreads done
Event: 1.803 Executing VM operation: ICBufferFull
Event: 1.803 Executing VM operation: ICBufferFull done
Event: 1.957 Executing VM operation: HandshakeAllThreads
Event: 1.957 Executing VM operation: HandshakeAllThreads done
Event: 1.958 Executing VM operation: HandshakeAllThreads
Event: 1.958 Executing VM operation: HandshakeAllThreads done
Event: 2.151 Executing VM operation: HandshakeAllThreads
Event: 2.152 Executing VM operation: HandshakeAllThreads done

Events (18 events):
Event: 0.094 Thread 0x000001d821854060 Thread added: 0x000001d821854060
Event: 0.113 Thread 0x000001d8443aa750 Thread added: 0x000001d8443aa750
Event: 0.113 Thread 0x000001d8443ab340 Thread added: 0x000001d8443ab340
Event: 0.113 Thread 0x000001d8443acd40 Thread added: 0x000001d8443acd40
Event: 0.113 Thread 0x000001d8443ae680 Thread added: 0x000001d8443ae680
Event: 0.113 Thread 0x000001d8443aefb0 Thread added: 0x000001d8443aefb0
Event: 0.113 Thread 0x000001d8443afa20 Thread added: 0x000001d8443afa20
Event: 0.114 Thread 0x000001d8443b0680 Thread added: 0x000001d8443b0680
Event: 0.114 Thread 0x000001d8443b6b90 Thread added: 0x000001d8443b6b90
Event: 0.114 Thread 0x000001d8443c3540 Thread added: 0x000001d8443c3540
Event: 0.290 Thread 0x000001d84437b800 Thread added: 0x000001d84437b800
Event: 0.601 Thread 0x000001d8486f49d0 Thread added: 0x000001d8486f49d0
Event: 0.601 Thread 0x000001d848d56cf0 Thread added: 0x000001d848d56cf0
Event: 0.665 Thread 0x000001d848876100 Thread added: 0x000001d848876100
Event: 1.628 Thread 0x000001d8497c2020 Thread added: 0x000001d8497c2020
Event: 1.629 Thread 0x000001d848876100 Thread exited: 0x000001d848876100
Event: 1.638 Thread 0x000001d8497c2020 Thread exited: 0x000001d8497c2020
Event: 1.832 Thread 0x000001d8497c1030 Thread added: 0x000001d8497c1030


Dynamic libraries:
0x00007ff6e6540000 - 0x00007ff6e6550000 	D:\Programs Files\bin\java.exe
0x00007ffaf3310000 - 0x00007ffaf3508000 	C:\WINDOWS\SYSTEM32\ntdll.dll
0x00007ffaf2f40000 - 0x00007ffaf2ffd000 	C:\WINDOWS\System32\KERNEL32.DLL
0x00007ffaf0c20000 - 0x00007ffaf0f16000 	C:\WINDOWS\System32\KERNELBASE.dll
0x00007ffaf09d0000 - 0x00007ffaf0ad0000 	C:\WINDOWS\System32\ucrtbase.dll
0x00007ffadfb60000 - 0x00007ffadfb78000 	D:\Programs Files\bin\jli.dll
0x00007ffadeb60000 - 0x00007ffadeb7b000 	D:\Programs Files\bin\VCRUNTIME140.dll
0x00007ffaf3000000 - 0x00007ffaf30b3000 	C:\WINDOWS\System32\ADVAPI32.dll
0x00007ffaf28d0000 - 0x00007ffaf296e000 	C:\WINDOWS\System32\msvcrt.dll
0x00007ffaf2820000 - 0x00007ffaf28bf000 	C:\WINDOWS\System32\sechost.dll
0x00007ffaf2650000 - 0x00007ffaf2776000 	C:\WINDOWS\System32\RPCRT4.dll
0x00007ffaf0ad0000 - 0x00007ffaf0af7000 	C:\WINDOWS\System32\bcrypt.dll
0x00007ffaf2970000 - 0x00007ffaf2b0e000 	C:\WINDOWS\System32\USER32.dll
0x00007ffaf10f0000 - 0x00007ffaf1112000 	C:\WINDOWS\System32\win32u.dll
0x00007ffaf25c0000 - 0x00007ffaf25eb000 	C:\WINDOWS\System32\GDI32.dll
0x00007ffaf0b00000 - 0x00007ffaf0c17000 	C:\WINDOWS\System32\gdi32full.dll
0x00007ffaf1120000 - 0x00007ffaf11bd000 	C:\WINDOWS\System32\msvcp_win.dll
0x00007ffadbda0000 - 0x00007ffadc03a000 	C:\WINDOWS\WinSxS\amd64_microsoft.windows.common-controls_6595b64144ccf1df_6.0.19041.3636_none_60b6a03d71f818d5\COMCTL32.dll
0x00007ffadf880000 - 0x00007ffadf88a000 	C:\WINDOWS\SYSTEM32\VERSION.dll
0x00007ffaf2580000 - 0x00007ffaf25b2000 	C:\WINDOWS\System32\IMM32.DLL
0x00007ffadfb50000 - 0x00007ffadfb5c000 	D:\Programs Files\bin\vcruntime140_1.dll
0x00007ffaa4620000 - 0x00007ffaa46ae000 	D:\Programs Files\bin\msvcp140.dll
0x00007ffa602a0000 - 0x00007ffa60f60000 	D:\Programs Files\bin\server\jvm.dll
0x00007ffad8bd0000 - 0x00007ffad8bd9000 	C:\WINDOWS\SYSTEM32\WSOCK32.dll
0x00007ffad4a90000 - 0x00007ffad4ab7000 	C:\WINDOWS\SYSTEM32\WINMM.dll
0x00007ffaf1ea0000 - 0x00007ffaf1f0b000 	C:\WINDOWS\System32\WS2_32.dll
0x00007ffaef220000 - 0x00007ffaef232000 	C:\WINDOWS\SYSTEM32\kernel.appcore.dll
0x00007ffadee90000 - 0x00007ffadee9a000 	D:\Programs Files\bin\jimage.dll
0x00007ffaeeed0000 - 0x00007ffaef0b4000 	C:\WINDOWS\SYSTEM32\DBGHELP.DLL
0x00007ffad4be0000 - 0x00007ffad4c14000 	C:\WINDOWS\SYSTEM32\dbgcore.DLL
0x00007ffaf11c0000 - 0x00007ffaf1242000 	C:\WINDOWS\System32\bcryptPrimitives.dll
0x00007ffaec180000 - 0x00007ffaec18e000 	D:\Programs Files\bin\instrument.dll
0x00007ffadeb30000 - 0x00007ffadeb56000 	D:\Programs Files\bin\java.dll
0x00007ffaa2620000 - 0x00007ffaa26f7000 	D:\Programs Files\bin\jsvml.dll
0x00007ffaf1350000 - 0x00007ffaf1a95000 	C:\WINDOWS\System32\SHELL32.dll
0x00007ffaee730000 - 0x00007ffaeeecc000 	C:\WINDOWS\SYSTEM32\windows.storage.dll
0x00007ffaf2b10000 - 0x00007ffaf2e64000 	C:\WINDOWS\System32\combase.dll
0x00007ffaf0330000 - 0x00007ffaf035e000 	C:\WINDOWS\SYSTEM32\Wldp.dll
0x00007ffaf2e70000 - 0x00007ffaf2f3d000 	C:\WINDOWS\System32\OLEAUT32.dll
0x00007ffaf1b00000 - 0x00007ffaf1bad000 	C:\WINDOWS\System32\SHCORE.dll
0x00007ffaf2520000 - 0x00007ffaf2575000 	C:\WINDOWS\System32\shlwapi.dll
0x00007ffaf0900000 - 0x00007ffaf0925000 	C:\WINDOWS\SYSTEM32\profapi.dll
0x00007ffadea80000 - 0x00007ffadea98000 	D:\Programs Files\bin\zip.dll
0x00007ffadeb10000 - 0x00007ffadeb23000 	D:\Programs Files\bin\net.dll
0x00007ffadfe10000 - 0x00007ffadff1a000 	C:\WINDOWS\SYSTEM32\WINHTTP.dll
0x00007ffaf0070000 - 0x00007ffaf00da000 	C:\WINDOWS\system32\mswsock.dll
0x00007ffadeaa0000 - 0x00007ffadeab6000 	D:\Programs Files\bin\nio.dll
0x00007ffadfca0000 - 0x00007ffadfcba000 	D:\Programs Files\IntelliJ IDEA Community Edition 2023.3.4\bin\breakgen64.dll
0x00007ffadeca0000 - 0x00007ffadeca8000 	D:\Programs Files\bin\extnet.dll
0x00007ffaefd50000 - 0x00007ffaefd8b000 	C:\WINDOWS\SYSTEM32\IPHLPAPI.DLL
0x00007ffaf1c90000 - 0x00007ffaf1c98000 	C:\WINDOWS\System32\NSI.dll
0x00007ffae35e0000 - 0x00007ffae35f7000 	C:\WINDOWS\SYSTEM32\dhcpcsvc6.DLL
0x00007ffae4420000 - 0x00007ffae443d000 	C:\WINDOWS\SYSTEM32\dhcpcsvc.DLL
0x00007ffaefd90000 - 0x00007ffaefe5b000 	C:\WINDOWS\SYSTEM32\DNSAPI.dll
0x00007ffada5e0000 - 0x00007ffada5ea000 	C:\Windows\System32\rasadhlp.dll
0x00007ffadd580000 - 0x00007ffadd600000 	C:\WINDOWS\System32\fwpuclnt.dll

dbghelp: loaded successfully - version: 4.0.5 - missing functions: none
symbol engine: initialized successfully - sym options: 0x614 - pdb path: .;D:\Programs Files\bin;C:\WINDOWS\SYSTEM32;C:\WINDOWS\WinSxS\amd64_microsoft.windows.common-controls_6595b64144ccf1df_6.0.19041.3636_none_60b6a03d71f818d5;D:\Programs Files\bin\server;D:\Programs Files\IntelliJ IDEA Community Edition 2023.3.4\bin

VM Arguments:
jvm_args: -javaagent:D:\Programs Files\IntelliJ IDEA Community Edition 2023.3.4\lib\idea_rt.jar=58864:D:\Programs Files\IntelliJ IDEA Community Edition 2023.3.4\bin -Dfile.encoding=UTF-8 -Dsun.stdout.encoding=UTF-8 -Dsun.stderr.encoding=UTF-8 
java_command: com.hackacode.gestionPaqSer.GestionPaqSerApplication
java_class_path (initial): D:\Irving\Irving 2\Cursos\TodoCode\HackaCode\Ethereal Trek\Back\Servicios\gestionPaqSer\target\classes;C:\Users\iamf_\.m2\repository\org\springframework\boot\spring-boot-starter-data-jpa\3.2.2\spring-boot-starter-data-jpa-3.2.2.jar;C:\Users\iamf_\.m2\repository\org\springframework\boot\spring-boot-starter-aop\3.2.2\spring-boot-starter-aop-3.2.2.jar;C:\Users\iamf_\.m2\repository\org\springframework\spring-aop\6.1.3\spring-aop-6.1.3.jar;C:\Users\iamf_\.m2\repository\org\aspectj\aspectjweaver\1.9.21\aspectjweaver-1.9.21.jar;C:\Users\iamf_\.m2\repository\org\springframework\boot\spring-boot-starter-jdbc\3.2.2\spring-boot-starter-jdbc-3.2.2.jar;C:\Users\iamf_\.m2\repository\com\zaxxer\HikariCP\5.0.1\HikariCP-5.0.1.jar;C:\Users\iamf_\.m2\repository\org\springframework\spring-jdbc\6.1.3\spring-jdbc-6.1.3.jar;C:\Users\iamf_\.m2\repository\org\hibernate\orm\hibernate-core\6.4.1.Final\hibernate-core-6.4.1.Final.jar;C:\Users\iamf_\.m2\repository\jakarta\persistence\jakarta.persistence-api\3.1.0\jakarta.persistence-api-3.1.0.jar;C:\Users\iamf_\.m2\repository\jakarta\transaction\jakarta.transaction-api\2.0.1\jakarta.transaction-api-2.0.1.jar;C:\Users\iamf_\.m2\repository\org\jboss\logging\jboss-logging\3.5.3.Final\jboss-logging-3.5.3.Final.jar;C:\Users\iamf_\.m2\repository\org\hibernate\common\hibernate-commons-annotations\6.0.6.Final\hibernate-commons-annotations-6.0.6.Final.jar;C:\Users\iamf_\.m2\repository\io\smallrye\jandex\3.1.2\jandex-3.1.2.jar;C:\Users\iamf_\.m2\repository\com\fasterxml\classmate\1.6.0\classmate-1.6.0.jar;C:\Users\iamf_\.m2\repository\net\bytebuddy\byte-buddy\1.14.11\byte-buddy-1.14.11.jar;C:\Users\iamf_\.m2\repository\org\glassfish\jaxb\jaxb-runtime\4.0.4\jaxb-runtime-4.0.4.jar;C:\Users\iamf_\.m2\repository\org\glassfish\jaxb\jaxb-core\4.0.4\jaxb-core-4.0.4.jar;C:\Users\iamf_\.m2\repository\org\eclipse\angus\angus-activation\2.0.1\angus-activation-2.0.1.jar;C:\Users\iamf_\.m2\repository\org\glassfish\jaxb\txw2\4.0.4\txw2-4.0.4.jar;C:\Users\iamf_\.m2\repository\com\sun\istack\istack-commons-runtime\4.1.2\istack-commons-runtime-4.1.2.jar;C:\Users\iamf_\.m2\repository\jakarta\inject\jakarta.inject-api\2.0.1\jakarta.inject-api-2.0.1.jar;C:\Users\iamf_\.m2\repository\org\antlr\antlr4-runtime\4.13.0\antlr4-runtime-4.13.0.jar;C:\Users\iamf_\.m2\repository\org\springframework\data\spring-data-jpa\3.2.2\spring-data-jpa-3.2.2.jar;C:\Users\iamf_\.m2\repository\org\springframework\data\spring-data-commons\3.2.2\spring-data-commons-3.2.2.jar;C:\Users\iamf_\.m2\repository\org\springframework\spring-orm\6.1.3\spring-orm-6.1.3.jar;C:\Users\iamf_\.m2\repository\org\springframework\spring-context\6.1.3\spring-context-6.1.3.jar;C:\Users\iamf_\.m2\repository\org\springframework\spring-tx\6.1.3\spring-tx-6.1.3.jar;C:\Users\iamf_\.m2\repository\org\springframework\spring-beans\6.1.3\spring-beans-6.1.3.jar;C:\Users\iamf_\.m2\repository\jakarta\annotation\jakarta.annotation-api\2.1.1\jakarta.annotation-api-2.1.1.jar;C:\Users\iamf_\.m2\repository\org\springframework\spring-aspects\6.1.3\spring-aspects-6.1.3.jar;C:\Users\iamf_\.m2\repository\org\springframework\boot\spring-boot-starter-web\3.2.2\spring-boot-starter-web-3.2.2.jar;C:\Users\iamf_\.m2\repository\org\springframework\boot\spring-boot-starter\3.2.2\spring-boot-starter-3.2.2.jar;C:\Users\iamf_\.m2\repository\org\springframework\boot\spring-boot\3.2.2\spring-boot-3.2.2.jar;C:\Users\iamf_\.m2\repository\org\springframework\boot\spring-boot-autoconfigure\3.2.2\spring-boot-autoconfigure-3.2.2.jar;C:\Users\iamf_\.m2\repository\org\springframework\boot\spring-boot-starter-logging\3.2.2\spring-boot-starter-logging-3.2.2.jar;C:\Users\iamf_\.m2\repository\ch\qos\logback\logback-classic\1.4.14\logback-classic-1.4.14.jar;C:\Users\iamf_\.m2\repository\ch\qos\logback\logback-core\1.4.14\logback-core-1.4.14.jar;C:\Users\iamf_\.m2\repository\org\apache\logging\log4j\log4j-to-slf4j\2.21.1\log4j-to-slf4j-2.21.1.jar;C:\Users\iamf_\.m2\repository\org\apache\logging\log4j\log4j-api\2.21.1\log4j-api-2.21.1.jar;C:\Users\iamf_\.m2\repository\org\slf4j\jul-to-slf4j\2.0.11\jul-to-slf4j-2.0.11.jar;C:\Users\iamf_\.m2\repository\org\yaml\snakeyaml\2.2\snakeyaml-2.2.jar;C:\Users\iamf_\.m2\repository\org\springframework\boot\spring-boot-starter-json\3.2.2\spring-boot-starter-json-3.2.2.jar;C:\Users\iamf_\.m2\repository\com\fasterxml\jackson\datatype\jackson-datatype-jdk8\2.15.3\jackson-datatype-jdk8-2.15.3.jar;C:\Users\iamf_\.m2\repository\com\fasterxml\jackson\datatype\jackson-datatype-jsr310\2.15.3\jackson-datatype-jsr310-2.15.3.jar;C:\Users\iamf_\.m2\repository\com\fasterxml\jackson\module\jackson-module-parameter-names\2.15.3\jackson-module-parameter-names-2.15.3.jar;C:\Users\iamf_\.m2\repository\org\springframework\boot\spring-boot-starter-tomcat\3.2.2\spring-boot-starter-tomcat-3.2.2.jar;C:\Users\iamf_\.m2\repository\org\apache\tomcat\embed\tomcat-embed-core\10.1.18\tomcat-embed-core-10.1.18.jar;C:\Users\iamf_\.m2\repository\org\apache\tomcat\embed\tomcat-embed-el\10.1.18\tomcat-embed-el-10.1.18.jar;C:\Users\iamf_\.m2\repository\org\apache\tomcat\embed\tomcat-embed-websocket\10.1.18\tomcat-embed-websocket-10.1.18.jar;C:\Users\iamf_\.m2\repository\org\springframework\spring-web\6.1.3\spring-web-6.1.3.jar;C:\Users\iamf_\.m2\repository\org\springframework\spring-webmvc\6.1.3\spring-webmvc-6.1.3.jar;C:\Users\iamf_\.m2\repository\org\springframework\spring-expression\6.1.3\spring-expression-6.1.3.jar;C:\Users\iamf_\.m2\repository\org\springframework\cloud\spring-cloud-starter-netflix-eureka-client\4.1.0\spring-cloud-starter-netflix-eureka-client-4.1.0.jar;C:\Users\iamf_\.m2\repository\org\springframework\cloud\spring-cloud-starter\4.1.0\spring-cloud-starter-4.1.0.jar;C:\Users\iamf_\.m2\repository\org\springframework\cloud\spring-cloud-context\4.1.0\spring-cloud-context-4.1.0.jar;C:\Users\iamf_\.m2\repository\org\springframework\security\spring-security-rsa\1.1.1\spring-security-rsa-1.1.1.jar;C:\Users\iamf_\.m2\repository\org\bouncycastle\bcprov-jdk18on\1.74\bcprov-jdk18on-1.74.jar;C:\Users\iamf_\.m2\repository\org\springframework\cloud\spring-cloud-netflix-eureka-client\4.1.0\spring-cloud-netflix-eureka-client-4.1.0.jar;C:\Users\iamf_\.m2\repository\org\apache\httpcomponents\client5\httpclient5\5.2.3\httpclient5-5.2.3.jar;C:\Users\iamf_\.m2\repository\org\apache\httpcomponents\core5\httpcore5\5.2.4\httpcore5-5.2.4.jar;C:\Users\iamf_\.m2\repository\org\apache\httpcomponents\core5\httpcore5-h2\5.2.4\httpcore5-h2-5.2.4.jar;C:\Users\iamf_\.m2\repository\com\netflix\eureka\eureka-client\2.0.1\eureka-client-2.0.1.jar;C:\Users\iamf_\.m2\repository\com\netflix\netflix-commons\netflix-eventbus\0.3.0\netflix-eventbus-0.3.0.jar;C:\Users\iamf_\.m2\repository\com\netflix\netflix-commons\netflix-infix\0.3.0\netflix-infix-0.3.0.jar;C:\Users\iamf_\.m2\repository\commons-jxpath\commons-jxpath\1.3\commons-jxpath-1.3.jar;C:\Users\iamf_\.m2\repository\joda-time\joda-time\2.3\joda-time-2.3.jar;C:\Users\iamf_\.m2\repository\org\antlr\antlr-runtime\3.4\antlr-runtime-3.4.jar;C:\Users\iamf_\.m2\repository\org\antlr\stringtemplate\3.2.1\stringtemplate-3.2.1.jar;C:\Users\iamf_\.m2\repository\antlr\antlr\2.7.7\antlr-2.7.7.jar;C:\Users\iamf_\.m2\repository\com\google\code\gson\gson\2.10.1\gson-2.10.1.jar;C:\Users\iamf_\.m2\repository\org\apache\commons\commons-math\2.2\commons-math-2.2.jar;C:\Users\iamf_\.m2\repository\com\thoughtworks\xstream\xstream\1.4.19\xstream-1.4.19.jar;C:\Users\iamf_\.m2\repository\io\github\x-stream\mxparser\1.2.2\mxparser-1.2.2.jar;C:\Users\iamf_\.m2\repository\xmlpull\xmlpull\1.1.3.1\xmlpull-1.1.3.1.jar;C:\Users\iamf_\.m2\repository\jakarta\ws\rs\jakarta.ws.rs-api\3.1.0\jakarta.ws.rs-api-3.1.0.jar;C:\Users\iamf_\.m2\repository\com\netflix\servo\servo-core\0.12.21\servo-core-0.12.21.jar;C:\Users\iamf_\.m2\repository\com\google\guava\guava\19.0\guava-19.0.jar;C:\Users\iamf_\.m2\repository\org\apache\httpcomponents\httpclient\4.5.3\httpclient-4.5.3.jar;C:\Users\iamf_\.m2\repository\org\apache\httpcomponents\httpcore\4.4.16\httpcore-4.4.16.jar;C:\Users\iamf_\.m2\repository\commons-codec\commons-codec\1.16.0\commons-codec-1.16.0.jar;C:\Users\iamf_\.m2\repository\commons-configuration\commons-configuration\1.10\commons-configuration-1.10.jar;C:\Users\iamf_\.m2\repository\commons-lang\commons-lang\2.6\commons-lang-2.6.jar;C:\Users\iamf_\.m2\repository\com\fasterxml\jackson\core\jackson-annotations\2.15.3\jackson-annotations-2.15.3.jar;C:\Users\iamf_\.m2\repository\com\fasterxml\jackson\core\jackson-core\2.15.3\jackson-core-2.15.3.jar;C:\Users\iamf_\.m2\repository\org\codehaus\jettison\jettison\1.4.0\jettison-1.4.0.jar;C:\Users\iamf_\.m2\repository\com\netflix\eureka\eureka-core\2.0.1\eureka-core-2.0.1.jar;C:\Users\iamf_\.m2\repository\com\fasterxml\woodstox\woodstox-core\6.2.1\woodstox-core-6.2.1.jar;C:\Users\iamf_\.m2\repository\org\codehaus\woodstox\stax2-api\4.2.1\stax2-api-4.2.1.jar;C:\Users\iamf_\.m2\repository\org\springframework\cloud\spring-cloud-starter-loadbalancer\4.1.0\spring-cloud-starter-loadbalancer-4.1.0.jar;C:\Users\iamf_\.m2\repository\org\springframework\cloud\spring-cloud-loadbalancer\4.1.0\spring-cloud-loadbalancer-4.1.0.jar;C:\Users\iamf_\.m2\repository\io\projectreactor\reactor-core\3.6.2\reactor-core-3.6.2.jar;C:\Users\iamf_\.m2\repository\org\reactivestreams\reactive-streams\1.0.4\reactive-streams-1.0.4.jar;C:\Users\iamf_\.m2\repository\io\projectreactor\addons\reactor-extra\3.5.1\reactor-extra-3.5.1.jar;C:\Users\iamf_\.m2\repository\org\springframework\boot\spring-boot-starter-cache\3.2.2\spring-boot-starter-cache-3.2.2.jar;C:\Users\iamf_\.m2\repository\org\springframework\spring-context-support\6.1.3\spring-context-support-6.1.3.jar;C:\Users\iamf_\.m2\repository\com\stoyanr\evictor\1.0.0\evictor-1.0.0.jar;C:\Users\iamf_\.m2\repository\org\springframework\cloud\spring-cloud-starter-openfeign\4.1.0\spring-cloud-starter-openfeign-4.1.0.jar;C:\Users\iamf_\.m2\repository\org\springframework\cloud\spring-cloud-openfeign-core\4.1.0\spring-cloud-openfeign-core-4.1.0.jar;C:\Users\iamf_\.m2\repository\io\github\openfeign\form\feign-form-spring\3.8.0\feign-form-spring-3.8.0.jar;C:\Users\iamf_\.m2\repository\io\github\openfeign\form\feign-form\3.8.0\feign-form-3.8.0.jar;C:\Users\iamf_\.m2\repository\commons-fileupload\commons-fileupload\1.5\commons-fileupload-1.5.jar;C:\Users\iamf_\.m2\repository\commons-io\commons-io\2.11.0\commons-io-2.11.0.jar;C:\Users\iamf_\.m2\repository\org\springframework\cloud\spring-cloud-commons\4.1.0\spring-cloud-commons-4.1.0.jar;C:\Users\iamf_\.m2\repository\org\springframework\security\spring-security-crypto\6.2.1\spring-security-crypto-6.2.1.jar;C:\Users\iamf_\.m2\repository\io\github\openfeign\feign-core\13.1\feign-core-13.1.jar;C:\Users\iamf_\.m2\repository\io\github\openfeign\feign-slf4j\13.1\feign-slf4j-13.1.jar;C:\Users\iamf_\.m2\repository\org\springframework\cloud\spring-cloud-starter-circuitbreaker-resilience4j\3.1.0\spring-cloud-starter-circuitbreaker-resilience4j-3.1.0.jar;C:\Users\iamf_\.m2\repository\org\springframework\cloud\spring-cloud-circuitbreaker-resilience4j\3.1.0\spring-cloud-circuitbreaker-resilience4j-3.1.0.jar;C:\Users\iamf_\.m2\repository\io\github\resilience4j\resilience4j-spring-boot3\2.1.0\resilience4j-spring-boot3-2.1.0.jar;C:\Users\iamf_\.m2\repository\io\github\resilience4j\resilience4j-spring6\2.1.0\resilience4j-spring6-2.1.0.jar;C:\Users\iamf_\.m2\repository\io\github\resilience4j\resilience4j-annotations\2.1.0\resilience4j-annotations-2.1.0.jar;C:\Users\iamf_\.m2\repository\io\github\resilience4j\resilience4j-consumer\2.1.0\resilience4j-consumer-2.1.0.jar;C:\Users\iamf_\.m2\repository\io\github\resilience4j\resilience4j-circularbuffer\2.1.0\resilience4j-circularbuffer-2.1.0.jar;C:\Users\iamf_\.m2\repository\io\github\resilience4j\resilience4j-framework-common\2.1.0\resilience4j-framework-common-2.1.0.jar;C:\Users\iamf_\.m2\repository\io\github\resilience4j\resilience4j-micrometer\2.1.0\resilience4j-micrometer-2.1.0.jar;C:\Users\iamf_\.m2\repository\io\github\resilience4j\resilience4j-retry\2.1.0\resilience4j-retry-2.1.0.jar;C:\Users\iamf_\.m2\repository\io\github\resilience4j\resilience4j-ratelimiter\2.1.0\resilience4j-ratelimiter-2.1.0.jar;C:\Users\iamf_\.m2\repository\io\github\resilience4j\resilience4j-circuitbreaker\2.1.0\resilience4j-circuitbreaker-2.1.0.jar;C:\Users\iamf_\.m2\repository\io\github\resilience4j\resilience4j-core\2.1.0\resilience4j-core-2.1.0.jar;C:\Users\iamf_\.m2\repository\io\github\resilience4j\resilience4j-timelimiter\2.1.0\resilience4j-timelimiter-2.1.0.jar;C:\Users\iamf_\.m2\repository\org\springframework\cloud\spring-cloud-starter-config\4.1.0\spring-cloud-starter-config-4.1.0.jar;C:\Users\iamf_\.m2\repository\org\springframework\cloud\spring-cloud-config-client\4.1.0\spring-cloud-config-client-4.1.0.jar;C:\Users\iamf_\.m2\repository\com\fasterxml\jackson\core\jackson-databind\2.15.3\jackson-databind-2.15.3.jar;C:\Users\iamf_\.m2\repository\com\mysql\mysql-connector-j\8.3.0\mysql-connector-j-8.3.0.jar;C:\Users\iamf_\.m2\repository\org\projectlombok\lombok\1.18.30\lombok-1.18.30.jar;C:\Users\iamf_\.m2\repository\jakarta\xml\bind\jakarta.xml.bind-api\4.0.1\jakarta.xml.bind-api-4.0.1.jar;C:\Users\iamf_\.m2\repository\jakarta\activation\jakarta.activation-api\2.1.2\jakarta.activation-api-2.1.2.jar;C:\Users\iamf_\.m2\repository\org\springframework\spring-core\6.1.3\spring-core-6.1.3.jar;C:\Users\iamf_\.m2\repository\org\springframework\spring-jcl\6.1.3\spring-jcl-6.1.3.jar;C:\Users\iamf_\.m2\repository\org\springdoc\springdoc-openapi-starter-webmvc-ui\2.2.0\springdoc-openapi-starter-webmvc-ui-2.2.0.jar;C:\Users\iamf_\.m2\repository\org\springdoc\springdoc-openapi-starter-webmvc-api\2.2.0\springdoc-openapi-starter-webmvc-api-2.2.0.jar;C:\Users\iamf_\.m2\repository\org\springdoc\springdoc-openapi-starter-common\2.2.0\springdoc-openapi-starter-common-2.2.0.jar;C:\Users\iamf_\.m2\repository\io\swagger\core\v3\swagger-core-jakarta\2.2.15\swagger-core-jakarta-2.2.15.jar;C:\Users\iamf_\.m2\repository\org\apache\commons\commons-lang3\3.13.0\commons-lang3-3.13.0.jar;C:\Users\iamf_\.m2\repository\io\swagger\core\v3\swagger-annotations-jakarta\2.2.15\swagger-annotations-jakarta-2.2.15.jar;C:\Users\iamf_\.m2\repository\io\swagger\core\v3\swagger-models-jakarta\2.2.15\swagger-models-jakarta-2.2.15.jar;C:\Users\iamf_\.m2\repository\jakarta\validation\jakarta.validation-api\3.0.2\jakarta.validation-api-3.0.2.jar;C:\Users\iamf_\.m2\repository\com\fasterxml\jackson\dataformat\jackson-dataformat-yaml\2.15.3\jackson-dataformat-yaml-2.15.3.jar;C:\Users\iamf_\.m2\repository\org\webjars\swagger-ui\5.2.0\swagger-ui-5.2.0.jar;C:\Users\iamf_\.m2\repository\io\micrometer\micrometer-tracing-bridge-brave\1.2.2\micrometer-tracing-bridge-brave-1.2.2.jar;C:\Users\iamf_\.m2\repository\io\micrometer\micrometer-tracing\1.2.2\micrometer-tracing-1.2.2.jar;C:\Users\iamf_\.m2\repository\io\micrometer\context-propagation\1.1.0\context-propagation-1.1.0.jar;C:\Users\iamf_\.m2\repository\aopalliance\aopalliance\1.0\aopalliance-1.0.jar;C:\Users\iamf_\.m2\repository\org\slf4j\slf4j-api\2.0.11\slf4j-api-2.0.11.jar;C:\Users\iamf_\.m2\repository\io\zipkin\brave\brave\5.16.0\brave-5.16.0.jar;C:\Users\iamf_\.m2\repository\io\zipkin\brave\brave-context-slf4j\5.16.0\brave-context-slf4j-5.16.0.jar;C:\Users\iamf_\.m2\repository\io\zipkin\brave\brave-instrumentation-http\5.16.0\brave-instrumentation-http-5.16.0.jar;C:\Users\iamf_\.m2\repository\io\zipkin\aws\brave-propagation-aws\0.23.5\brave-propagation-aws-0.23.5.jar;C:\Users\iamf_\.m2\repository\io\zipkin\reporter2\zipkin-reporter-brave\2.16.3\zipkin-reporter-brave-2.16.3.jar;C:\Users\iamf_\.m2\repository\io\zipkin\reporter2\zipkin-reporter\2.16.3\zipkin-reporter-2.16.3.jar;C:\Users\iamf_\.m2\repository\io\zipkin\zipkin2\zipkin\2.23.2\zipkin-2.23.2.jar;C:\Users\iamf_\.m2\repository\org\springframework\boot\spring-boot-starter-actuator\3.2.2\spring-boot-starter-actuator-3.2.2.jar;C:\Users\iamf_\.m2\repository\org\springframework\boot\spring-boot-actuator-autoconfigure\3.2.2\spring-boot-actuator-autoconfigure-3.2.2.jar;C:\Users\iamf_\.m2\repository\org\springframework\boot\spring-boot-actuator\3.2.2\spring-boot-actuator-3.2.2.jar;C:\Users\iamf_\.m2\repository\io\micrometer\micrometer-observation\1.12.2\micrometer-observation-1.12.2.jar;C:\Users\iamf_\.m2\repository\io\micrometer\micrometer-commons\1.12.2\micrometer-commons-1.12.2.jar;C:\Users\iamf_\.m2\repository\io\micrometer\micrometer-jakarta9\1.12.2\micrometer-jakarta9-1.12.2.jar;C:\Users\iamf_\.m2\repository\io\micrometer\micrometer-core\1.12.2\micrometer-core-1.12.2.jar;C:\Users\iamf_\.m2\repository\org\hdrhistogram\HdrHistogram\2.1.12\HdrHistogram-2.1.12.jar;C:\Users\iamf_\.m2\repository\org\latencyutils\LatencyUtils\2.0.3\LatencyUtils-2.0.3.jar
Launcher Type: SUN_STANDARD

[Global flags]
     intx CICompilerCount                          = 3                                         {product} {ergonomic}
     uint ConcGCThreads                            = 1                                         {product} {ergonomic}
     uint G1ConcRefinementThreads                  = 4                                         {product} {ergonomic}
   size_t G1HeapRegionSize                         = 2097152                                   {product} {ergonomic}
    uintx GCDrainStackTargetSize                   = 64                                        {product} {ergonomic}
   size_t InitialHeapSize                          = 268435456                                 {product} {ergonomic}
   size_t MarkStackSize                            = 4194304                                   {product} {ergonomic}
   size_t MaxHeapSize                              = 4263510016                                {product} {ergonomic}
   size_t MaxNewSize                               = 2556428288                                {product} {ergonomic}
   size_t MinHeapDeltaBytes                        = 2097152                                   {product} {ergonomic}
   size_t MinHeapSize                              = 8388608                                   {product} {ergonomic}
    uintx NonNMethodCodeHeapSize                   = 5832780                                {pd product} {ergonomic}
    uintx NonProfiledCodeHeapSize                  = 122912730                              {pd product} {ergonomic}
    uintx ProfiledCodeHeapSize                     = 122912730                              {pd product} {ergonomic}
    uintx ReservedCodeCacheSize                    = 251658240                              {pd product} {ergonomic}
     bool SegmentedCodeCache                       = true                                      {product} {ergonomic}
   size_t SoftMaxHeapSize                          = 4263510016                             {manageable} {ergonomic}
     bool UseCompressedClassPointers               = true                           {product lp64_product} {ergonomic}
     bool UseCompressedOops                        = true                           {product lp64_product} {ergonomic}
     bool UseG1GC                                  = true                                      {product} {ergonomic}
     bool UseLargePagesIndividualAllocation        = false                                  {pd product} {ergonomic}

Logging:
Log output configuration:
 #0: stdout all=warning uptime,level,tags foldmultilines=false
 #1: stderr all=off uptime,level,tags foldmultilines=false

Environment Variables:
JAVA_HOME=C:\Program Files\Java\jdk-17
PATH=C:\Program Files\Common Files\Oracle\Java\javapath;C:\Program Files\Microsoft MPI\Bin\;C:\Program Files (x86)\Intel\iCLS Client\;C:\Program Files (x86)\Common Files\Intel\Shared Libraries\redist\ia32\mpirt;C:\Program Files (x86)\Common Files\Intel\Shared Libraries\redist\ia32\compiler;C:\Program Files\Intel\iCLS Client\;C:\WINDOWS\system32;C:\WINDOWS;C:\WINDOWS\System32\Wbem;C:\WINDOWS\System32\WindowsPowerShell\v1.0\;C:\Program Files\Microsoft SQL Server\Client SDK\ODBC\110\Tools\Binn\;C:\Program Files (x86)\Windows Kits\8.1\Windows Performance Toolkit\;C:\Program Files (x86)\Intel\Intel(R) Management Engine Components\DAL;C:\Program Files\Intel\Intel(R) Management Engine Components\DAL;C:\Program Files (x86)\Intel\Intel(R) Management Engine Components\IPT;C:\Program Files\Intel\Intel(R) Management Engine Components\IPT;C:\Program Files\Microsoft SQL Server\Client SDK\ODBC\130\Tools\Binn\;C:\WINDOWS\System32\OpenSSH\;C:\Program Files\Intel\WiFi\bin\;C:\Program Files\Common Files\Intel\WirelessCommon\;C:\Program Files\Microsoft SQL Server\Client SDK\ODBC\170\Tools\Binn\;C:\Program Files (x86)\Microsoft SQL Server\150\Tools\Binn\;C:\Program Files\Microsoft SQL Server\150\Tools\Binn\;C:\Program Files\Microsoft SQL Server\150\DTS\Binn\;C:\Program Files (x86)\Microsoft SQL Server\150\DTS\Binn\;D:\Programs Files\Git\cmd;C:\Program Files\nodejs\;D:\Programs\Maven\apache-maven-3.9.6\bin;C:\Program Files\Java\jdk-17\bin;C:\Users\iamf_\AppData\Local\Programs\Python\Python39\Scripts\;C:\Users\iamf_\AppData\Local\Programs\Python\Python39\;C:\Users\iamf_\AppData\Local\Microsoft\WindowsApps;;C:\Users\iamf_\AppData\Local\Programs\Microsoft VS Code\bin;C:\Users\iamf_\AppData\Roaming\npm
USERNAME=iamf_
OS=Windows_NT
PROCESSOR_IDENTIFIER=Intel64 Family 6 Model 142 Stepping 9, GenuineIntel
TMP=C:\Users\iamf_\AppData\Local\Temp
TEMP=C:\Users\iamf_\AppData\Local\Temp



---------------  S Y S T E M  ---------------

OS:
 Windows 10 , 64 bit Build 19041 (10.0.19041.3636)
OS uptime: 5 days 0:35 hours
Hyper-V role detected

CPU: total 4 (initial active 4) (2 cores per cpu, 2 threads per core) family 6 model 142 stepping 9 microcode 0xde, cx8, cmov, fxsr, ht, mmx, 3dnowpref, sse, sse2, sse3, ssse3, sse4.1, sse4.2, popcnt, lzcnt, tsc, tscinvbit, avx, avx2, aes, erms, clmul, bmi1, bmi2, adx, fma, vzeroupper, clflush, clflushopt, hv, rdtscp

Memory: 4k page, system-wide physical 16256M (3369M free)
TotalPageFile size 19502M (AvailPageFile size 5M)
current process WorkingSet (physical memory assigned to process): 132M, peak: 132M
current process commit charge ("private bytes"): 392M, peak: 393M

vm_info: Java HotSpot(TM) 64-Bit Server VM (19.0.1+10-21) for windows-amd64 JRE (19.0.1+10-21), built on 2022-09-14T12:45:06Z by "mach5one" with MS VC++ 17.1 (VS2022)

END.
