#
# There is insufficient memory for the Java Runtime Environment to continue.
# Native memory allocation (malloc) failed to allocate 1052256 bytes for Chunk::new
# Possible reasons:
#   The system is out of physical RAM or swap space
#   The process is running with CompressedOops enabled, and the Java Heap may be blocking the growth of the native heap
# Possible solutions:
#   Reduce memory load on the system
#   Increase physical memory or swap space
#   Check if swap backing store is full
#   Decrease Java heap size (-Xmx/-Xms)
#   Decrease number of Java threads
#   Decrease Java thread stack sizes (-Xss)
#   Set larger code cache with -XX:ReservedCodeCacheSize=
#   JVM is running with Zero Based Compressed Oops mode in which the Java heap is
#     placed in the first 32GB address space. The Java Heap base address is the
#     maximum limit for the native heap growth. Please use -XX:HeapBaseMinAddress
#     to set the Java Heap base and to place the Java Heap above 32GB virtual address.
# This output file may be truncated or incomplete.
#
#  Out of Memory Error (arena.cpp:184), pid=23876, tid=18656
#
# JRE version: Java(TM) SE Runtime Environment (19.0.1+10) (build 19.0.1+10-21)
# Java VM: Java HotSpot(TM) 64-Bit Server VM (19.0.1+10-21, mixed mode, sharing, tiered, compressed oops, compressed class ptrs, g1 gc, windows-amd64)
# No core dump will be written. Minidumps are not enabled by default on client versions of Windows
#

---------------  S U M M A R Y ------------

Command Line: -javaagent:D:\Programs Files\IntelliJ IDEA Community Edition 2023.3.4\lib\idea_rt.jar=58838:D:\Programs Files\IntelliJ IDEA Community Edition 2023.3.4\bin -Dfile.encoding=UTF-8 -Dsun.stdout.encoding=UTF-8 -Dsun.stderr.encoding=UTF-8 com.hackacode.gestionPaqSer.GestionPaqSerApplication

Host: Intel(R) Core(TM) i7-7500U CPU @ 2.70GHz, 4 cores, 15G,  Windows 10 , 64 bit Build 19041 (10.0.19041.3636)
Time: Wed Mar 13 18:41:24 2024 Central Daylight Time elapsed time: 19.099213 seconds (0d 0h 0m 19s)

---------------  T H R E A D  ---------------

Current thread (0x00000193f772b3e0):  JavaThread "C2 CompilerThread1" daemon [_thread_in_native, id=18656, stack(0x00000039deb00000,0x00000039dec00000)]


Current CompileTask:
C2:  19107 7405   !   4       org.springframework.core.annotation.AnnotationsScanner::processMethodHierarchy (276 bytes)

Stack: [0x00000039deb00000,0x00000039dec00000]
Native frames: (J=compiled Java code, j=interpreted, Vv=VM code, C=native code)
V  [jvm.dll+0x6ee8fa]
V  [jvm.dll+0x857a1e]
V  [jvm.dll+0x85940e]
V  [jvm.dll+0x859ac3]
V  [jvm.dll+0x28291f]
V  [jvm.dll+0xc9b5f]
V  [jvm.dll+0xc9ee5]
V  [jvm.dll+0x2f7c6f]
V  [jvm.dll+0x5f0c5b]
V  [jvm.dll+0x2551fc]
V  [jvm.dll+0x24e097]
V  [jvm.dll+0x24b563]
V  [jvm.dll+0x1d6d61]
V  [jvm.dll+0x25b0fa]
V  [jvm.dll+0x259588]
V  [jvm.dll+0x807928]
V  [jvm.dll+0x8015fa]
V  [jvm.dll+0x6ed5eb]
C  [ucrtbase.dll+0x21bb2]
C  [KERNEL32.DLL+0x17344]
C  [ntdll.dll+0x526b1]


---------------  P R O C E S S  ---------------

Threads class SMR info:
_java_thread_list=0x00000193f77c6480, length=20, elements={
0x00000193ca6853f0, 0x00000193ef139f60, 0x00000193ef13aef0, 0x00000193ef13dbf0,
0x00000193ef13f530, 0x00000193ef13fe60, 0x00000193ef140790, 0x00000193ef1413f0,
0x00000193ef176c50, 0x00000193f3430020, 0x00000193ef10cd90, 0x00000193f37bd800,
0x00000193f383d1b0, 0x00000193f6a33070, 0x00000193f6a335c0, 0x00000193f64fe4d0,
0x00000193f6504f10, 0x00000193f65019f0, 0x00000193f65029e0, 0x00000193f772b3e0
}

Java Threads: ( => current thread )
  0x00000193ca6853f0 JavaThread "main" [_thread_in_vm, id=24208, stack(0x00000039dd200000,0x00000039dd300000)]
  0x00000193ef139f60 JavaThread "Reference Handler" daemon [_thread_blocked, id=1784, stack(0x00000039dd900000,0x00000039dda00000)]
  0x00000193ef13aef0 JavaThread "Finalizer" daemon [_thread_blocked, id=17608, stack(0x00000039dda00000,0x00000039ddb00000)]
  0x00000193ef13dbf0 JavaThread "Signal Dispatcher" daemon [_thread_blocked, id=24984, stack(0x00000039ddb00000,0x00000039ddc00000)]
  0x00000193ef13f530 JavaThread "Attach Listener" daemon [_thread_blocked, id=15828, stack(0x00000039ddc00000,0x00000039ddd00000)]
  0x00000193ef13fe60 JavaThread "Service Thread" daemon [_thread_blocked, id=14304, stack(0x00000039ddd00000,0x00000039dde00000)]
  0x00000193ef140790 JavaThread "Monitor Deflation Thread" daemon [_thread_blocked, id=23352, stack(0x00000039dde00000,0x00000039ddf00000)]
  0x00000193ef1413f0 JavaThread "C2 CompilerThread0" daemon [_thread_in_native, id=19760, stack(0x00000039ddf00000,0x00000039de000000)]
  0x00000193ef176c50 JavaThread "C1 CompilerThread0" daemon [_thread_in_native, id=9736, stack(0x00000039de000000,0x00000039de100000)]
  0x00000193f3430020 JavaThread "Sweeper thread" daemon [_thread_blocked, id=18992, stack(0x00000039de100000,0x00000039de200000)]
  0x00000193ef10cd90 JavaThread "Common-Cleaner" daemon [_thread_blocked, id=23404, stack(0x00000039de200000,0x00000039de300000)]
  0x00000193f37bd800 JavaThread "Monitor Ctrl-Break" daemon [_thread_in_native, id=21104, stack(0x00000039de600000,0x00000039de700000)]
  0x00000193f383d1b0 JavaThread "Notification Thread" daemon [_thread_blocked, id=12364, stack(0x00000039de700000,0x00000039de800000)]
  0x00000193f6a33070 JavaThread "Catalina-utility-1" [_thread_blocked, id=8904, stack(0x00000039dec00000,0x00000039ded00000)]
  0x00000193f6a335c0 JavaThread "Catalina-utility-2" [_thread_blocked, id=4548, stack(0x00000039ded00000,0x00000039dee00000)]
  0x00000193f64fe4d0 JavaThread "container-0" [_thread_blocked, id=18048, stack(0x00000039dee00000,0x00000039def00000)]
  0x00000193f6504f10 JavaThread "mysql-cj-abandoned-connection-cleanup" daemon [_thread_blocked, id=21952, stack(0x00000039def00000,0x00000039df000000)]
  0x00000193f65019f0 JavaThread "HikariPool-1 housekeeper" daemon [_thread_blocked, id=5620, stack(0x00000039de900000,0x00000039dea00000)]
  0x00000193f65029e0 JavaThread "HikariPool-1 connection adder" daemon [_thread_blocked, id=4164, stack(0x00000039df000000,0x00000039df100000)]
=>0x00000193f772b3e0 JavaThread "C2 CompilerThread1" daemon [_thread_in_native, id=18656, stack(0x00000039deb00000,0x00000039dec00000)]

Other Threads:
  0x00000193ef11ccb0 VMThread "VM Thread" [stack: 0x00000039dd800000,0x00000039dd900000] [id=15444]
  0x00000193f3a55bc0 WatcherThread "VM Periodic Task Thread" [stack: 0x00000039de800000,0x00000039de900000] [id=25096]
  0x00000193ca6f3470 WorkerThread "GC Thread#0" [stack: 0x00000039dd300000,0x00000039dd400000] [id=2712]
  0x00000193f3653280 WorkerThread "GC Thread#1" [stack: 0x00000039de300000,0x00000039de400000] [id=13724]
  0x00000193f3653550 WorkerThread "GC Thread#2" [stack: 0x00000039de400000,0x00000039de500000] [id=18508]
  0x00000193f3c51d20 WorkerThread "GC Thread#3" [stack: 0x00000039de500000,0x00000039de600000] [id=18784]
  0x00000193ca700160 ConcurrentGCThread "G1 Main Marker" [stack: 0x00000039dd400000,0x00000039dd500000] [id=21768]
  0x00000193ca700c40 WorkerThread "G1 Conc#0" [stack: 0x00000039dd500000,0x00000039dd600000] [id=14540]
  0x00000193ca72e560 ConcurrentGCThread "G1 Refine#0" [stack: 0x00000039dd600000,0x00000039dd700000] [id=14444]
  0x00000193eefd9190 ConcurrentGCThread "G1 Service" [stack: 0x00000039dd700000,0x00000039dd800000] [id=2520]

Threads with active compile tasks:
C2 CompilerThread0    19186 7433       4       org.springframework.beans.factory.support.AbstractBeanFactory::isTypeMatch (619 bytes)
C1 CompilerThread0    19186 7528   !   2       jdk.proxy2.$Proxy53::annotationType (29 bytes)
C2 CompilerThread1    19186 7405   !   4       org.springframework.core.annotation.AnnotationsScanner::processMethodHierarchy (276 bytes)

VM state: not at safepoint (normal execution)

VM Mutex/Monitor currently owned by a thread: None

Heap address: 0x0000000701e00000, size: 4066 MB, Compressed Oops mode: Zero based, Oop shift amount: 3

CDS archive(s) mapped at: [0x0000000800000000-0x0000000800c40000-0x0000000800c40000), size 12845056, SharedBaseAddress: 0x0000000800000000, ArchiveRelocationMode: 0.
Compressed class space mapped at: 0x0000000801000000-0x0000000841000000, reserved size: 1073741824
Narrow klass base: 0x0000000800000000, Narrow klass shift: 0, Narrow klass range: 0x100000000

GC Precious Log:
 CardTable entry size: 512
 Card Set container configuration: InlinePtr #cards 4 size 8 Array Of Cards #cards 16 size 48 Howl #buckets 8 coarsen threshold 3686 Howl Bitmap #cards 512 size 80 coarsen threshold 460 Card regions per heap region 1 cards per card region 4096
 CPUs: 4 total, 4 available
 Memory: 16256M
 Large Page Support: Disabled
 NUMA Support: Disabled
 Compressed Oops: Enabled (Zero based)
 Heap Region Size: 2M
 Heap Min Capacity: 8M
 Heap Initial Capacity: 256M
 Heap Max Capacity: 4066M
 Pre-touch: Disabled
 Parallel Workers: 4
 Concurrent Workers: 1
 Concurrent Refinement Workers: 4
 Periodic GC: Disabled

Heap:
 garbage-first heap   total 96256K, used 73423K [0x0000000701e00000, 0x0000000800000000)
  region size 2048K, 18 young (36864K), 2 survivors (4096K)
 Metaspace       used 77472K, committed 78144K, reserved 1179648K
  class space    used 9995K, committed 10304K, reserved 1048576K

Heap Regions: E=young(eden), S=young(survivor), O=old, HS=humongous(starts), HC=humongous(continues), CS=collection set, F=free, OA=open archive, CA=closed archive, TAMS=top-at-mark-start (previous, next)
|   0|0x0000000701e00000, 0x0000000702000000, 0x0000000702000000|100%| O|  |TAMS 0x0000000702000000, 0x0000000701e00000| Untracked 
|   1|0x0000000702000000, 0x0000000702200000, 0x0000000702200000|100%| O|  |TAMS 0x0000000702200000, 0x0000000702000000| Untracked 
|   2|0x0000000702200000, 0x0000000702400000, 0x0000000702400000|100%| O|  |TAMS 0x0000000702400000, 0x0000000702200000| Untracked 
|   3|0x0000000702400000, 0x0000000702600000, 0x0000000702600000|100%| O|  |TAMS 0x0000000702400000, 0x0000000702400000| Untracked 
|   4|0x0000000702600000, 0x0000000702800000, 0x0000000702800000|100%| O|  |TAMS 0x0000000702800000, 0x0000000702600000| Untracked 
|   5|0x0000000702800000, 0x0000000702a00000, 0x0000000702a00000|100%| O|  |TAMS 0x0000000702a00000, 0x0000000702800000| Untracked 
|   6|0x0000000702a00000, 0x0000000702c00000, 0x0000000702c00000|100%| O|  |TAMS 0x0000000702c00000, 0x0000000702a00000| Untracked 
|   7|0x0000000702c00000, 0x0000000702e00000, 0x0000000702e00000|100%| O|  |TAMS 0x0000000702e00000, 0x0000000702c00000| Untracked 
|   8|0x0000000702e00000, 0x0000000703000000, 0x0000000703000000|100%| O|  |TAMS 0x0000000703000000, 0x0000000702e00000| Untracked 
|   9|0x0000000703000000, 0x0000000703200000, 0x0000000703200000|100%| O|  |TAMS 0x0000000703200000, 0x0000000703000000| Untracked 
|  10|0x0000000703200000, 0x0000000703400000, 0x0000000703400000|100%| O|  |TAMS 0x0000000703400000, 0x0000000703200000| Untracked 
|  11|0x0000000703400000, 0x0000000703600000, 0x0000000703600000|100%| O|  |TAMS 0x0000000703600000, 0x0000000703400000| Untracked 
|  12|0x0000000703600000, 0x0000000703800000, 0x0000000703800000|100%| O|  |TAMS 0x0000000703800000, 0x0000000703600000| Untracked 
|  13|0x0000000703800000, 0x0000000703a00000, 0x0000000703a00000|100%| O|  |TAMS 0x0000000703a00000, 0x0000000703800000| Untracked 
|  14|0x0000000703a00000, 0x0000000703c00000, 0x0000000703c00000|100%| O|  |TAMS 0x0000000703b03000, 0x0000000703a00000| Untracked 
|  15|0x0000000703c00000, 0x0000000703e00000, 0x0000000703e00000|100%| O|  |TAMS 0x0000000703c00000, 0x0000000703c00000| Untracked 
|  16|0x0000000703e00000, 0x0000000704000000, 0x0000000704000000|100%| O|  |TAMS 0x0000000703e00000, 0x0000000703e00000| Untracked 
|  17|0x0000000704000000, 0x0000000704200000, 0x0000000704200000|100%| O|  |TAMS 0x0000000704000000, 0x0000000704000000| Untracked 
|  18|0x0000000704200000, 0x0000000704400000, 0x0000000704400000|100%| O|  |TAMS 0x0000000704200000, 0x0000000704200000| Untracked 
|  19|0x0000000704400000, 0x0000000704432e00, 0x0000000704600000|  9%| O|  |TAMS 0x0000000704400000, 0x0000000704400000| Untracked 
|  20|0x0000000704600000, 0x0000000704600000, 0x0000000704800000|  0%| F|  |TAMS 0x0000000704600000, 0x0000000704600000| Untracked 
|  21|0x0000000704800000, 0x0000000704800000, 0x0000000704a00000|  0%| F|  |TAMS 0x0000000704800000, 0x0000000704800000| Untracked 
|  22|0x0000000704a00000, 0x0000000704a00000, 0x0000000704c00000|  0%| F|  |TAMS 0x0000000704a00000, 0x0000000704a00000| Untracked 
|  23|0x0000000704c00000, 0x0000000704c00000, 0x0000000704e00000|  0%| F|  |TAMS 0x0000000704c00000, 0x0000000704c00000| Untracked 
|  24|0x0000000704e00000, 0x0000000704e00000, 0x0000000705000000|  0%| F|  |TAMS 0x0000000704e00000, 0x0000000704e00000| Untracked 
|  25|0x0000000705000000, 0x0000000705180f60, 0x0000000705200000| 75%| S|CS|TAMS 0x0000000705000000, 0x0000000705000000| Complete 
|  26|0x0000000705200000, 0x0000000705400000, 0x0000000705400000|100%| S|CS|TAMS 0x0000000705200000, 0x0000000705200000| Complete 
|  27|0x0000000705400000, 0x0000000705400000, 0x0000000705600000|  0%| F|  |TAMS 0x0000000705400000, 0x0000000705400000| Untracked 
|  28|0x0000000705600000, 0x0000000705600000, 0x0000000705800000|  0%| F|  |TAMS 0x0000000705600000, 0x0000000705600000| Untracked 
|  29|0x0000000705800000, 0x0000000705800000, 0x0000000705a00000|  0%| F|  |TAMS 0x0000000705800000, 0x0000000705800000| Untracked 
|  30|0x0000000705a00000, 0x0000000705a00000, 0x0000000705c00000|  0%| F|  |TAMS 0x0000000705a00000, 0x0000000705a00000| Untracked 
|  31|0x0000000705c00000, 0x0000000705d6ef98, 0x0000000705e00000| 71%| E|  |TAMS 0x0000000705c00000, 0x0000000705c00000| Complete 
|  32|0x0000000705e00000, 0x0000000706000000, 0x0000000706000000|100%| E|CS|TAMS 0x0000000705e00000, 0x0000000705e00000| Complete 
|  33|0x0000000706000000, 0x0000000706200000, 0x0000000706200000|100%| E|CS|TAMS 0x0000000706000000, 0x0000000706000000| Complete 
|  34|0x0000000706200000, 0x0000000706400000, 0x0000000706400000|100%| E|CS|TAMS 0x0000000706200000, 0x0000000706200000| Complete 
|  35|0x0000000706400000, 0x0000000706600000, 0x0000000706600000|100%| E|CS|TAMS 0x0000000706400000, 0x0000000706400000| Complete 
|  36|0x0000000706600000, 0x0000000706800000, 0x0000000706800000|100%| E|CS|TAMS 0x0000000706600000, 0x0000000706600000| Complete 
|  37|0x0000000706800000, 0x0000000706a00000, 0x0000000706a00000|100%| E|CS|TAMS 0x0000000706800000, 0x0000000706800000| Complete 
|  38|0x0000000706a00000, 0x0000000706c00000, 0x0000000706c00000|100%| E|CS|TAMS 0x0000000706a00000, 0x0000000706a00000| Complete 
|  39|0x0000000706c00000, 0x0000000706e00000, 0x0000000706e00000|100%| E|CS|TAMS 0x0000000706c00000, 0x0000000706c00000| Complete 
|  40|0x0000000706e00000, 0x0000000707000000, 0x0000000707000000|100%| E|CS|TAMS 0x0000000706e00000, 0x0000000706e00000| Complete 
|  41|0x0000000707000000, 0x0000000707200000, 0x0000000707200000|100%| E|CS|TAMS 0x0000000707000000, 0x0000000707000000| Complete 
|  42|0x0000000707200000, 0x0000000707400000, 0x0000000707400000|100%| E|CS|TAMS 0x0000000707200000, 0x0000000707200000| Complete 
|  43|0x0000000707400000, 0x0000000707600000, 0x0000000707600000|100%| E|CS|TAMS 0x0000000707400000, 0x0000000707400000| Complete 
|  44|0x0000000707600000, 0x0000000707800000, 0x0000000707800000|100%| E|CS|TAMS 0x0000000707600000, 0x0000000707600000| Complete 
|  45|0x0000000707800000, 0x0000000707a00000, 0x0000000707a00000|100%| E|CS|TAMS 0x0000000707800000, 0x0000000707800000| Complete 
| 127|0x0000000711c00000, 0x0000000711e00000, 0x0000000711e00000|100%| E|CS|TAMS 0x0000000711c00000, 0x0000000711c00000| Complete 

Card table byte_map: [0x00000193e3bd0000,0x00000193e43d0000] _byte_map_base: 0x00000193e03c1000

Marking Bits (Prev, Next): (CMBitMap*) 0x00000193ca6f39f0, (CMBitMap*) 0x00000193ca6f39b0
 Prev Bits: [0x00000193e8b60000, 0x00000193ecae8000)
 Next Bits: [0x00000193e4bd0000, 0x00000193e8b58000)

Polling page: 0x00000193ca730000

Metaspace:

Usage:
  Non-class:     65.90 MB used.
      Class:      9.76 MB used.
       Both:     75.66 MB used.

Virtual space:
  Non-class space:      128.00 MB reserved,      66.25 MB ( 52%) committed,  2 nodes.
      Class space:        1.00 GB reserved,      10.06 MB ( <1%) committed,  1 nodes.
             Both:        1.12 GB reserved,      76.31 MB (  7%) committed. 

Chunk freelists:
   Non-Class:  1.31 MB
       Class:  1.95 MB
        Both:  3.26 MB

MaxMetaspaceSize: unlimited
CompressedClassSpaceSize: 1.00 GB
Initial GC threshold: 21.00 MB
Current GC threshold: 99.31 MB
CDS: on
MetaspaceReclaimPolicy: balanced
 - commit_granule_bytes: 65536.
 - commit_granule_words: 8192.
 - virtual_space_node_default_size: 8388608.
 - enlarge_chunks_in_place: 1.
 - new_chunks_are_fully_committed: 0.
 - uncommit_free_chunks: 1.
 - use_allocation_guard: 0.


Internal statistics:

num_allocs_failed_limit: 12.
num_arena_births: 988.
num_arena_deaths: 0.
num_vsnodes_births: 3.
num_vsnodes_deaths: 0.
num_space_committed: 1221.
num_space_uncommitted: 0.
num_chunks_returned_to_freelist: 12.
num_chunks_taken_from_freelist: 3646.
num_chunk_merges: 12.
num_chunk_splits: 2676.
num_chunks_enlarged: 2194.
num_inconsistent_stats: 0.

CodeHeap 'non-profiled nmethods': size=120000Kb used=4321Kb max_used=4670Kb free=115678Kb
 bounds [0x00000193db870000, 0x00000193dbd00000, 0x00000193e2da0000]
CodeHeap 'profiled nmethods': size=120000Kb used=12641Kb max_used=13529Kb free=107358Kb
 bounds [0x00000193d3da0000, 0x00000193d4ae0000, 0x00000193db2d0000]
CodeHeap 'non-nmethods': size=5760Kb used=1476Kb max_used=1543Kb free=4283Kb
 bounds [0x00000193db2d0000, 0x00000193db540000, 0x00000193db870000]
 total_blobs=6966 nmethods=6230 adapters=646
 compilation: enabled
              stopped_count=0, restarted_count=0
 full_count=0

Compilation events (20 events):
Event: 19.079 Thread 0x00000193ef176c50 nmethod 7495 0x00000193d3f6e590 code [0x00000193d3f6e740, 0x00000193d3f6e988]
Event: 19.079 Thread 0x00000193ef176c50 7496       3       java.lang.reflect.Modifier::toString (185 bytes)
Event: 19.080 Thread 0x00000193ef176c50 nmethod 7496 0x00000193d494f210 code [0x00000193d494f4a0, 0x00000193d494fcd8]
Event: 19.080 Thread 0x00000193ef176c50 7497       3       java.lang.reflect.Method::toString (20 bytes)
Event: 19.080 Thread 0x00000193ef176c50 nmethod 7497 0x00000193d3f6de90 code [0x00000193d3f6e060, 0x00000193d3f6e418]
Event: 19.080 Thread 0x00000193ef176c50 7499       3       java.util.stream.Collectors$$Lambda$28/0x800000043::apply (8 bytes)
Event: 19.081 Thread 0x00000193ef176c50 nmethod 7499 0x00000193d494eb90 code [0x00000193d494ed40, 0x00000193d494ef88]
Event: 19.081 Thread 0x00000193ef176c50 7498   !   3       java.lang.reflect.Executable::sharedToString (138 bytes)
Event: 19.082 Thread 0x00000193ef176c50 nmethod 7498 0x00000193d48e0e90 code [0x00000193d48e12a0, 0x00000193d48e2c58]
Event: 19.082 Thread 0x00000193ef176c50 7500       3       java.util.stream.Collectors::lambda$joining$11 (11 bytes)
Event: 19.083 Thread 0x00000193ef176c50 nmethod 7500 0x00000193d3f6da10 code [0x00000193d3f6dbc0, 0x00000193d3f6dd68]
Event: 19.083 Thread 0x00000193ef176c50 7502       3       java.lang.reflect.Method::specificToStringHeader (44 bytes)
Event: 19.083 Thread 0x00000193ef176c50 nmethod 7502 0x00000193d42f0f10 code [0x00000193d42f1140, 0x00000193d42f1628]
Event: 19.083 Thread 0x00000193ef176c50 7501       3       java.lang.reflect.Executable$$Lambda$1472/0x000000080147a3b0::apply (13 bytes)
Event: 19.083 Thread 0x00000193ef176c50 nmethod 7501 0x00000193d42f0a10 code [0x00000193d42f0bc0, 0x00000193d42f0e08]
Event: 19.083 Thread 0x00000193ef176c50 7503       3       java.lang.reflect.Executable::printModifiersIfNonzero (101 bytes)
Event: 19.084 Thread 0x00000193ef176c50 nmethod 7503 0x00000193d3f5e590 code [0x00000193d3f5e820, 0x00000193d3f5f048]
Event: 19.084 Thread 0x00000193ef176c50 7504       3       java.util.concurrent.ConcurrentHashMap::compareComparables (27 bytes)
Event: 19.084 Thread 0x00000193ef176c50 nmethod 7504 0x00000193d3f5de90 code [0x00000193d3f5e040, 0x00000193d3f5e3c8]
Event: 19.084 Thread 0x00000193ef176c50 7505       3       org.springframework.core.MethodClassKey::compareTo (9 bytes)

GC Heap History (20 events):
Event: 11.064 GC heap before
{Heap before GC invocations=13 (full 0):
 garbage-first heap   total 96256K, used 29099K [0x0000000701e00000, 0x0000000800000000)
  region size 2048K, 4 young (8192K), 3 survivors (6144K)
 Metaspace       used 41750K, committed 42240K, reserved 1114112K
  class space    used 5076K, committed 5312K, reserved 1048576K
}
Event: 11.078 GC heap after
{Heap after GC invocations=14 (full 0):
 garbage-first heap   total 96256K, used 27565K [0x0000000701e00000, 0x0000000800000000)
  region size 2048K, 1 young (2048K), 1 survivors (2048K)
 Metaspace       used 41750K, committed 42240K, reserved 1114112K
  class space    used 5076K, committed 5312K, reserved 1048576K
}
Event: 12.350 GC heap before
{Heap before GC invocations=14 (full 0):
 garbage-first heap   total 96256K, used 68525K [0x0000000701e00000, 0x0000000800000000)
  region size 2048K, 22 young (45056K), 1 survivors (2048K)
 Metaspace       used 45697K, committed 46208K, reserved 1114112K
  class space    used 5579K, committed 5824K, reserved 1048576K
}
Event: 12.362 GC heap after
{Heap after GC invocations=15 (full 0):
 garbage-first heap   total 96256K, used 29891K [0x0000000701e00000, 0x0000000800000000)
  region size 2048K, 2 young (4096K), 2 survivors (4096K)
 Metaspace       used 45697K, committed 46208K, reserved 1114112K
  class space    used 5579K, committed 5824K, reserved 1048576K
}
Event: 13.270 GC heap before
{Heap before GC invocations=15 (full 0):
 garbage-first heap   total 96256K, used 72899K [0x0000000701e00000, 0x0000000800000000)
  region size 2048K, 23 young (47104K), 2 survivors (4096K)
 Metaspace       used 47696K, committed 48256K, reserved 1114112K
  class space    used 5875K, committed 6144K, reserved 1048576K
}
Event: 13.278 GC heap after
{Heap after GC invocations=16 (full 0):
 garbage-first heap   total 96256K, used 32025K [0x0000000701e00000, 0x0000000800000000)
  region size 2048K, 2 young (4096K), 2 survivors (4096K)
 Metaspace       used 47696K, committed 48256K, reserved 1114112K
  class space    used 5875K, committed 6144K, reserved 1048576K
}
Event: 14.826 GC heap before
{Heap before GC invocations=16 (full 0):
 garbage-first heap   total 96256K, used 72985K [0x0000000701e00000, 0x0000000800000000)
  region size 2048K, 22 young (45056K), 2 survivors (4096K)
 Metaspace       used 56099K, committed 56640K, reserved 1114112K
  class space    used 7025K, committed 7296K, reserved 1048576K
}
Event: 14.835 GC heap after
{Heap after GC invocations=17 (full 0):
 garbage-first heap   total 96256K, used 34162K [0x0000000701e00000, 0x0000000800000000)
  region size 2048K, 3 young (6144K), 3 survivors (6144K)
 Metaspace       used 56099K, committed 56640K, reserved 1114112K
  class space    used 7025K, committed 7296K, reserved 1048576K
}
Event: 15.579 GC heap before
{Heap before GC invocations=17 (full 0):
 garbage-first heap   total 96256K, used 46450K [0x0000000701e00000, 0x0000000800000000)
  region size 2048K, 10 young (20480K), 3 survivors (6144K)
 Metaspace       used 59886K, committed 60480K, reserved 1114112K
  class space    used 7531K, committed 7808K, reserved 1048576K
}
Event: 15.587 GC heap after
{Heap after GC invocations=18 (full 0):
 garbage-first heap   total 96256K, used 36054K [0x0000000701e00000, 0x0000000800000000)
  region size 2048K, 3 young (6144K), 3 survivors (6144K)
 Metaspace       used 59886K, committed 60480K, reserved 1114112K
  class space    used 7531K, committed 7808K, reserved 1048576K
}
Event: 16.637 GC heap before
{Heap before GC invocations=19 (full 0):
 garbage-first heap   total 96256K, used 70870K [0x0000000701e00000, 0x0000000800000000)
  region size 2048K, 20 young (40960K), 3 survivors (6144K)
 Metaspace       used 70621K, committed 71296K, reserved 1114112K
  class space    used 9148K, committed 9472K, reserved 1048576K
}
Event: 16.645 GC heap after
{Heap after GC invocations=20 (full 0):
 garbage-first heap   total 96256K, used 37557K [0x0000000701e00000, 0x0000000800000000)
  region size 2048K, 2 young (4096K), 2 survivors (4096K)
 Metaspace       used 70621K, committed 71296K, reserved 1114112K
  class space    used 9148K, committed 9472K, reserved 1048576K
}
Event: 16.700 GC heap before
{Heap before GC invocations=20 (full 0):
 garbage-first heap   total 96256K, used 39605K [0x0000000701e00000, 0x0000000800000000)
  region size 2048K, 3 young (6144K), 2 survivors (4096K)
 Metaspace       used 71206K, committed 71808K, reserved 1114112K
  class space    used 9236K, committed 9536K, reserved 1048576K
}
Event: 16.707 GC heap after
{Heap after GC invocations=21 (full 0):
 garbage-first heap   total 96256K, used 37278K [0x0000000701e00000, 0x0000000800000000)
  region size 2048K, 1 young (2048K), 1 survivors (2048K)
 Metaspace       used 71206K, committed 71808K, reserved 1114112K
  class space    used 9236K, committed 9536K, reserved 1048576K
}
Event: 17.564 GC heap before
{Heap before GC invocations=21 (full 0):
 garbage-first heap   total 96256K, used 72094K [0x0000000701e00000, 0x0000000800000000)
  region size 2048K, 19 young (38912K), 1 survivors (2048K)
 Metaspace       used 74702K, committed 75392K, reserved 1179648K
  class space    used 9642K, committed 9984K, reserved 1048576K
}
Event: 17.571 GC heap after
{Heap after GC invocations=22 (full 0):
 garbage-first heap   total 96256K, used 39242K [0x0000000701e00000, 0x0000000800000000)
  region size 2048K, 2 young (4096K), 2 survivors (4096K)
 Metaspace       used 74702K, committed 75392K, reserved 1179648K
  class space    used 9642K, committed 9984K, reserved 1048576K
}
Event: 18.157 GC heap before
{Heap before GC invocations=22 (full 0):
 garbage-first heap   total 96256K, used 74058K [0x0000000701e00000, 0x0000000800000000)
  region size 2048K, 19 young (38912K), 2 survivors (4096K)
 Metaspace       used 75295K, committed 75968K, reserved 1179648K
  class space    used 9701K, committed 10048K, reserved 1048576K
}
Event: 18.164 GC heap after
{Heap after GC invocations=23 (full 0):
 garbage-first heap   total 96256K, used 40739K [0x0000000701e00000, 0x0000000800000000)
  region size 2048K, 2 young (4096K), 2 survivors (4096K)
 Metaspace       used 75295K, committed 75968K, reserved 1179648K
  class space    used 9701K, committed 10048K, reserved 1048576K
}
Event: 18.805 GC heap before
{Heap before GC invocations=23 (full 0):
 garbage-first heap   total 96256K, used 77603K [0x0000000701e00000, 0x0000000800000000)
  region size 2048K, 20 young (40960K), 2 survivors (4096K)
 Metaspace       used 76988K, committed 77632K, reserved 1179648K
  class space    used 9933K, committed 10240K, reserved 1048576K
}
Event: 18.817 GC heap after
{Heap after GC invocations=24 (full 0):
 garbage-first heap   total 96256K, used 42703K [0x0000000701e00000, 0x0000000800000000)
  region size 2048K, 2 young (4096K), 2 survivors (4096K)
 Metaspace       used 76988K, committed 77632K, reserved 1179648K
  class space    used 9933K, committed 10240K, reserved 1048576K
}

Dll operation events (14 events):
Event: 0.046 Loaded shared library D:\Programs Files\bin\java.dll
Event: 0.067 Loaded shared library D:\Programs Files\bin\jsvml.dll
Event: 0.418 Loaded shared library D:\Programs Files\bin\zip.dll
Event: 0.422 Loaded shared library D:\Programs Files\bin\instrument.dll
Event: 0.431 Loaded shared library D:\Programs Files\bin\net.dll
Event: 0.434 Loaded shared library D:\Programs Files\bin\nio.dll
Event: 0.437 Loaded shared library D:\Programs Files\bin\zip.dll
Event: 0.671 Loaded shared library D:\Programs Files\IntelliJ IDEA Community Edition 2023.3.4\bin\breakgen64.dll
Event: 0.685 Loaded shared library D:\Programs Files\bin\extnet.dll
Event: 0.732 Loaded shared library D:\Programs Files\bin\jimage.dll
Event: 2.539 Loaded shared library D:\Programs Files\bin\sunmscapi.dll
Event: 11.647 Loaded shared library D:\Programs Files\bin\management.dll
Event: 11.649 Loaded shared library D:\Programs Files\bin\management_ext.dll
Event: 14.191 Loaded shared library D:\Programs Files\bin\verify.dll

Deoptimization events (20 events):
Event: 19.030 Thread 0x00000193ca6853f0 DEOPT PACKING pc=0x00000193d3dbe73a sp=0x00000039dd2f98e0
Event: 19.030 Thread 0x00000193ca6853f0 DEOPT UNPACKING pc=0x00000193db337543 sp=0x00000039dd2f8df0 mode 0
Event: 19.034 Thread 0x00000193ca6853f0 DEOPT PACKING pc=0x00000193d3dbe73a sp=0x00000039dd2f98e0
Event: 19.034 Thread 0x00000193ca6853f0 DEOPT UNPACKING pc=0x00000193db337543 sp=0x00000039dd2f8df0 mode 0
Event: 19.036 Thread 0x00000193ca6853f0 DEOPT PACKING pc=0x00000193d3dbe73a sp=0x00000039dd2f98e0
Event: 19.036 Thread 0x00000193ca6853f0 DEOPT UNPACKING pc=0x00000193db337543 sp=0x00000039dd2f8df0 mode 0
Event: 19.040 Thread 0x00000193ca6853f0 DEOPT PACKING pc=0x00000193d3f718f1 sp=0x00000039dd2f9810
Event: 19.040 Thread 0x00000193ca6853f0 DEOPT UNPACKING pc=0x00000193db337543 sp=0x00000039dd2f8df0 mode 0
Event: 19.041 Thread 0x00000193ca6853f0 DEOPT PACKING pc=0x00000193d3dbe73a sp=0x00000039dd2f98e0
Event: 19.041 Thread 0x00000193ca6853f0 DEOPT UNPACKING pc=0x00000193db337543 sp=0x00000039dd2f8df0 mode 0
Event: 19.042 Thread 0x00000193ca6853f0 DEOPT PACKING pc=0x00000193d3f718f1 sp=0x00000039dd2f9810
Event: 19.042 Thread 0x00000193ca6853f0 DEOPT UNPACKING pc=0x00000193db337543 sp=0x00000039dd2f8df0 mode 0
Event: 19.045 Thread 0x00000193ca6853f0 DEOPT PACKING pc=0x00000193d3dbe73a sp=0x00000039dd2f98e0
Event: 19.045 Thread 0x00000193ca6853f0 DEOPT UNPACKING pc=0x00000193db337543 sp=0x00000039dd2f8df0 mode 0
Event: 19.045 Thread 0x00000193ca6853f0 DEOPT PACKING pc=0x00000193d3f718f1 sp=0x00000039dd2f9810
Event: 19.045 Thread 0x00000193ca6853f0 DEOPT UNPACKING pc=0x00000193db337543 sp=0x00000039dd2f8df0 mode 0
Event: 19.046 Thread 0x00000193ca6853f0 DEOPT PACKING pc=0x00000193d3dbe73a sp=0x00000039dd2f98e0
Event: 19.046 Thread 0x00000193ca6853f0 DEOPT UNPACKING pc=0x00000193db337543 sp=0x00000039dd2f8df0 mode 0
Event: 19.047 Thread 0x00000193ca6853f0 DEOPT PACKING pc=0x00000193d3f718f1 sp=0x00000039dd2f9810
Event: 19.047 Thread 0x00000193ca6853f0 DEOPT UNPACKING pc=0x00000193db337543 sp=0x00000039dd2f8df0 mode 0

Classes loaded (20 events):
Event: 18.732 Loading class sun/reflect/annotation/TypeAnnotation$TypeAnnotationTarget
Event: 18.732 Loading class sun/reflect/annotation/TypeAnnotation$TypeAnnotationTarget done
Event: 18.732 Loading class sun/reflect/annotation/TypeAnnotationParser
Event: 18.733 Loading class sun/reflect/annotation/TypeAnnotationParser done
Event: 18.733 Loading class sun/reflect/annotation/TypeAnnotation
Event: 18.733 Loading class sun/reflect/annotation/TypeAnnotation done
Event: 18.733 Loading class sun/reflect/annotation/AnnotatedTypeFactory
Event: 18.733 Loading class sun/reflect/annotation/AnnotatedTypeFactory done
Event: 18.733 Loading class sun/reflect/annotation/AnnotatedTypeFactory$AnnotatedTypeBaseImpl
Event: 18.733 Loading class sun/reflect/annotation/AnnotatedTypeFactory$AnnotatedTypeBaseImpl done
Event: 18.733 Loading class sun/reflect/annotation/TypeAnnotation$LocationInfo
Event: 18.734 Loading class sun/reflect/annotation/TypeAnnotation$LocationInfo done
Event: 18.734 Loading class sun/reflect/annotation/TypeAnnotation$LocationInfo$Location
Event: 18.734 Loading class sun/reflect/annotation/TypeAnnotation$LocationInfo$Location done
Event: 19.048 Loading class java/util/EnumMap$EntrySet
Event: 19.048 Loading class java/util/EnumMap$EntrySet done
Event: 19.049 Loading class java/util/EnumMap$EntryIterator
Event: 19.049 Loading class java/util/EnumMap$EnumMapIterator
Event: 19.049 Loading class java/util/EnumMap$EnumMapIterator done
Event: 19.049 Loading class java/util/EnumMap$EntryIterator done

Classes unloaded (0 events):
No events

Classes redefined (0 events):
No events

Internal exceptions (20 events):
Event: 16.569 Thread 0x00000193ca6853f0 Exception <a 'java/lang/NoSuchMethodError'{0x000000070579ada8}: 'int java.lang.invoke.DirectMethodHandle$Holder.invokeStatic(java.lang.Object, int, java.lang.Object)'> (0x000000070579ada8) 
thrown [s\open\src\hotspot\share\interpreter\linkResolver.cpp, line 774]
Event: 16.572 Thread 0x00000193ca6853f0 Exception <a 'java/lang/NoSuchMethodError'{0x00000007057b5228}: 'java.lang.Object java.lang.invoke.DirectMethodHandle$Holder.newInvokeSpecial(java.lang.Object, java.lang.Object, java.lang.Object, java.lang.Object, java.lang.Object, int, java.lang.Object)'> (0x00000007057b5228) 
thrown [s\open\src\hotspot\share\interpreter\linkResolver.cpp, line 774]
Event: 16.578 Thread 0x00000193ca6853f0 Exception <a 'java/lang/NoSuchMethodError'{0x00000007057ebe78}: 'java.lang.Object java.lang.invoke.DirectMethodHandle$Holder.newInvokeSpecial(java.lang.Object, java.lang.Object, java.lang.Object, java.lang.Object, java.lang.Object, java.lang.Object, java.lang.Object, java.lang.Object, java.lang.Object, java.lang.Object, java.lang.Object, java.lang.Object)'> (0x00000007057ebe78) 
thrown [s\open\src\hotspot\share\interpreter\linkResolver.cpp, line 774]
Event: 16.579 Thread 0x00000193ca6853f0 Exception <a 'java/lang/NoSuchMethodError'{0x00000007057f09b8}: 'java.lang.Object java.lang.invoke.DirectMethodHandle$Holder.invokeSpecial(java.lang.Object, java.lang.Object, java.lang.Object, java.lang.Object, java.lang.Object, java.lang.Object, java.lang.Object, java.lang.Object, java.lang.Object, java.lang.Object, java.lang.Object, java.lang.Object, java.lang.Object)'> (0x00000007057f09b8) 
thrown [s\open\src\hotspot\share\interpreter\linkResolver.cpp, line 774]
Event: 16.579 Thread 0x00000193ca6853f0 Exception <a 'java/lang/NoSuchMethodError'{0x00000007057f5120}: 'java.lang.Object java.lang.invoke.Invokers$Holder.linkToTargetMethod(java.lang.Object, java.lang.Object, java.lang.Object, java.lang.Object, java.lang.Object, java.lang.Object, java.lang.Object, java.lang.Object, java.lang.Object, java.lang.Object, java.lang.Object, java.lang.Object)'> (0x00000007057f5120) 
thrown [s\open\src\hotspot\share\interpreter\linkResolver.cpp, line 774]
Event: 16.630 Thread 0x00000193ca6853f0 Exception <a 'java/lang/NoSuchMethodError'{0x00000007055d6de8}: 'java.lang.Object java.lang.invoke.DirectMethodHandle$Holder.newInvokeSpecial(java.lang.Object, java.lang.Object, java.lang.Object, java.lang.Object, java.lang.Object, java.lang.Object, java.lang.Object, int)'> (0x00000007055d6de8) 
thrown [s\open\src\hotspot\share\interpreter\linkResolver.cpp, line 774]
Event: 16.630 Thread 0x00000193ca6853f0 Exception <a 'java/lang/NoSuchMethodError'{0x00000007055dbdf8}: 'java.lang.Object java.lang.invoke.DirectMethodHandle$Holder.invokeSpecial(java.lang.Object, java.lang.Object, java.lang.Object, java.lang.Object, java.lang.Object, java.lang.Object, java.lang.Object, java.lang.Object, int)'> (0x00000007055dbdf8) 
thrown [s\open\src\hotspot\share\interpreter\linkResolver.cpp, line 774]
Event: 16.631 Thread 0x00000193ca6853f0 Exception <a 'java/lang/NoSuchMethodError'{0x00000007055e08d0}: 'java.lang.Object java.lang.invoke.Invokers$Holder.linkToTargetMethod(java.lang.Object, java.lang.Object, java.lang.Object, java.lang.Object, java.lang.Object, java.lang.Object, int, java.lang.Object)'> (0x00000007055e08d0) 
thrown [s\open\src\hotspot\share\interpreter\linkResolver.cpp, line 774]
Event: 16.665 Thread 0x00000193ca6853f0 Exception <a 'java/lang/NoSuchMethodError'{0x0000000711c9efb0}: 'void java.lang.invoke.DirectMethodHandle$Holder.invokeInterface(java.lang.Object, java.lang.Object)'> (0x0000000711c9efb0) 
thrown [s\open\src\hotspot\share\interpreter\linkResolver.cpp, line 774]
Event: 16.671 Thread 0x00000193ca6853f0 Exception <a 'java/lang/NoSuchMethodError'{0x0000000711cd1308}: 'java.lang.Object java.lang.invoke.DirectMethodHandle$Holder.newInvokeSpecial(java.lang.Object, java.lang.Object, int, java.lang.Object, int, java.lang.Object, java.lang.Object)'> (0x0000000711cd1308) 
thrown [s\open\src\hotspot\share\interpreter\linkResolver.cpp, line 774]
Event: 16.821 Thread 0x00000193ca6853f0 Exception <a 'java/lang/NoSuchMethodError'{0x00000007076c48c8}: 'java.lang.Object java.lang.invoke.DirectMethodHandle$Holder.invokeSpecial(java.lang.Object, java.lang.Object, int, java.lang.Object, int)'> (0x00000007076c48c8) 
thrown [s\open\src\hotspot\share\interpreter\linkResolver.cpp, line 774]
Event: 16.897 Thread 0x00000193ca6853f0 Implicit null exception at 0x00000193dbc99460 to 0x00000193dbc99670
Event: 17.048 Thread 0x00000193ca6853f0 Exception <a 'java/lang/IncompatibleClassChangeError'{0x0000000706b83818}: Found class java.lang.Object, but interface was expected> (0x0000000706b83818) 
thrown [s\open\src\hotspot\share\interpreter\linkResolver.cpp, line 841]
Event: 17.122 Thread 0x00000193ca6853f0 Implicit null exception at 0x00000193dbca8fc0 to 0x00000193dbcaa8f0
Event: 17.135 Thread 0x00000193ca6853f0 Exception <a 'java/lang/IncompatibleClassChangeError'{0x00000007065fb678}: Found class java.lang.Object, but interface was expected> (0x00000007065fb678) 
thrown [s\open\src\hotspot\share\interpreter\linkResolver.cpp, line 841]
Event: 17.229 Thread 0x00000193ca6853f0 Exception <a 'java/lang/IncompatibleClassChangeError'{0x00000007061f0a90}: Found class java.lang.Object, but interface was expected> (0x00000007061f0a90) 
thrown [s\open\src\hotspot\share\interpreter\linkResolver.cpp, line 841]
Event: 17.527 Thread 0x00000193ca6853f0 Exception <a 'java/lang/IncompatibleClassChangeError'{0x000000070595e160}: Found class java.lang.Object, but interface was expected> (0x000000070595e160) 
thrown [s\open\src\hotspot\share\interpreter\linkResolver.cpp, line 841]
Event: 17.959 Thread 0x00000193ca6853f0 Exception <a 'java/lang/NoSuchMethodError'{0x0000000706049850}: 'java.lang.Object java.lang.invoke.DirectMethodHandle$Holder.newInvokeSpecial(java.lang.Object, java.lang.Object, java.lang.Object, java.lang.Object, java.lang.Object, java.lang.Object, java.lang.Object, java.lang.Object)'> (0x0000000706049850) 
thrown [s\open\src\hotspot\share\interpreter\linkResolver.cpp, line 774]
Event: 18.400 Thread 0x00000193ca6853f0 Exception <a 'java/lang/NoSuchMethodError'{0x00000007070bc7d0}: 'java.lang.Object java.lang.invoke.DirectMethodHandle$Holder.invokeVirtual(java.lang.Object, java.lang.Object, java.lang.Object, java.lang.Object, java.lang.Object, java.lang.Object, java.lang.Object)'> (0x00000007070bc7d0) 
thrown [s\open\src\hotspot\share\interpreter\linkResolver.cpp, line 774]
Event: 18.963 Thread 0x00000193ca6853f0 Exception <a 'sun/nio/fs/WindowsException'{0x00000007070cb308}> (0x00000007070cb308) 
thrown [s\open\src\hotspot\share\prims\jni.cpp, line 517]

VM Operations (20 events):
Event: 17.480 Executing VM operation: ICBufferFull
Event: 17.480 Executing VM operation: ICBufferFull done
Event: 17.490 Executing VM operation: HandshakeAllThreads
Event: 17.491 Executing VM operation: HandshakeAllThreads done
Event: 17.508 Executing VM operation: HandshakeAllThreads
Event: 17.508 Executing VM operation: HandshakeAllThreads done
Event: 17.564 Executing VM operation: G1CollectForAllocation
Event: 17.571 Executing VM operation: G1CollectForAllocation done
Event: 17.583 Executing VM operation: HandshakeAllThreads
Event: 17.583 Executing VM operation: HandshakeAllThreads done
Event: 17.590 Executing VM operation: HandshakeAllThreads
Event: 17.590 Executing VM operation: HandshakeAllThreads done
Event: 18.157 Executing VM operation: G1CollectForAllocation
Event: 18.164 Executing VM operation: G1CollectForAllocation done
Event: 18.729 Executing VM operation: HandshakeAllThreads
Event: 18.729 Executing VM operation: HandshakeAllThreads done
Event: 18.730 Executing VM operation: HandshakeAllThreads
Event: 18.730 Executing VM operation: HandshakeAllThreads done
Event: 18.805 Executing VM operation: G1CollectForAllocation
Event: 18.818 Executing VM operation: G1CollectForAllocation done

Events (20 events):
Event: 17.520 Thread 0x00000193f3430020 flushing nmethod 0x00000193d48ed010
Event: 17.520 Thread 0x00000193f3430020 flushing nmethod 0x00000193d4903190
Event: 17.520 Thread 0x00000193f3430020 flushing nmethod 0x00000193d4908b10
Event: 17.520 Thread 0x00000193f3430020 flushing nmethod 0x00000193d490cb10
Event: 17.520 Thread 0x00000193f3430020 flushing nmethod 0x00000193d4937310
Event: 17.520 Thread 0x00000193f3430020 flushing nmethod 0x00000193d493bf10
Event: 17.520 Thread 0x00000193f3430020 flushing nmethod 0x00000193d494eb90
Event: 17.520 Thread 0x00000193f3430020 flushing nmethod 0x00000193d497be10
Event: 17.521 Thread 0x00000193f3430020 flushing nmethod 0x00000193d49bb890
Event: 17.521 Thread 0x00000193f3430020 flushing nmethod 0x00000193d49bf910
Event: 17.521 Thread 0x00000193f3430020 flushing nmethod 0x00000193d49da810
Event: 17.521 Thread 0x00000193f3430020 flushing nmethod 0x00000193d49db990
Event: 17.521 Thread 0x00000193f3430020 flushing nmethod 0x00000193d49dee90
Event: 17.521 Thread 0x00000193f3430020 flushing nmethod 0x00000193d49df210
Event: 17.521 Thread 0x00000193f3430020 flushing nmethod 0x00000193d49df590
Event: 17.521 Thread 0x00000193f3430020 flushing nmethod 0x00000193d49e6190
Event: 17.521 Thread 0x00000193f3430020 flushing nmethod 0x00000193d49eba90
Event: 17.521 Thread 0x00000193f3430020 flushing nmethod 0x00000193d4a44c90
Event: 17.521 Thread 0x00000193f3430020 flushing nmethod 0x00000193d4a45790
Event: 17.521 Thread 0x00000193f3430020 flushing nmethod 0x00000193d4a8db10


Dynamic libraries:
0x00007ff6e6540000 - 0x00007ff6e6550000 	D:\Programs Files\bin\java.exe
0x00007ffaf3310000 - 0x00007ffaf3508000 	C:\WINDOWS\SYSTEM32\ntdll.dll
0x00007ffaf2f40000 - 0x00007ffaf2ffd000 	C:\WINDOWS\System32\KERNEL32.DLL
0x00007ffaf0c20000 - 0x00007ffaf0f16000 	C:\WINDOWS\System32\KERNELBASE.dll
0x00007ffaf09d0000 - 0x00007ffaf0ad0000 	C:\WINDOWS\System32\ucrtbase.dll
0x00007ffadfb60000 - 0x00007ffadfb78000 	D:\Programs Files\bin\jli.dll
0x00007ffaf3000000 - 0x00007ffaf30b3000 	C:\WINDOWS\System32\ADVAPI32.dll
0x00007ffaf28d0000 - 0x00007ffaf296e000 	C:\WINDOWS\System32\msvcrt.dll
0x00007ffaf2820000 - 0x00007ffaf28bf000 	C:\WINDOWS\System32\sechost.dll
0x00007ffaf2650000 - 0x00007ffaf2776000 	C:\WINDOWS\System32\RPCRT4.dll
0x00007ffadeb60000 - 0x00007ffadeb7b000 	D:\Programs Files\bin\VCRUNTIME140.dll
0x00007ffaf0ad0000 - 0x00007ffaf0af7000 	C:\WINDOWS\System32\bcrypt.dll
0x00007ffaf2970000 - 0x00007ffaf2b0e000 	C:\WINDOWS\System32\USER32.dll
0x00007ffaf10f0000 - 0x00007ffaf1112000 	C:\WINDOWS\System32\win32u.dll
0x00007ffaf25c0000 - 0x00007ffaf25eb000 	C:\WINDOWS\System32\GDI32.dll
0x00007ffadbda0000 - 0x00007ffadc03a000 	C:\WINDOWS\WinSxS\amd64_microsoft.windows.common-controls_6595b64144ccf1df_6.0.19041.3636_none_60b6a03d71f818d5\COMCTL32.dll
0x00007ffaf0b00000 - 0x00007ffaf0c17000 	C:\WINDOWS\System32\gdi32full.dll
0x00007ffaf1120000 - 0x00007ffaf11bd000 	C:\WINDOWS\System32\msvcp_win.dll
0x00007ffadf880000 - 0x00007ffadf88a000 	C:\WINDOWS\SYSTEM32\VERSION.dll
0x00007ffaf2580000 - 0x00007ffaf25b2000 	C:\WINDOWS\System32\IMM32.DLL
0x00007ffadfb50000 - 0x00007ffadfb5c000 	D:\Programs Files\bin\vcruntime140_1.dll
0x00007ffaa4620000 - 0x00007ffaa46ae000 	D:\Programs Files\bin\msvcp140.dll
0x00007ffa602a0000 - 0x00007ffa60f60000 	D:\Programs Files\bin\server\jvm.dll
0x00007ffad8bd0000 - 0x00007ffad8bd9000 	C:\WINDOWS\SYSTEM32\WSOCK32.dll
0x00007ffaf1ea0000 - 0x00007ffaf1f0b000 	C:\WINDOWS\System32\WS2_32.dll
0x00007ffad4a90000 - 0x00007ffad4ab7000 	C:\WINDOWS\SYSTEM32\WINMM.dll
0x00007ffaef220000 - 0x00007ffaef232000 	C:\WINDOWS\SYSTEM32\kernel.appcore.dll
0x00007ffadee90000 - 0x00007ffadee9a000 	D:\Programs Files\bin\jimage.dll
0x00007ffaeeed0000 - 0x00007ffaef0b4000 	C:\WINDOWS\SYSTEM32\DBGHELP.DLL
0x00007ffad4be0000 - 0x00007ffad4c14000 	C:\WINDOWS\SYSTEM32\dbgcore.DLL
0x00007ffaf11c0000 - 0x00007ffaf1242000 	C:\WINDOWS\System32\bcryptPrimitives.dll
0x00007ffaec180000 - 0x00007ffaec18e000 	D:\Programs Files\bin\instrument.dll
0x00007ffadeb30000 - 0x00007ffadeb56000 	D:\Programs Files\bin\java.dll
0x00007ffaa2620000 - 0x00007ffaa26f7000 	D:\Programs Files\bin\jsvml.dll
0x00007ffaf1350000 - 0x00007ffaf1a95000 	C:\WINDOWS\System32\SHELL32.dll
0x00007ffaee730000 - 0x00007ffaeeecc000 	C:\WINDOWS\SYSTEM32\windows.storage.dll
0x00007ffaf2b10000 - 0x00007ffaf2e64000 	C:\WINDOWS\System32\combase.dll
0x00007ffaf0330000 - 0x00007ffaf035e000 	C:\WINDOWS\SYSTEM32\Wldp.dll
0x00007ffaf2e70000 - 0x00007ffaf2f3d000 	C:\WINDOWS\System32\OLEAUT32.dll
0x00007ffaf1b00000 - 0x00007ffaf1bad000 	C:\WINDOWS\System32\SHCORE.dll
0x00007ffaf2520000 - 0x00007ffaf2575000 	C:\WINDOWS\System32\shlwapi.dll
0x00007ffaf0900000 - 0x00007ffaf0925000 	C:\WINDOWS\SYSTEM32\profapi.dll
0x00007ffadea80000 - 0x00007ffadea98000 	D:\Programs Files\bin\zip.dll
0x00007ffadeb10000 - 0x00007ffadeb23000 	D:\Programs Files\bin\net.dll
0x00007ffadfe10000 - 0x00007ffadff1a000 	C:\WINDOWS\SYSTEM32\WINHTTP.dll
0x00007ffaf0070000 - 0x00007ffaf00da000 	C:\WINDOWS\system32\mswsock.dll
0x00007ffadeaa0000 - 0x00007ffadeab6000 	D:\Programs Files\bin\nio.dll
0x00007ffadfca0000 - 0x00007ffadfcba000 	D:\Programs Files\IntelliJ IDEA Community Edition 2023.3.4\bin\breakgen64.dll
0x00007ffadeca0000 - 0x00007ffadeca8000 	D:\Programs Files\bin\extnet.dll
0x00007ffaefd50000 - 0x00007ffaefd8b000 	C:\WINDOWS\SYSTEM32\IPHLPAPI.DLL
0x00007ffaf1c90000 - 0x00007ffaf1c98000 	C:\WINDOWS\System32\NSI.dll
0x00007ffae35e0000 - 0x00007ffae35f7000 	C:\WINDOWS\SYSTEM32\dhcpcsvc6.DLL
0x00007ffae4420000 - 0x00007ffae443d000 	C:\WINDOWS\SYSTEM32\dhcpcsvc.DLL
0x00007ffaefd90000 - 0x00007ffaefe5b000 	C:\WINDOWS\SYSTEM32\DNSAPI.dll
0x00007ffada5e0000 - 0x00007ffada5ea000 	C:\Windows\System32\rasadhlp.dll
0x00007ffadd580000 - 0x00007ffadd600000 	C:\WINDOWS\System32\fwpuclnt.dll
0x00007ffadea70000 - 0x00007ffadea7e000 	D:\Programs Files\bin\sunmscapi.dll
0x00007ffaf0f20000 - 0x00007ffaf107d000 	C:\WINDOWS\System32\CRYPT32.dll
0x00007ffaf03a0000 - 0x00007ffaf03c8000 	C:\WINDOWS\SYSTEM32\ncrypt.dll
0x00007ffaf0360000 - 0x00007ffaf039b000 	C:\WINDOWS\SYSTEM32\NTASN1.dll
0x00007ffaf0280000 - 0x00007ffaf0298000 	C:\WINDOWS\SYSTEM32\CRYPTSP.dll
0x00007ffaef980000 - 0x00007ffaef9b4000 	C:\WINDOWS\system32\rsaenh.dll
0x00007ffaf0880000 - 0x00007ffaf08ae000 	C:\WINDOWS\SYSTEM32\USERENV.dll
0x00007ffaf02a0000 - 0x00007ffaf02ac000 	C:\WINDOWS\SYSTEM32\CRYPTBASE.dll
0x00007ffadfb80000 - 0x00007ffadfb8a000 	D:\Programs Files\bin\management.dll
0x00007ffadebe0000 - 0x00007ffadebeb000 	D:\Programs Files\bin\management_ext.dll
0x00007ffaf2780000 - 0x00007ffaf2788000 	C:\WINDOWS\System32\PSAPI.DLL
0x00007ffadfbd0000 - 0x00007ffadfbe0000 	D:\Programs Files\bin\verify.dll

dbghelp: loaded successfully - version: 4.0.5 - missing functions: none
symbol engine: initialized successfully - sym options: 0x614 - pdb path: .;D:\Programs Files\bin;C:\WINDOWS\SYSTEM32;C:\WINDOWS\WinSxS\amd64_microsoft.windows.common-controls_6595b64144ccf1df_6.0.19041.3636_none_60b6a03d71f818d5;D:\Programs Files\bin\server;D:\Programs Files\IntelliJ IDEA Community Edition 2023.3.4\bin

VM Arguments:
jvm_args: -javaagent:D:\Programs Files\IntelliJ IDEA Community Edition 2023.3.4\lib\idea_rt.jar=58838:D:\Programs Files\IntelliJ IDEA Community Edition 2023.3.4\bin -Dfile.encoding=UTF-8 -Dsun.stdout.encoding=UTF-8 -Dsun.stderr.encoding=UTF-8 
java_command: com.hackacode.gestionPaqSer.GestionPaqSerApplication
java_class_path (initial): D:\Irving\Irving 2\Cursos\TodoCode\HackaCode\Ethereal Trek\Back\Servicios\gestionPaqSer\target\classes;C:\Users\iamf_\.m2\repository\org\springframework\boot\spring-boot-starter-data-jpa\3.2.2\spring-boot-starter-data-jpa-3.2.2.jar;C:\Users\iamf_\.m2\repository\org\springframework\boot\spring-boot-starter-aop\3.2.2\spring-boot-starter-aop-3.2.2.jar;C:\Users\iamf_\.m2\repository\org\springframework\spring-aop\6.1.3\spring-aop-6.1.3.jar;C:\Users\iamf_\.m2\repository\org\aspectj\aspectjweaver\1.9.21\aspectjweaver-1.9.21.jar;C:\Users\iamf_\.m2\repository\org\springframework\boot\spring-boot-starter-jdbc\3.2.2\spring-boot-starter-jdbc-3.2.2.jar;C:\Users\iamf_\.m2\repository\com\zaxxer\HikariCP\5.0.1\HikariCP-5.0.1.jar;C:\Users\iamf_\.m2\repository\org\springframework\spring-jdbc\6.1.3\spring-jdbc-6.1.3.jar;C:\Users\iamf_\.m2\repository\org\hibernate\orm\hibernate-core\6.4.1.Final\hibernate-core-6.4.1.Final.jar;C:\Users\iamf_\.m2\repository\jakarta\persistence\jakarta.persistence-api\3.1.0\jakarta.persistence-api-3.1.0.jar;C:\Users\iamf_\.m2\repository\jakarta\transaction\jakarta.transaction-api\2.0.1\jakarta.transaction-api-2.0.1.jar;C:\Users\iamf_\.m2\repository\org\jboss\logging\jboss-logging\3.5.3.Final\jboss-logging-3.5.3.Final.jar;C:\Users\iamf_\.m2\repository\org\hibernate\common\hibernate-commons-annotations\6.0.6.Final\hibernate-commons-annotations-6.0.6.Final.jar;C:\Users\iamf_\.m2\repository\io\smallrye\jandex\3.1.2\jandex-3.1.2.jar;C:\Users\iamf_\.m2\repository\com\fasterxml\classmate\1.6.0\classmate-1.6.0.jar;C:\Users\iamf_\.m2\repository\net\bytebuddy\byte-buddy\1.14.11\byte-buddy-1.14.11.jar;C:\Users\iamf_\.m2\repository\org\glassfish\jaxb\jaxb-runtime\4.0.4\jaxb-runtime-4.0.4.jar;C:\Users\iamf_\.m2\repository\org\glassfish\jaxb\jaxb-core\4.0.4\jaxb-core-4.0.4.jar;C:\Users\iamf_\.m2\repository\org\eclipse\angus\angus-activation\2.0.1\angus-activation-2.0.1.jar;C:\Users\iamf_\.m2\repository\org\glassfish\jaxb\txw2\4.0.4\txw2-4.0.4.jar;C:\Users\iamf_\.m2\repository\com\sun\istack\istack-commons-runtime\4.1.2\istack-commons-runtime-4.1.2.jar;C:\Users\iamf_\.m2\repository\jakarta\inject\jakarta.inject-api\2.0.1\jakarta.inject-api-2.0.1.jar;C:\Users\iamf_\.m2\repository\org\antlr\antlr4-runtime\4.13.0\antlr4-runtime-4.13.0.jar;C:\Users\iamf_\.m2\repository\org\springframework\data\spring-data-jpa\3.2.2\spring-data-jpa-3.2.2.jar;C:\Users\iamf_\.m2\repository\org\springframework\data\spring-data-commons\3.2.2\spring-data-commons-3.2.2.jar;C:\Users\iamf_\.m2\repository\org\springframework\spring-orm\6.1.3\spring-orm-6.1.3.jar;C:\Users\iamf_\.m2\repository\org\springframework\spring-context\6.1.3\spring-context-6.1.3.jar;C:\Users\iamf_\.m2\repository\org\springframework\spring-tx\6.1.3\spring-tx-6.1.3.jar;C:\Users\iamf_\.m2\repository\org\springframework\spring-beans\6.1.3\spring-beans-6.1.3.jar;C:\Users\iamf_\.m2\repository\jakarta\annotation\jakarta.annotation-api\2.1.1\jakarta.annotation-api-2.1.1.jar;C:\Users\iamf_\.m2\repository\org\springframework\spring-aspects\6.1.3\spring-aspects-6.1.3.jar;C:\Users\iamf_\.m2\repository\org\springframework\boot\spring-boot-starter-web\3.2.2\spring-boot-starter-web-3.2.2.jar;C:\Users\iamf_\.m2\repository\org\springframework\boot\spring-boot-starter\3.2.2\spring-boot-starter-3.2.2.jar;C:\Users\iamf_\.m2\repository\org\springframework\boot\spring-boot\3.2.2\spring-boot-3.2.2.jar;C:\Users\iamf_\.m2\repository\org\springframework\boot\spring-boot-autoconfigure\3.2.2\spring-boot-autoconfigure-3.2.2.jar;C:\Users\iamf_\.m2\repository\org\springframework\boot\spring-boot-starter-logging\3.2.2\spring-boot-starter-logging-3.2.2.jar;C:\Users\iamf_\.m2\repository\ch\qos\logback\logback-classic\1.4.14\logback-classic-1.4.14.jar;C:\Users\iamf_\.m2\repository\ch\qos\logback\logback-core\1.4.14\logback-core-1.4.14.jar;C:\Users\iamf_\.m2\repository\org\apache\logging\log4j\log4j-to-slf4j\2.21.1\log4j-to-slf4j-2.21.1.jar;C:\Users\iamf_\.m2\repository\org\apache\logging\log4j\log4j-api\2.21.1\log4j-api-2.21.1.jar;C:\Users\iamf_\.m2\repository\org\slf4j\jul-to-slf4j\2.0.11\jul-to-slf4j-2.0.11.jar;C:\Users\iamf_\.m2\repository\org\yaml\snakeyaml\2.2\snakeyaml-2.2.jar;C:\Users\iamf_\.m2\repository\org\springframework\boot\spring-boot-starter-json\3.2.2\spring-boot-starter-json-3.2.2.jar;C:\Users\iamf_\.m2\repository\com\fasterxml\jackson\datatype\jackson-datatype-jdk8\2.15.3\jackson-datatype-jdk8-2.15.3.jar;C:\Users\iamf_\.m2\repository\com\fasterxml\jackson\datatype\jackson-datatype-jsr310\2.15.3\jackson-datatype-jsr310-2.15.3.jar;C:\Users\iamf_\.m2\repository\com\fasterxml\jackson\module\jackson-module-parameter-names\2.15.3\jackson-module-parameter-names-2.15.3.jar;C:\Users\iamf_\.m2\repository\org\springframework\boot\spring-boot-starter-tomcat\3.2.2\spring-boot-starter-tomcat-3.2.2.jar;C:\Users\iamf_\.m2\repository\org\apache\tomcat\embed\tomcat-embed-core\10.1.18\tomcat-embed-core-10.1.18.jar;C:\Users\iamf_\.m2\repository\org\apache\tomcat\embed\tomcat-embed-el\10.1.18\tomcat-embed-el-10.1.18.jar;C:\Users\iamf_\.m2\repository\org\apache\tomcat\embed\tomcat-embed-websocket\10.1.18\tomcat-embed-websocket-10.1.18.jar;C:\Users\iamf_\.m2\repository\org\springframework\spring-web\6.1.3\spring-web-6.1.3.jar;C:\Users\iamf_\.m2\repository\org\springframework\spring-webmvc\6.1.3\spring-webmvc-6.1.3.jar;C:\Users\iamf_\.m2\repository\org\springframework\spring-expression\6.1.3\spring-expression-6.1.3.jar;C:\Users\iamf_\.m2\repository\org\springframework\cloud\spring-cloud-starter-netflix-eureka-client\4.1.0\spring-cloud-starter-netflix-eureka-client-4.1.0.jar;C:\Users\iamf_\.m2\repository\org\springframework\cloud\spring-cloud-starter\4.1.0\spring-cloud-starter-4.1.0.jar;C:\Users\iamf_\.m2\repository\org\springframework\cloud\spring-cloud-context\4.1.0\spring-cloud-context-4.1.0.jar;C:\Users\iamf_\.m2\repository\org\springframework\security\spring-security-rsa\1.1.1\spring-security-rsa-1.1.1.jar;C:\Users\iamf_\.m2\repository\org\bouncycastle\bcprov-jdk18on\1.74\bcprov-jdk18on-1.74.jar;C:\Users\iamf_\.m2\repository\org\springframework\cloud\spring-cloud-netflix-eureka-client\4.1.0\spring-cloud-netflix-eureka-client-4.1.0.jar;C:\Users\iamf_\.m2\repository\org\apache\httpcomponents\client5\httpclient5\5.2.3\httpclient5-5.2.3.jar;C:\Users\iamf_\.m2\repository\org\apache\httpcomponents\core5\httpcore5\5.2.4\httpcore5-5.2.4.jar;C:\Users\iamf_\.m2\repository\org\apache\httpcomponents\core5\httpcore5-h2\5.2.4\httpcore5-h2-5.2.4.jar;C:\Users\iamf_\.m2\repository\com\netflix\eureka\eureka-client\2.0.1\eureka-client-2.0.1.jar;C:\Users\iamf_\.m2\repository\com\netflix\netflix-commons\netflix-eventbus\0.3.0\netflix-eventbus-0.3.0.jar;C:\Users\iamf_\.m2\repository\com\netflix\netflix-commons\netflix-infix\0.3.0\netflix-infix-0.3.0.jar;C:\Users\iamf_\.m2\repository\commons-jxpath\commons-jxpath\1.3\commons-jxpath-1.3.jar;C:\Users\iamf_\.m2\repository\joda-time\joda-time\2.3\joda-time-2.3.jar;C:\Users\iamf_\.m2\repository\org\antlr\antlr-runtime\3.4\antlr-runtime-3.4.jar;C:\Users\iamf_\.m2\repository\org\antlr\stringtemplate\3.2.1\stringtemplate-3.2.1.jar;C:\Users\iamf_\.m2\repository\antlr\antlr\2.7.7\antlr-2.7.7.jar;C:\Users\iamf_\.m2\repository\com\google\code\gson\gson\2.10.1\gson-2.10.1.jar;C:\Users\iamf_\.m2\repository\org\apache\commons\commons-math\2.2\commons-math-2.2.jar;C:\Users\iamf_\.m2\repository\com\thoughtworks\xstream\xstream\1.4.19\xstream-1.4.19.jar;C:\Users\iamf_\.m2\repository\io\github\x-stream\mxparser\1.2.2\mxparser-1.2.2.jar;C:\Users\iamf_\.m2\repository\xmlpull\xmlpull\1.1.3.1\xmlpull-1.1.3.1.jar;C:\Users\iamf_\.m2\repository\jakarta\ws\rs\jakarta.ws.rs-api\3.1.0\jakarta.ws.rs-api-3.1.0.jar;C:\Users\iamf_\.m2\repository\com\netflix\servo\servo-core\0.12.21\servo-core-0.12.21.jar;C:\Users\iamf_\.m2\repository\com\google\guava\guava\19.0\guava-19.0.jar;C:\Users\iamf_\.m2\repository\org\apache\httpcomponents\httpclient\4.5.3\httpclient-4.5.3.jar;C:\Users\iamf_\.m2\repository\org\apache\httpcomponents\httpcore\4.4.16\httpcore-4.4.16.jar;C:\Users\iamf_\.m2\repository\commons-codec\commons-codec\1.16.0\commons-codec-1.16.0.jar;C:\Users\iamf_\.m2\repository\commons-configuration\commons-configuration\1.10\commons-configuration-1.10.jar;C:\Users\iamf_\.m2\repository\commons-lang\commons-lang\2.6\commons-lang-2.6.jar;C:\Users\iamf_\.m2\repository\com\fasterxml\jackson\core\jackson-annotations\2.15.3\jackson-annotations-2.15.3.jar;C:\Users\iamf_\.m2\repository\com\fasterxml\jackson\core\jackson-core\2.15.3\jackson-core-2.15.3.jar;C:\Users\iamf_\.m2\repository\org\codehaus\jettison\jettison\1.4.0\jettison-1.4.0.jar;C:\Users\iamf_\.m2\repository\com\netflix\eureka\eureka-core\2.0.1\eureka-core-2.0.1.jar;C:\Users\iamf_\.m2\repository\com\fasterxml\woodstox\woodstox-core\6.2.1\woodstox-core-6.2.1.jar;C:\Users\iamf_\.m2\repository\org\codehaus\woodstox\stax2-api\4.2.1\stax2-api-4.2.1.jar;C:\Users\iamf_\.m2\repository\org\springframework\cloud\spring-cloud-starter-loadbalancer\4.1.0\spring-cloud-starter-loadbalancer-4.1.0.jar;C:\Users\iamf_\.m2\repository\org\springframework\cloud\spring-cloud-loadbalancer\4.1.0\spring-cloud-loadbalancer-4.1.0.jar;C:\Users\iamf_\.m2\repository\io\projectreactor\reactor-core\3.6.2\reactor-core-3.6.2.jar;C:\Users\iamf_\.m2\repository\org\reactivestreams\reactive-streams\1.0.4\reactive-streams-1.0.4.jar;C:\Users\iamf_\.m2\repository\io\projectreactor\addons\reactor-extra\3.5.1\reactor-extra-3.5.1.jar;C:\Users\iamf_\.m2\repository\org\springframework\boot\spring-boot-starter-cache\3.2.2\spring-boot-starter-cache-3.2.2.jar;C:\Users\iamf_\.m2\repository\org\springframework\spring-context-support\6.1.3\spring-context-support-6.1.3.jar;C:\Users\iamf_\.m2\repository\com\stoyanr\evictor\1.0.0\evictor-1.0.0.jar;C:\Users\iamf_\.m2\repository\org\springframework\cloud\spring-cloud-starter-openfeign\4.1.0\spring-cloud-starter-openfeign-4.1.0.jar;C:\Users\iamf_\.m2\repository\org\springframework\cloud\spring-cloud-openfeign-core\4.1.0\spring-cloud-openfeign-core-4.1.0.jar;C:\Users\iamf_\.m2\repository\io\github\openfeign\form\feign-form-spring\3.8.0\feign-form-spring-3.8.0.jar;C:\Users\iamf_\.m2\repository\io\github\openfeign\form\feign-form\3.8.0\feign-form-3.8.0.jar;C:\Users\iamf_\.m2\repository\commons-fileupload\commons-fileupload\1.5\commons-fileupload-1.5.jar;C:\Users\iamf_\.m2\repository\commons-io\commons-io\2.11.0\commons-io-2.11.0.jar;C:\Users\iamf_\.m2\repository\org\springframework\cloud\spring-cloud-commons\4.1.0\spring-cloud-commons-4.1.0.jar;C:\Users\iamf_\.m2\repository\org\springframework\security\spring-security-crypto\6.2.1\spring-security-crypto-6.2.1.jar;C:\Users\iamf_\.m2\repository\io\github\openfeign\feign-core\13.1\feign-core-13.1.jar;C:\Users\iamf_\.m2\repository\io\github\openfeign\feign-slf4j\13.1\feign-slf4j-13.1.jar;C:\Users\iamf_\.m2\repository\org\springframework\cloud\spring-cloud-starter-circuitbreaker-resilience4j\3.1.0\spring-cloud-starter-circuitbreaker-resilience4j-3.1.0.jar;C:\Users\iamf_\.m2\repository\org\springframework\cloud\spring-cloud-circuitbreaker-resilience4j\3.1.0\spring-cloud-circuitbreaker-resilience4j-3.1.0.jar;C:\Users\iamf_\.m2\repository\io\github\resilience4j\resilience4j-spring-boot3\2.1.0\resilience4j-spring-boot3-2.1.0.jar;C:\Users\iamf_\.m2\repository\io\github\resilience4j\resilience4j-spring6\2.1.0\resilience4j-spring6-2.1.0.jar;C:\Users\iamf_\.m2\repository\io\github\resilience4j\resilience4j-annotations\2.1.0\resilience4j-annotations-2.1.0.jar;C:\Users\iamf_\.m2\repository\io\github\resilience4j\resilience4j-consumer\2.1.0\resilience4j-consumer-2.1.0.jar;C:\Users\iamf_\.m2\repository\io\github\resilience4j\resilience4j-circularbuffer\2.1.0\resilience4j-circularbuffer-2.1.0.jar;C:\Users\iamf_\.m2\repository\io\github\resilience4j\resilience4j-framework-common\2.1.0\resilience4j-framework-common-2.1.0.jar;C:\Users\iamf_\.m2\repository\io\github\resilience4j\resilience4j-micrometer\2.1.0\resilience4j-micrometer-2.1.0.jar;C:\Users\iamf_\.m2\repository\io\github\resilience4j\resilience4j-retry\2.1.0\resilience4j-retry-2.1.0.jar;C:\Users\iamf_\.m2\repository\io\github\resilience4j\resilience4j-ratelimiter\2.1.0\resilience4j-ratelimiter-2.1.0.jar;C:\Users\iamf_\.m2\repository\io\github\resilience4j\resilience4j-circuitbreaker\2.1.0\resilience4j-circuitbreaker-2.1.0.jar;C:\Users\iamf_\.m2\repository\io\github\resilience4j\resilience4j-core\2.1.0\resilience4j-core-2.1.0.jar;C:\Users\iamf_\.m2\repository\io\github\resilience4j\resilience4j-timelimiter\2.1.0\resilience4j-timelimiter-2.1.0.jar;C:\Users\iamf_\.m2\repository\org\springframework\cloud\spring-cloud-starter-config\4.1.0\spring-cloud-starter-config-4.1.0.jar;C:\Users\iamf_\.m2\repository\org\springframework\cloud\spring-cloud-config-client\4.1.0\spring-cloud-config-client-4.1.0.jar;C:\Users\iamf_\.m2\repository\com\fasterxml\jackson\core\jackson-databind\2.15.3\jackson-databind-2.15.3.jar;C:\Users\iamf_\.m2\repository\com\mysql\mysql-connector-j\8.3.0\mysql-connector-j-8.3.0.jar;C:\Users\iamf_\.m2\repository\org\projectlombok\lombok\1.18.30\lombok-1.18.30.jar;C:\Users\iamf_\.m2\repository\jakarta\xml\bind\jakarta.xml.bind-api\4.0.1\jakarta.xml.bind-api-4.0.1.jar;C:\Users\iamf_\.m2\repository\jakarta\activation\jakarta.activation-api\2.1.2\jakarta.activation-api-2.1.2.jar;C:\Users\iamf_\.m2\repository\org\springframework\spring-core\6.1.3\spring-core-6.1.3.jar;C:\Users\iamf_\.m2\repository\org\springframework\spring-jcl\6.1.3\spring-jcl-6.1.3.jar;C:\Users\iamf_\.m2\repository\org\springdoc\springdoc-openapi-starter-webmvc-ui\2.2.0\springdoc-openapi-starter-webmvc-ui-2.2.0.jar;C:\Users\iamf_\.m2\repository\org\springdoc\springdoc-openapi-starter-webmvc-api\2.2.0\springdoc-openapi-starter-webmvc-api-2.2.0.jar;C:\Users\iamf_\.m2\repository\org\springdoc\springdoc-openapi-starter-common\2.2.0\springdoc-openapi-starter-common-2.2.0.jar;C:\Users\iamf_\.m2\repository\io\swagger\core\v3\swagger-core-jakarta\2.2.15\swagger-core-jakarta-2.2.15.jar;C:\Users\iamf_\.m2\repository\org\apache\commons\commons-lang3\3.13.0\commons-lang3-3.13.0.jar;C:\Users\iamf_\.m2\repository\io\swagger\core\v3\swagger-annotations-jakarta\2.2.15\swagger-annotations-jakarta-2.2.15.jar;C:\Users\iamf_\.m2\repository\io\swagger\core\v3\swagger-models-jakarta\2.2.15\swagger-models-jakarta-2.2.15.jar;C:\Users\iamf_\.m2\repository\jakarta\validation\jakarta.validation-api\3.0.2\jakarta.validation-api-3.0.2.jar;C:\Users\iamf_\.m2\repository\com\fasterxml\jackson\dataformat\jackson-dataformat-yaml\2.15.3\jackson-dataformat-yaml-2.15.3.jar;C:\Users\iamf_\.m2\repository\org\webjars\swagger-ui\5.2.0\swagger-ui-5.2.0.jar;C:\Users\iamf_\.m2\repository\io\micrometer\micrometer-tracing-bridge-brave\1.2.2\micrometer-tracing-bridge-brave-1.2.2.jar;C:\Users\iamf_\.m2\repository\io\micrometer\micrometer-tracing\1.2.2\micrometer-tracing-1.2.2.jar;C:\Users\iamf_\.m2\repository\io\micrometer\context-propagation\1.1.0\context-propagation-1.1.0.jar;C:\Users\iamf_\.m2\repository\aopalliance\aopalliance\1.0\aopalliance-1.0.jar;C:\Users\iamf_\.m2\repository\org\slf4j\slf4j-api\2.0.11\slf4j-api-2.0.11.jar;C:\Users\iamf_\.m2\repository\io\zipkin\brave\brave\5.16.0\brave-5.16.0.jar;C:\Users\iamf_\.m2\repository\io\zipkin\brave\brave-context-slf4j\5.16.0\brave-context-slf4j-5.16.0.jar;C:\Users\iamf_\.m2\repository\io\zipkin\brave\brave-instrumentation-http\5.16.0\brave-instrumentation-http-5.16.0.jar;C:\Users\iamf_\.m2\repository\io\zipkin\aws\brave-propagation-aws\0.23.5\brave-propagation-aws-0.23.5.jar;C:\Users\iamf_\.m2\repository\io\zipkin\reporter2\zipkin-reporter-brave\2.16.3\zipkin-reporter-brave-2.16.3.jar;C:\Users\iamf_\.m2\repository\io\zipkin\reporter2\zipkin-reporter\2.16.3\zipkin-reporter-2.16.3.jar;C:\Users\iamf_\.m2\repository\io\zipkin\zipkin2\zipkin\2.23.2\zipkin-2.23.2.jar;C:\Users\iamf_\.m2\repository\org\springframework\boot\spring-boot-starter-actuator\3.2.2\spring-boot-starter-actuator-3.2.2.jar;C:\Users\iamf_\.m2\repository\org\springframework\boot\spring-boot-actuator-autoconfigure\3.2.2\spring-boot-actuator-autoconfigure-3.2.2.jar;C:\Users\iamf_\.m2\repository\org\springframework\boot\spring-boot-actuator\3.2.2\spring-boot-actuator-3.2.2.jar;C:\Users\iamf_\.m2\repository\io\micrometer\micrometer-observation\1.12.2\micrometer-observation-1.12.2.jar;C:\Users\iamf_\.m2\repository\io\micrometer\micrometer-commons\1.12.2\micrometer-commons-1.12.2.jar;C:\Users\iamf_\.m2\repository\io\micrometer\micrometer-jakarta9\1.12.2\micrometer-jakarta9-1.12.2.jar;C:\Users\iamf_\.m2\repository\io\micrometer\micrometer-core\1.12.2\micrometer-core-1.12.2.jar;C:\Users\iamf_\.m2\repository\org\hdrhistogram\HdrHistogram\2.1.12\HdrHistogram-2.1.12.jar;C:\Users\iamf_\.m2\repository\org\latencyutils\LatencyUtils\2.0.3\LatencyUtils-2.0.3.jar
Launcher Type: SUN_STANDARD

[Global flags]
     intx CICompilerCount                          = 3                                         {product} {ergonomic}
     uint ConcGCThreads                            = 1                                         {product} {ergonomic}
     uint G1ConcRefinementThreads                  = 4                                         {product} {ergonomic}
   size_t G1HeapRegionSize                         = 2097152                                   {product} {ergonomic}
    uintx GCDrainStackTargetSize                   = 64                                        {product} {ergonomic}
   size_t InitialHeapSize                          = 268435456                                 {product} {ergonomic}
   size_t MarkStackSize                            = 4194304                                   {product} {ergonomic}
   size_t MaxHeapSize                              = 4263510016                                {product} {ergonomic}
   size_t MaxNewSize                               = 2556428288                                {product} {ergonomic}
   size_t MinHeapDeltaBytes                        = 2097152                                   {product} {ergonomic}
   size_t MinHeapSize                              = 8388608                                   {product} {ergonomic}
    uintx NonNMethodCodeHeapSize                   = 5832780                                {pd product} {ergonomic}
    uintx NonProfiledCodeHeapSize                  = 122912730                              {pd product} {ergonomic}
    uintx ProfiledCodeHeapSize                     = 122912730                              {pd product} {ergonomic}
    uintx ReservedCodeCacheSize                    = 251658240                              {pd product} {ergonomic}
     bool SegmentedCodeCache                       = true                                      {product} {ergonomic}
   size_t SoftMaxHeapSize                          = 4263510016                             {manageable} {ergonomic}
     bool UseCompressedClassPointers               = true                           {product lp64_product} {ergonomic}
     bool UseCompressedOops                        = true                           {product lp64_product} {ergonomic}
     bool UseG1GC                                  = true                                      {product} {ergonomic}
     bool UseLargePagesIndividualAllocation        = false                                  {pd product} {ergonomic}

Logging:
Log output configuration:
 #0: stdout all=warning uptime,level,tags foldmultilines=false
 #1: stderr all=off uptime,level,tags foldmultilines=false

Environment Variables:
JAVA_HOME=C:\Program Files\Java\jdk-17
PATH=C:\Program Files\Common Files\Oracle\Java\javapath;C:\Program Files\Microsoft MPI\Bin\;C:\Program Files (x86)\Intel\iCLS Client\;C:\Program Files (x86)\Common Files\Intel\Shared Libraries\redist\ia32\mpirt;C:\Program Files (x86)\Common Files\Intel\Shared Libraries\redist\ia32\compiler;C:\Program Files\Intel\iCLS Client\;C:\WINDOWS\system32;C:\WINDOWS;C:\WINDOWS\System32\Wbem;C:\WINDOWS\System32\WindowsPowerShell\v1.0\;C:\Program Files\Microsoft SQL Server\Client SDK\ODBC\110\Tools\Binn\;C:\Program Files (x86)\Windows Kits\8.1\Windows Performance Toolkit\;C:\Program Files (x86)\Intel\Intel(R) Management Engine Components\DAL;C:\Program Files\Intel\Intel(R) Management Engine Components\DAL;C:\Program Files (x86)\Intel\Intel(R) Management Engine Components\IPT;C:\Program Files\Intel\Intel(R) Management Engine Components\IPT;C:\Program Files\Microsoft SQL Server\Client SDK\ODBC\130\Tools\Binn\;C:\WINDOWS\System32\OpenSSH\;C:\Program Files\Intel\WiFi\bin\;C:\Program Files\Common Files\Intel\WirelessCommon\;C:\Program Files\Microsoft SQL Server\Client SDK\ODBC\170\Tools\Binn\;C:\Program Files (x86)\Microsoft SQL Server\150\Tools\Binn\;C:\Program Files\Microsoft SQL Server\150\Tools\Binn\;C:\Program Files\Microsoft SQL Server\150\DTS\Binn\;C:\Program Files (x86)\Microsoft SQL Server\150\DTS\Binn\;D:\Programs Files\Git\cmd;C:\Program Files\nodejs\;D:\Programs\Maven\apache-maven-3.9.6\bin;C:\Program Files\Java\jdk-17\bin;C:\Users\iamf_\AppData\Local\Programs\Python\Python39\Scripts\;C:\Users\iamf_\AppData\Local\Programs\Python\Python39\;C:\Users\iamf_\AppData\Local\Microsoft\WindowsApps;;C:\Users\iamf_\AppData\Local\Programs\Microsoft VS Code\bin;C:\Users\iamf_\AppData\Roaming\npm
USERNAME=iamf_
OS=Windows_NT
PROCESSOR_IDENTIFIER=Intel64 Family 6 Model 142 Stepping 9, GenuineIntel
TMP=C:\Users\iamf_\AppData\Local\Temp
TEMP=C:\Users\iamf_\AppData\Local\Temp



---------------  S Y S T E M  ---------------

OS:
 Windows 10 , 64 bit Build 19041 (10.0.19041.3636)
OS uptime: 5 days 0:34 hours
Hyper-V role detected

CPU: total 4 (initial active 4) (2 cores per cpu, 2 threads per core) family 6 model 142 stepping 9 microcode 0xde, cx8, cmov, fxsr, ht, mmx, 3dnowpref, sse, sse2, sse3, ssse3, sse4.1, sse4.2, popcnt, lzcnt, tsc, tscinvbit, avx, avx2, aes, erms, clmul, bmi1, bmi2, adx, fma, vzeroupper, clflush, clflushopt, hv, rdtscp

Memory: 4k page, system-wide physical 16256M (2834M free)
TotalPageFile size 19502M (AvailPageFile size 33M)
current process WorkingSet (physical memory assigned to process): 312M, peak: 314M
current process commit charge ("private bytes"): 341M, peak: 399M

vm_info: Java HotSpot(TM) 64-Bit Server VM (19.0.1+10-21) for windows-amd64 JRE (19.0.1+10-21), built on 2022-09-14T12:45:06Z by "mach5one" with MS VC++ 17.1 (VS2022)

END.
